#
# There is insufficient memory for the Java Runtime Environment to continue.
# Native memory allocation (mmap) failed to map 130023424 bytes for G1 virtual space
# Possible reasons:
#   The system is out of physical RAM or swap space
#   The process is running with CompressedOops enabled, and the Java Heap may be blocking the growth of the native heap
# Possible solutions:
#   Reduce memory load on the system
#   Increase physical memory or swap space
#   Check if swap backing store is full
#   Decrease Java heap size (-Xmx/-Xms)
#   Decrease number of Java threads
#   Decrease Java thread stack sizes (-Xss)
#   Set larger code cache with -XX:ReservedCodeCacheSize=
#   JVM is running with Unscaled Compressed Oops mode in which the Java heap is
#     placed in the first 4GB address space. The Java Heap base address is the
#     maximum limit for the native heap growth. Please use -XX:HeapBaseMinAddress
#     to set the Java Heap base and to place the Java Heap above 4GB virtual address.
# This output file may be truncated or incomplete.
#
#  Out of Memory Error (os_windows.cpp:3528), pid=20668, tid=21188
#
# JRE version: Java(TM) SE Runtime Environment (20.0.1+9) (build 20.0.1+9-29)
# Java VM: Java HotSpot(TM) 64-Bit Server VM (20.0.1+9-29, mixed mode, sharing, tiered, compressed oops, compressed class ptrs, g1 gc, windows-amd64)
# No core dump will be written. Minidumps are not enabled by default on client versions of Windows
#

---------------  S U M M A R Y ------------

Command Line: -Dfile.encoding=UTF-8 --module-path=C:\Users\Pratiksha\Desktop\University Management System\build\classes university.management.system.Splash

Host: 11th Gen Intel(R) Core(TM) i5-1135G7 @ 2.40GHz, 8 cores, 7G,  Windows 11 , 64 bit Build 22621 (10.0.22621.3958)
Time: Wed Aug 28 19:29:16 2024 India Standard Time elapsed time: 2.268764 seconds (0d 0h 0m 2s)

---------------  T H R E A D  ---------------

Current thread (0x000001dcd1cab3e0):  VMThread "VM Thread" [stack: 0x000000bc0af00000,0x000000bc0b000000] [id=21188]

Stack: [0x000000bc0af00000,0x000000bc0b000000]
Native frames: (J=compiled Java code, j=interpreted, Vv=VM code, C=native code)
V  [jvm.dll+0x6bb95a]
V  [jvm.dll+0x8485fa]
V  [jvm.dll+0x84a1f5]
V  [jvm.dll+0x84a8f3]
V  [jvm.dll+0x280b0f]
V  [jvm.dll+0x6b86e9]
V  [jvm.dll+0x6ad2da]
V  [jvm.dll+0x35adf5]
V  [jvm.dll+0x363016]
V  [jvm.dll+0x3b3b3e]
V  [jvm.dll+0x3b3dc5]
V  [jvm.dll+0x32b50a]
V  [jvm.dll+0x32b5b7]
V  [jvm.dll+0x373942]
V  [jvm.dll+0x372140]
V  [jvm.dll+0x32ac51]
V  [jvm.dll+0x371b58]
V  [jvm.dll+0x85023e]
V  [jvm.dll+0x851351]
V  [jvm.dll+0x851859]
V  [jvm.dll+0x851ad3]
V  [jvm.dll+0x7f4b56]
V  [jvm.dll+0x6ba5cb]
C  [ucrtbase.dll+0x29333]
C  [KERNEL32.DLL+0x1257d]
C  [ntdll.dll+0x5af28]

VM_Operation (0x000000bc0c7fd8c8): G1TryInitiateConcMark, mode: safepoint, requested by thread 0x000001dcd7a23ae0


---------------  P R O C E S S  ---------------

Threads class SMR info:
_java_thread_list=0x000001dcd67d4270, length=17, elements={
0x000001dcb5762a60, 0x000001dcd1cc8380, 0x000001dcd1cc9020, 0x000001dcd1ccc6f0,
0x000001dcd1ccd120, 0x000001dcd1ccdb50, 0x000001dcd1cd15a0, 0x000001dcd1cda310,
0x000001dcd1cec240, 0x000001dcd64f88e0, 0x000001dcd658b170, 0x000001dcd665df80,
0x000001dcd665e4d0, 0x000001dcd675a070, 0x000001dcd67f46c0, 0x000001dcd7aa9580,
0x000001dcd7a23ae0
}

Java Threads: ( => current thread )
  0x000001dcb5762a60 JavaThread "main" [_thread_blocked, id=5640, stack(0x000000bc0a900000,0x000000bc0aa00000)]
  0x000001dcd1cc8380 JavaThread "Reference Handler" daemon [_thread_blocked, id=20936, stack(0x000000bc0b000000,0x000000bc0b100000)]
  0x000001dcd1cc9020 JavaThread "Finalizer" daemon [_thread_blocked, id=16172, stack(0x000000bc0b100000,0x000000bc0b200000)]
  0x000001dcd1ccc6f0 JavaThread "Signal Dispatcher" daemon [_thread_blocked, id=9332, stack(0x000000bc0b200000,0x000000bc0b300000)]
  0x000001dcd1ccd120 JavaThread "Attach Listener" daemon [_thread_blocked, id=20768, stack(0x000000bc0b300000,0x000000bc0b400000)]
  0x000001dcd1ccdb50 JavaThread "Service Thread" daemon [_thread_blocked, id=19808, stack(0x000000bc0b400000,0x000000bc0b500000)]
  0x000001dcd1cd15a0 JavaThread "Monitor Deflation Thread" daemon [_thread_blocked, id=19160, stack(0x000000bc0b500000,0x000000bc0b600000)]
  0x000001dcd1cda310 JavaThread "C2 CompilerThread0" daemon [_thread_blocked, id=720, stack(0x000000bc0b600000,0x000000bc0b700000)]
  0x000001dcd1cec240 JavaThread "C1 CompilerThread0" daemon [_thread_blocked, id=20468, stack(0x000000bc0b700000,0x000000bc0b800000)]
  0x000001dcd64f88e0 JavaThread "Common-Cleaner" daemon [_thread_blocked, id=6876, stack(0x000000bc0b800000,0x000000bc0b900000)]
  0x000001dcd658b170 JavaThread "Notification Thread" daemon [_thread_blocked, id=21160, stack(0x000000bc0b900000,0x000000bc0ba00000)]
  0x000001dcd665df80 JavaThread "Java2D Disposer" daemon [_thread_blocked, id=11416, stack(0x000000bc0bb00000,0x000000bc0bc00000)]
  0x000001dcd665e4d0 JavaThread "AWT-Shutdown" [_thread_blocked, id=21240, stack(0x000000bc0bc00000,0x000000bc0bd00000)]
  0x000001dcd675a070 JavaThread "AWT-Windows" daemon [_thread_in_native, id=19220, stack(0x000000bc0bd00000,0x000000bc0be00000)]
  0x000001dcd67f46c0 JavaThread "Image Fetcher 0" daemon [_thread_blocked, id=18208, stack(0x000000bc0be00000,0x000000bc0bf00000)]
  0x000001dcd7aa9580 JavaThread "Thread-0" [_thread_blocked, id=6952, stack(0x000000bc0c600000,0x000000bc0c700000)]
  0x000001dcd7a23ae0 JavaThread "AWT-EventQueue-0" [_thread_blocked, id=21308, stack(0x000000bc0c700000,0x000000bc0c800000)]

Other Threads:
=>0x000001dcd1cab3e0 VMThread "VM Thread" [stack: 0x000000bc0af00000,0x000000bc0b000000] [id=21188]
  0x000001dcd659b6a0 WatcherThread "VM Periodic Task Thread" [stack: 0x000000bc0ba00000,0x000000bc0bb00000] [id=3384]
  0x000001dcb57bf260 WorkerThread "GC Thread#0" [stack: 0x000000bc0aa00000,0x000000bc0ab00000] [id=14932]
  0x000001dcd7a66110 WorkerThread "GC Thread#1" [stack: 0x000000bc0bf00000,0x000000bc0c000000] [id=20596]
  0x000001dcd7a663e0 WorkerThread "GC Thread#2" [stack: 0x000000bc0c000000,0x000000bc0c100000] [id=9160]
  0x000001dcd7a686c0 WorkerThread "GC Thread#3" [stack: 0x000000bc0c100000,0x000000bc0c200000] [id=256]
  0x000001dcd7a9a2d0 WorkerThread "GC Thread#4" [stack: 0x000000bc0c200000,0x000000bc0c300000] [id=20680]
  0x000001dcd7a98f20 WorkerThread "GC Thread#5" [stack: 0x000000bc0c300000,0x000000bc0c400000] [id=17224]
  0x000001dcd7a9ab40 WorkerThread "GC Thread#6" [stack: 0x000000bc0c400000,0x000000bc0c500000] [id=13236]
  0x000001dcd7a9a870 WorkerThread "GC Thread#7" [stack: 0x000000bc0c500000,0x000000bc0c600000] [id=18368]
  0x000001dcb57cf890 ConcurrentGCThread "G1 Main Marker" [stack: 0x000000bc0ab00000,0x000000bc0ac00000] [id=19284]
  0x000001dcb57d01c0 WorkerThread "G1 Conc#0" [stack: 0x000000bc0ac00000,0x000000bc0ad00000] [id=10180]
  0x000001dcd1b6a020 ConcurrentGCThread "G1 Refine#0" [stack: 0x000000bc0ad00000,0x000000bc0ae00000] [id=13136]
  0x000001dcd1b6a8d0 ConcurrentGCThread "G1 Service" [stack: 0x000000bc0ae00000,0x000000bc0af00000] [id=19412]

Threads with active compile tasks:

VM state: at safepoint (normal execution)

VM Mutex/Monitor currently owned by a thread:  ([mutex/lock_event])
[0x000001dcb5761910] Threads_lock - owner thread: 0x000001dcd1cab3e0
[0x000001dcb5760680] Heap_lock - owner thread: 0x000001dcd7a23ae0

Heap address: 0x0000000085000000, size: 1968 MB, Compressed Oops mode: 32-bit

CDS archive(s) mapped at: [0x0000000800000000-0x0000000800c60000-0x0000000800c60000), size 12976128, SharedBaseAddress: 0x0000000800000000, ArchiveRelocationMode: 0.
Compressed class space mapped at: 0x0000000801000000-0x0000000841000000, reserved size: 1073741824
Narrow klass base: 0x0000000800000000, Narrow klass shift: 0, Narrow klass range: 0x100000000

GC Precious Log:
 CardTable entry size: 512
 Card Set container configuration: InlinePtr #cards 5 size 8 Array Of Cards #cards 12 size 40 Howl #buckets 4 coarsen threshold 1843 Howl Bitmap #cards 512 size 80 coarsen threshold 460 Card regions per heap region 1 cards per card region 2048
 CPUs: 8 total, 8 available
 Memory: 7871M
 Large Page Support: Disabled
 NUMA Support: Disabled
 Compressed Oops: Enabled (32-bit)
 Heap Region Size: 1M
 Heap Min Capacity: 8M
 Heap Initial Capacity: 124M
 Heap Max Capacity: 1968M
 Pre-touch: Disabled
 Parallel Workers: 8
 Concurrent Workers: 2
 Concurrent Refinement Workers: 8
 Periodic GC: Disabled

Heap:
 garbage-first heap   total 126976K, used 42745K [0x0000000085000000, 0x0000000100000000)
  region size 1024K, 3 young (3072K), 3 survivors (3072K)
 Metaspace       used 7010K, committed 7232K, reserved 1114112K
  class space    used 717K, committed 832K, reserved 1048576K

Heap Regions: E=young(eden), S=young(survivor), O=old, HS=humongous(starts), HC=humongous(continues), CS=collection set, F=free, OA=open archive, CA=closed archive, TAMS=top-at-mark-start, PB=parsable bottom
|   0|0x0000000085000000, 0x0000000085100000, 0x0000000085100000|100%|HS|  |TAMS 0x0000000085100000| PB 0x0000000085000000| Complete 
|   1|0x0000000085100000, 0x0000000085200000, 0x0000000085200000|100%|HC|  |TAMS 0x0000000085200000| PB 0x0000000085100000| Complete 
|   2|0x0000000085200000, 0x0000000085300000, 0x0000000085300000|100%|HC|  |TAMS 0x0000000085300000| PB 0x0000000085200000| Complete 
|   3|0x0000000085300000, 0x0000000085400000, 0x0000000085400000|100%|HC|  |TAMS 0x0000000085400000| PB 0x0000000085300000| Complete 
|   4|0x0000000085400000, 0x0000000085500000, 0x0000000085500000|100%|HC|  |TAMS 0x0000000085500000| PB 0x0000000085400000| Complete 
|   5|0x0000000085500000, 0x0000000085600000, 0x0000000085600000|100%|HC|  |TAMS 0x0000000085600000| PB 0x0000000085500000| Complete 
|   6|0x0000000085600000, 0x0000000085700000, 0x0000000085700000|100%|HC|  |TAMS 0x0000000085700000| PB 0x0000000085600000| Complete 
|   7|0x0000000085700000, 0x0000000085800000, 0x0000000085800000|100%|HC|  |TAMS 0x0000000085800000| PB 0x0000000085700000| Complete 
|   8|0x0000000085800000, 0x0000000085900000, 0x0000000085900000|100%|HC|  |TAMS 0x0000000085900000| PB 0x0000000085800000| Complete 
|   9|0x0000000085900000, 0x0000000085a00000, 0x0000000085a00000|100%|HC|  |TAMS 0x0000000085a00000| PB 0x0000000085900000| Complete 
|  10|0x0000000085a00000, 0x0000000085b00000, 0x0000000085b00000|100%|HC|  |TAMS 0x0000000085b00000| PB 0x0000000085a00000| Complete 
|  11|0x0000000085b00000, 0x0000000085c00000, 0x0000000085c00000|100%|HC|  |TAMS 0x0000000085c00000| PB 0x0000000085b00000| Complete 
|  12|0x0000000085c00000, 0x0000000085d00000, 0x0000000085d00000|100%|HC|  |TAMS 0x0000000085d00000| PB 0x0000000085c00000| Complete 
|  13|0x0000000085d00000, 0x0000000085e00000, 0x0000000085e00000|100%|HC|  |TAMS 0x0000000085e00000| PB 0x0000000085d00000| Complete 
|  14|0x0000000085e00000, 0x0000000085f00000, 0x0000000085f00000|100%|HC|  |TAMS 0x0000000085f00000| PB 0x0000000085e00000| Complete 
|  15|0x0000000085f00000, 0x0000000086000000, 0x0000000086000000|100%|HC|  |TAMS 0x0000000086000000| PB 0x0000000085f00000| Complete 
|  16|0x0000000086000000, 0x0000000086100000, 0x0000000086100000|100%|HC|  |TAMS 0x0000000086100000| PB 0x0000000086000000| Complete 
|  17|0x0000000086100000, 0x0000000086200000, 0x0000000086200000|100%|HC|  |TAMS 0x0000000086200000| PB 0x0000000086100000| Complete 
|  18|0x0000000086200000, 0x0000000086300000, 0x0000000086300000|100%|HC|  |TAMS 0x0000000086300000| PB 0x0000000086200000| Complete 
|  19|0x0000000086300000, 0x0000000086400000, 0x0000000086400000|100%|HC|  |TAMS 0x0000000086400000| PB 0x0000000086300000| Complete 
|  20|0x0000000086400000, 0x0000000086500000, 0x0000000086500000|100%|HC|  |TAMS 0x0000000086500000| PB 0x0000000086400000| Complete 
|  21|0x0000000086500000, 0x0000000086600000, 0x0000000086600000|100%|HC|  |TAMS 0x0000000086600000| PB 0x0000000086500000| Complete 
|  22|0x0000000086600000, 0x0000000086700000, 0x0000000086700000|100%|HC|  |TAMS 0x0000000086700000| PB 0x0000000086600000| Complete 
|  23|0x0000000086700000, 0x0000000086800000, 0x0000000086800000|100%|HC|  |TAMS 0x0000000086800000| PB 0x0000000086700000| Complete 
|  24|0x0000000086800000, 0x0000000086900000, 0x0000000086900000|100%|HC|  |TAMS 0x0000000086900000| PB 0x0000000086800000| Complete 
|  25|0x0000000086900000, 0x0000000086a00000, 0x0000000086a00000|100%|HC|  |TAMS 0x0000000086a00000| PB 0x0000000086900000| Complete 
|  26|0x0000000086a00000, 0x0000000086b00000, 0x0000000086b00000|100%|HC|  |TAMS 0x0000000086b00000| PB 0x0000000086a00000| Complete 
|  27|0x0000000086b00000, 0x0000000086c00000, 0x0000000086c00000|100%|HC|  |TAMS 0x0000000086c00000| PB 0x0000000086b00000| Complete 
|  28|0x0000000086c00000, 0x0000000086d00000, 0x0000000086d00000|100%|HC|  |TAMS 0x0000000086d00000| PB 0x0000000086c00000| Complete 
|  29|0x0000000086d00000, 0x0000000086e00000, 0x0000000086e00000|100%|HC|  |TAMS 0x0000000086e00000| PB 0x0000000086d00000| Complete 
|  30|0x0000000086e00000, 0x0000000086f00000, 0x0000000086f00000|100%|HC|  |TAMS 0x0000000086f00000| PB 0x0000000086e00000| Complete 
|  31|0x0000000086f00000, 0x0000000087000000, 0x0000000087000000|100%|HC|  |TAMS 0x0000000087000000| PB 0x0000000086f00000| Complete 
|  32|0x0000000087000000, 0x0000000087100000, 0x0000000087100000|100%|HS|  |TAMS 0x0000000087100000| PB 0x0000000087000000| Complete 
|  33|0x0000000087100000, 0x0000000087200000, 0x0000000087200000|100%|HC|  |TAMS 0x0000000087200000| PB 0x0000000087100000| Complete 
|  34|0x0000000087200000, 0x0000000087300000, 0x0000000087300000|100%|HC|  |TAMS 0x0000000087300000| PB 0x0000000087200000| Complete 
|  35|0x0000000087300000, 0x0000000087300000, 0x0000000087400000|  0%| F|  |TAMS 0x0000000087300000| PB 0x0000000087300000| Untracked 
|  36|0x0000000087400000, 0x0000000087400000, 0x0000000087500000|  0%| F|  |TAMS 0x0000000087400000| PB 0x0000000087400000| Untracked 
|  37|0x0000000087500000, 0x0000000087500000, 0x0000000087600000|  0%| F|  |TAMS 0x0000000087500000| PB 0x0000000087500000| Untracked 
|  38|0x0000000087600000, 0x0000000087600000, 0x0000000087700000|  0%| F|  |TAMS 0x0000000087600000| PB 0x0000000087600000| Untracked 
|  39|0x0000000087700000, 0x0000000087700000, 0x0000000087800000|  0%| F|  |TAMS 0x0000000087700000| PB 0x0000000087700000| Untracked 
|  40|0x0000000087800000, 0x0000000087800000, 0x0000000087900000|  0%| F|  |TAMS 0x0000000087800000| PB 0x0000000087800000| Untracked 
|  41|0x0000000087900000, 0x0000000087900000, 0x0000000087a00000|  0%| F|  |TAMS 0x0000000087900000| PB 0x0000000087900000| Untracked 
|  42|0x0000000087a00000, 0x0000000087a00000, 0x0000000087b00000|  0%| F|  |TAMS 0x0000000087a00000| PB 0x0000000087a00000| Untracked 
|  43|0x0000000087b00000, 0x0000000087b00000, 0x0000000087c00000|  0%| F|  |TAMS 0x0000000087b00000| PB 0x0000000087b00000| Untracked 
|  44|0x0000000087c00000, 0x0000000087c00000, 0x0000000087d00000|  0%| F|  |TAMS 0x0000000087c00000| PB 0x0000000087c00000| Untracked 
|  45|0x0000000087d00000, 0x0000000087d00000, 0x0000000087e00000|  0%| F|  |TAMS 0x0000000087d00000| PB 0x0000000087d00000| Untracked 
|  46|0x0000000087e00000, 0x0000000087e00000, 0x0000000087f00000|  0%| F|  |TAMS 0x0000000087e00000| PB 0x0000000087e00000| Untracked 
|  47|0x0000000087f00000, 0x0000000087f00000, 0x0000000088000000|  0%| F|  |TAMS 0x0000000087f00000| PB 0x0000000087f00000| Untracked 
|  48|0x0000000088000000, 0x0000000088000000, 0x0000000088100000|  0%| F|  |TAMS 0x0000000088000000| PB 0x0000000088000000| Untracked 
|  49|0x0000000088100000, 0x0000000088200000, 0x0000000088200000|100%|HS|  |TAMS 0x0000000088200000| PB 0x0000000088100000| Complete 
|  50|0x0000000088200000, 0x0000000088300000, 0x0000000088300000|100%|HC|  |TAMS 0x0000000088300000| PB 0x0000000088200000| Complete 
|  51|0x0000000088300000, 0x0000000088300000, 0x0000000088400000|  0%| F|  |TAMS 0x0000000088300000| PB 0x0000000088300000| Untracked 
|  52|0x0000000088400000, 0x0000000088400000, 0x0000000088500000|  0%| F|  |TAMS 0x0000000088400000| PB 0x0000000088400000| Untracked 
|  53|0x0000000088500000, 0x0000000088600000, 0x0000000088600000|100%|HS|  |TAMS 0x0000000088600000| PB 0x0000000088500000| Complete 
|  54|0x0000000088600000, 0x0000000088700000, 0x0000000088700000|100%|HC|  |TAMS 0x0000000088700000| PB 0x0000000088600000| Complete 
|  55|0x0000000088700000, 0x0000000088700000, 0x0000000088800000|  0%| F|  |TAMS 0x0000000088700000| PB 0x0000000088700000| Untracked 
|  56|0x0000000088800000, 0x0000000088800000, 0x0000000088900000|  0%| F|  |TAMS 0x0000000088800000| PB 0x0000000088800000| Untracked 
|  57|0x0000000088900000, 0x0000000088900000, 0x0000000088a00000|  0%| F|  |TAMS 0x0000000088900000| PB 0x0000000088900000| Untracked 
|  58|0x0000000088a00000, 0x0000000088a00000, 0x0000000088b00000|  0%| F|  |TAMS 0x0000000088a00000| PB 0x0000000088a00000| Untracked 
|  59|0x0000000088b00000, 0x0000000088b00000, 0x0000000088c00000|  0%| F|  |TAMS 0x0000000088b00000| PB 0x0000000088b00000| Untracked 
|  60|0x0000000088c00000, 0x0000000088c00000, 0x0000000088d00000|  0%| F|  |TAMS 0x0000000088c00000| PB 0x0000000088c00000| Untracked 
|  61|0x0000000088d00000, 0x0000000088d00000, 0x0000000088e00000|  0%| F|  |TAMS 0x0000000088d00000| PB 0x0000000088d00000| Untracked 
|  62|0x0000000088e00000, 0x0000000088e00000, 0x0000000088f00000|  0%| F|  |TAMS 0x0000000088e00000| PB 0x0000000088e00000| Untracked 
|  63|0x0000000088f00000, 0x0000000088f00000, 0x0000000089000000|  0%| F|  |TAMS 0x0000000088f00000| PB 0x0000000088f00000| Untracked 
|  64|0x0000000089000000, 0x0000000089000000, 0x0000000089100000|  0%| F|  |TAMS 0x0000000089000000| PB 0x0000000089000000| Untracked 
|  65|0x0000000089100000, 0x0000000089100000, 0x0000000089200000|  0%| F|  |TAMS 0x0000000089100000| PB 0x0000000089100000| Untracked 
|  66|0x0000000089200000, 0x0000000089200000, 0x0000000089300000|  0%| F|  |TAMS 0x0000000089200000| PB 0x0000000089200000| Untracked 
|  67|0x0000000089300000, 0x0000000089300000, 0x0000000089400000|  0%| F|  |TAMS 0x0000000089300000| PB 0x0000000089300000| Untracked 
|  68|0x0000000089400000, 0x0000000089400000, 0x0000000089500000|  0%| F|  |TAMS 0x0000000089400000| PB 0x0000000089400000| Untracked 
|  69|0x0000000089500000, 0x0000000089500000, 0x0000000089600000|  0%| F|  |TAMS 0x0000000089500000| PB 0x0000000089500000| Untracked 
|  70|0x0000000089600000, 0x0000000089600000, 0x0000000089700000|  0%| F|  |TAMS 0x0000000089600000| PB 0x0000000089600000| Untracked 
|  71|0x0000000089700000, 0x0000000089700000, 0x0000000089800000|  0%| F|  |TAMS 0x0000000089700000| PB 0x0000000089700000| Untracked 
|  72|0x0000000089800000, 0x0000000089800000, 0x0000000089900000|  0%| F|  |TAMS 0x0000000089800000| PB 0x0000000089800000| Untracked 
|  73|0x0000000089900000, 0x0000000089900000, 0x0000000089a00000|  0%| F|  |TAMS 0x0000000089900000| PB 0x0000000089900000| Untracked 
|  74|0x0000000089a00000, 0x0000000089a00000, 0x0000000089b00000|  0%| F|  |TAMS 0x0000000089a00000| PB 0x0000000089a00000| Untracked 
|  75|0x0000000089b00000, 0x0000000089b00000, 0x0000000089c00000|  0%| F|  |TAMS 0x0000000089b00000| PB 0x0000000089b00000| Untracked 
|  76|0x0000000089c00000, 0x0000000089c00000, 0x0000000089d00000|  0%| F|  |TAMS 0x0000000089c00000| PB 0x0000000089c00000| Untracked 
|  77|0x0000000089d00000, 0x0000000089d00000, 0x0000000089e00000|  0%| F|  |TAMS 0x0000000089d00000| PB 0x0000000089d00000| Untracked 
|  78|0x0000000089e00000, 0x0000000089e00000, 0x0000000089f00000|  0%| F|  |TAMS 0x0000000089e00000| PB 0x0000000089e00000| Untracked 
|  79|0x0000000089f00000, 0x0000000089f00000, 0x000000008a000000|  0%| F|  |TAMS 0x0000000089f00000| PB 0x0000000089f00000| Untracked 
|  80|0x000000008a000000, 0x000000008a000000, 0x000000008a100000|  0%| F|  |TAMS 0x000000008a000000| PB 0x000000008a000000| Untracked 
|  81|0x000000008a100000, 0x000000008a100000, 0x000000008a200000|  0%| F|  |TAMS 0x000000008a100000| PB 0x000000008a100000| Untracked 
|  82|0x000000008a200000, 0x000000008a200000, 0x000000008a300000|  0%| F|  |TAMS 0x000000008a200000| PB 0x000000008a200000| Untracked 
|  83|0x000000008a300000, 0x000000008a300000, 0x000000008a400000|  0%| F|  |TAMS 0x000000008a300000| PB 0x000000008a300000| Untracked 
|  84|0x000000008a400000, 0x000000008a400000, 0x000000008a500000|  0%| F|  |TAMS 0x000000008a400000| PB 0x000000008a400000| Untracked 
|  85|0x000000008a500000, 0x000000008a500000, 0x000000008a600000|  0%| F|  |TAMS 0x000000008a500000| PB 0x000000008a500000| Untracked 
|  86|0x000000008a600000, 0x000000008a600000, 0x000000008a700000|  0%| F|  |TAMS 0x000000008a600000| PB 0x000000008a600000| Untracked 
|  87|0x000000008a700000, 0x000000008a700000, 0x000000008a800000|  0%| F|  |TAMS 0x000000008a700000| PB 0x000000008a700000| Untracked 
|  88|0x000000008a800000, 0x000000008a800000, 0x000000008a900000|  0%| F|  |TAMS 0x000000008a800000| PB 0x000000008a800000| Untracked 
|  89|0x000000008a900000, 0x000000008a900000, 0x000000008aa00000|  0%| F|  |TAMS 0x000000008a900000| PB 0x000000008a900000| Untracked 
|  90|0x000000008aa00000, 0x000000008aa00000, 0x000000008ab00000|  0%| F|  |TAMS 0x000000008aa00000| PB 0x000000008aa00000| Untracked 
|  91|0x000000008ab00000, 0x000000008ab00000, 0x000000008ac00000|  0%| F|  |TAMS 0x000000008ab00000| PB 0x000000008ab00000| Untracked 
|  92|0x000000008ac00000, 0x000000008ac00000, 0x000000008ad00000|  0%| F|  |TAMS 0x000000008ac00000| PB 0x000000008ac00000| Untracked 
|  93|0x000000008ad00000, 0x000000008ad00000, 0x000000008ae00000|  0%| F|  |TAMS 0x000000008ad00000| PB 0x000000008ad00000| Untracked 
|  94|0x000000008ae00000, 0x000000008ae00000, 0x000000008af00000|  0%| F|  |TAMS 0x000000008ae00000| PB 0x000000008ae00000| Untracked 
|  95|0x000000008af00000, 0x000000008af00000, 0x000000008b000000|  0%| F|  |TAMS 0x000000008af00000| PB 0x000000008af00000| Untracked 
|  96|0x000000008b000000, 0x000000008b000000, 0x000000008b100000|  0%| F|  |TAMS 0x000000008b000000| PB 0x000000008b000000| Untracked 
|  97|0x000000008b100000, 0x000000008b100000, 0x000000008b200000|  0%| F|  |TAMS 0x000000008b100000| PB 0x000000008b100000| Untracked 
|  98|0x000000008b200000, 0x000000008b200000, 0x000000008b300000|  0%| F|  |TAMS 0x000000008b200000| PB 0x000000008b200000| Untracked 
|  99|0x000000008b300000, 0x000000008b300000, 0x000000008b400000|  0%| F|  |TAMS 0x000000008b300000| PB 0x000000008b300000| Untracked 
| 100|0x000000008b400000, 0x000000008b400000, 0x000000008b500000|  0%| F|  |TAMS 0x000000008b400000| PB 0x000000008b400000| Untracked 
| 101|0x000000008b500000, 0x000000008b500000, 0x000000008b600000|  0%| F|  |TAMS 0x000000008b500000| PB 0x000000008b500000| Untracked 
| 102|0x000000008b600000, 0x000000008b600000, 0x000000008b700000|  0%| F|  |TAMS 0x000000008b600000| PB 0x000000008b600000| Untracked 
| 103|0x000000008b700000, 0x000000008b700000, 0x000000008b800000|  0%| F|  |TAMS 0x000000008b700000| PB 0x000000008b700000| Untracked 
| 104|0x000000008b800000, 0x000000008b800000, 0x000000008b900000|  0%| F|  |TAMS 0x000000008b800000| PB 0x000000008b800000| Untracked 
| 105|0x000000008b900000, 0x000000008b900000, 0x000000008ba00000|  0%| F|  |TAMS 0x000000008b900000| PB 0x000000008b900000| Untracked 
| 106|0x000000008ba00000, 0x000000008ba00000, 0x000000008bb00000|  0%| F|  |TAMS 0x000000008ba00000| PB 0x000000008ba00000| Untracked 
| 107|0x000000008bb00000, 0x000000008bb00000, 0x000000008bc00000|  0%| F|  |TAMS 0x000000008bb00000| PB 0x000000008bb00000| Untracked 
| 108|0x000000008bc00000, 0x000000008bc00000, 0x000000008bd00000|  0%| F|  |TAMS 0x000000008bc00000| PB 0x000000008bc00000| Untracked 
| 109|0x000000008bd00000, 0x000000008bd00000, 0x000000008be00000|  0%| F|  |TAMS 0x000000008bd00000| PB 0x000000008bd00000| Untracked 
| 110|0x000000008be00000, 0x000000008be00000, 0x000000008bf00000|  0%| F|  |TAMS 0x000000008be00000| PB 0x000000008be00000| Untracked 
| 111|0x000000008bf00000, 0x000000008bf00000, 0x000000008c000000|  0%| F|  |TAMS 0x000000008bf00000| PB 0x000000008bf00000| Untracked 
| 112|0x000000008c000000, 0x000000008c000000, 0x000000008c100000|  0%| F|  |TAMS 0x000000008c000000| PB 0x000000008c000000| Untracked 
| 113|0x000000008c100000, 0x000000008c100000, 0x000000008c200000|  0%| F|  |TAMS 0x000000008c100000| PB 0x000000008c100000| Untracked 
| 114|0x000000008c200000, 0x000000008c200000, 0x000000008c300000|  0%| F|  |TAMS 0x000000008c200000| PB 0x000000008c200000| Untracked 
| 115|0x000000008c300000, 0x000000008c300000, 0x000000008c400000|  0%| F|  |TAMS 0x000000008c300000| PB 0x000000008c300000| Untracked 
| 116|0x000000008c400000, 0x000000008c400000, 0x000000008c500000|  0%| F|  |TAMS 0x000000008c400000| PB 0x000000008c400000| Untracked 
| 117|0x000000008c500000, 0x000000008c500000, 0x000000008c600000|  0%| F|  |TAMS 0x000000008c500000| PB 0x000000008c500000| Untracked 
| 118|0x000000008c600000, 0x000000008c600000, 0x000000008c700000|  0%| F|  |TAMS 0x000000008c600000| PB 0x000000008c600000| Untracked 
| 119|0x000000008c700000, 0x000000008c7be680, 0x000000008c800000| 74%| S|CS|TAMS 0x000000008c700000| PB 0x000000008c700000| Complete 
| 120|0x000000008c800000, 0x000000008c900000, 0x000000008c900000|100%| S|CS|TAMS 0x000000008c800000| PB 0x000000008c800000| Complete 
| 121|0x000000008c900000, 0x000000008ca00000, 0x000000008ca00000|100%| S|CS|TAMS 0x000000008c900000| PB 0x000000008c900000| Complete 
| 122|0x000000008ca00000, 0x000000008ca00000, 0x000000008cb00000|  0%| F|  |TAMS 0x000000008ca00000| PB 0x000000008ca00000| Untracked 
| 123|0x000000008cb00000, 0x000000008cb00000, 0x000000008cc00000|  0%| F|  |TAMS 0x000000008cb00000| PB 0x000000008cb00000| Untracked 

Card table byte_map: [0x000001dcccf20000,0x000001dccd300000] _byte_map_base: 0x000001dcccaf8000

Marking Bits: (CMBitMap*) 0x000001dcb57bf790
 Bits: [0x000001dccd6e0000, 0x000001dccf5a0000)

Polling page: 0x000001dcb4f20000

Metaspace:

Usage:
  Non-class:      6.15 MB used.
      Class:    717.59 KB used.
       Both:      6.85 MB used.

Virtual space:
  Non-class space:       64.00 MB reserved,       6.25 MB ( 10%) committed,  1 nodes.
      Class space:        1.00 GB reserved,     832.00 KB ( <1%) committed,  1 nodes.
             Both:        1.06 GB reserved,       7.06 MB ( <1%) committed. 

Chunk freelists:
   Non-Class:  1.00 MB
       Class:  3.23 MB
        Both:  4.23 MB

MaxMetaspaceSize: unlimited
CompressedClassSpaceSize: 1.00 GB
Initial GC threshold: 21.00 MB
Current GC threshold: 21.00 MB
CDS: on
MetaspaceReclaimPolicy: balanced
 - commit_granule_bytes: 65536.
 - commit_granule_words: 8192.
 - virtual_space_node_default_size: 8388608.
 - enlarge_chunks_in_place: 1.
 - new_chunks_are_fully_committed: 0.
 - uncommit_free_chunks: 1.
 - use_allocation_guard: 0.


Internal statistics:

num_allocs_failed_limit: 0.
num_arena_births: 152.
num_arena_deaths: 0.
num_vsnodes_births: 2.
num_vsnodes_deaths: 0.
num_space_committed: 113.
num_space_uncommitted: 0.
num_chunks_returned_to_freelist: 0.
num_chunks_taken_from_freelist: 189.
num_chunk_merges: 0.
num_chunk_splits: 110.
num_chunks_enlarged: 43.
num_inconsistent_stats: 0.

CodeHeap 'non-profiled nmethods': size=120000Kb used=347Kb max_used=347Kb free=119652Kb
 bounds [0x000001dcc52e0000, 0x000001dcc5550000, 0x000001dccc810000]
CodeHeap 'profiled nmethods': size=120000Kb used=2052Kb max_used=2052Kb free=117947Kb
 bounds [0x000001dcbd810000, 0x000001dcbda80000, 0x000001dcc4d40000]
CodeHeap 'non-nmethods': size=5760Kb used=1724Kb max_used=1738Kb free=4035Kb
 bounds [0x000001dcc4d40000, 0x000001dcc4fb0000, 0x000001dcc52e0000]
 total_blobs=1834 nmethods=1237 adapters=508
 compilation: enabled
              stopped_count=0, restarted_count=0
 full_count=0

Compilation events (20 events):
Event: 2.240 Thread 0x000001dcd1cec240 1225       3       java.awt.Component::eventEnabled (9 bytes)
Event: 2.240 Thread 0x000001dcd1cec240 nmethod 1225 0x000001dcbda0b710 code [0x000001dcbda0b8a0, 0x000001dcbda0ba68]
Event: 2.244 Thread 0x000001dcd1cec240 1230       3       java.awt.Component::getBounds (5 bytes)
Event: 2.247 Thread 0x000001dcd1cec240 nmethod 1230 0x000001dcbda0bb90 code [0x000001dcbda0bd20, 0x000001dcbda0bed8]
Event: 2.247 Thread 0x000001dcd1cec240 1231       3       java.awt.Component::bounds (24 bytes)
Event: 2.247 Thread 0x000001dcd1cec240 nmethod 1231 0x000001dcbda0bf90 code [0x000001dcbda0c140, 0x000001dcbda0c460]
Event: 2.248 Thread 0x000001dcd1cec240 1232       3       java.lang.ref.ReferenceQueue::remove0 (18 bytes)
Event: 2.248 Thread 0x000001dcd1cec240 nmethod 1232 0x000001dcbda0c590 code [0x000001dcbda0c740, 0x000001dcbda0c9e8]
Event: 2.248 Thread 0x000001dcd1cec240 1233   !   3       java.lang.ref.ReferenceQueue::remove (31 bytes)
Event: 2.248 Thread 0x000001dcd1cec240 nmethod 1233 0x000001dcbda0cb10 code [0x000001dcbda0cd60, 0x000001dcbda0d840]
Event: 2.248 Thread 0x000001dcd1cec240 1234   !   3       sun.java2d.Disposer::safeDispose (19 bytes)
Event: 2.248 Thread 0x000001dcd1cec240 nmethod 1234 0x000001dcbda0dc10 code [0x000001dcbda0ddc0, 0x000001dcbda0e020]
Event: 2.248 Thread 0x000001dcd1cec240 1235       3       sun.java2d.DefaultDisposerRecord::dispose (12 bytes)
Event: 2.248 Thread 0x000001dcd1cec240 nmethod 1235 0x000001dcbda0e190 code [0x000001dcbda0e320, 0x000001dcbda0e460]
Event: 2.249 Thread 0x000001dcd1cec240 1236       3       java.awt.EventQueue::getPriority (78 bytes)
Event: 2.250 Thread 0x000001dcd1cec240 nmethod 1236 0x000001dcbda0e510 code [0x000001dcbda0e6e0, 0x000001dcbda0ed38]
Event: 2.250 Thread 0x000001dcd1cec240 1237       3       java.awt.EventQueue::postEvent (172 bytes)
Event: 2.251 Thread 0x000001dcd1cec240 nmethod 1237 0x000001dcbda0ee10 code [0x000001dcbda0f120, 0x000001dcbda104d0]
Event: 2.261 Thread 0x000001dcd1cec240 1238       3       java.awt.Component::getCursor_NoClientCode (30 bytes)
Event: 2.262 Thread 0x000001dcd1cec240 nmethod 1238 0x000001dcbda10b10 code [0x000001dcbda10ce0, 0x000001dcbda11068]

GC Heap History (13 events):
Event: 0.368 GC heap before
{Heap before GC invocations=0 (full 0):
 garbage-first heap   total 126976K, used 55296K [0x0000000085000000, 0x0000000100000000)
  region size 1024K, 23 young (23552K), 0 survivors (0K)
 Metaspace       used 4672K, committed 4864K, reserved 1114112K
  class space    used 480K, committed 576K, reserved 1048576K
}
Event: 0.372 GC heap after
{Heap after GC invocations=1 (full 0):
 garbage-first heap   total 126976K, used 35264K [0x0000000085000000, 0x0000000100000000)
  region size 1024K, 3 young (3072K), 3 survivors (3072K)
 Metaspace       used 4672K, committed 4864K, reserved 1114112K
  class space    used 480K, committed 576K, reserved 1048576K
}
Event: 1.954 GC heap before
{Heap before GC invocations=1 (full 0):
 garbage-first heap   total 126976K, used 87488K [0x0000000085000000, 0x0000000100000000)
  region size 1024K, 33 young (33792K), 3 survivors (3072K)
 Metaspace       used 6887K, committed 7104K, reserved 1114112K
  class space    used 716K, committed 832K, reserved 1048576K
}
Event: 1.962 GC heap after
{Heap after GC invocations=2 (full 0):
 garbage-first heap   total 126976K, used 59228K [0x0000000085000000, 0x0000000100000000)
  region size 1024K, 3 young (3072K), 3 survivors (3072K)
 Metaspace       used 6887K, committed 7104K, reserved 1114112K
  class space    used 716K, committed 832K, reserved 1048576K
}
Event: 1.982 GC heap before
{Heap before GC invocations=2 (full 0):
 garbage-first heap   total 126976K, used 62300K [0x0000000085000000, 0x0000000100000000)
  region size 1024K, 5 young (5120K), 3 survivors (3072K)
 Metaspace       used 6893K, committed 7104K, reserved 1114112K
  class space    used 717K, committed 832K, reserved 1048576K
}
Event: 1.986 GC heap after
{Heap after GC invocations=3 (full 0):
 garbage-first heap   total 126976K, used 42859K [0x0000000085000000, 0x0000000100000000)
  region size 1024K, 3 young (3072K), 3 survivors (3072K)
 Metaspace       used 6893K, committed 7104K, reserved 1114112K
  class space    used 717K, committed 832K, reserved 1048576K
}
Event: 2.105 GC heap before
{Heap before GC invocations=3 (full 0):
 garbage-first heap   total 126976K, used 60267K [0x0000000085000000, 0x0000000100000000)
  region size 1024K, 5 young (5120K), 3 survivors (3072K)
 Metaspace       used 6914K, committed 7104K, reserved 1114112K
  class space    used 717K, committed 832K, reserved 1048576K
}
Event: 2.110 GC heap after
{Heap after GC invocations=4 (full 0):
 garbage-first heap   total 126976K, used 56950K [0x0000000085000000, 0x0000000100000000)
  region size 1024K, 3 young (3072K), 3 survivors (3072K)
 Metaspace       used 6914K, committed 7104K, reserved 1114112K
  class space    used 717K, committed 832K, reserved 1048576K
}
Event: 2.118 GC heap before
{Heap before GC invocations=4 (full 0):
 garbage-first heap   total 126976K, used 60022K [0x0000000085000000, 0x0000000100000000)
  region size 1024K, 5 young (5120K), 3 survivors (3072K)
 Metaspace       used 6915K, committed 7104K, reserved 1114112K
  class space    used 717K, committed 832K, reserved 1048576K
}
Event: 2.122 GC heap after
{Heap after GC invocations=5 (full 0):
 garbage-first heap   total 126976K, used 42744K [0x0000000085000000, 0x0000000100000000)
  region size 1024K, 3 young (3072K), 3 survivors (3072K)
 Metaspace       used 6915K, committed 7104K, reserved 1114112K
  class space    used 717K, committed 832K, reserved 1048576K
}
Event: 2.244 GC heap before
{Heap before GC invocations=5 (full 0):
 garbage-first heap   total 126976K, used 60152K [0x0000000085000000, 0x0000000100000000)
  region size 1024K, 5 young (5120K), 3 survivors (3072K)
 Metaspace       used 7005K, committed 7232K, reserved 1114112K
  class space    used 717K, committed 832K, reserved 1048576K
}
Event: 2.247 GC heap after
{Heap after GC invocations=6 (full 0):
 garbage-first heap   total 126976K, used 57081K [0x0000000085000000, 0x0000000100000000)
  region size 1024K, 3 young (3072K), 3 survivors (3072K)
 Metaspace       used 7005K, committed 7232K, reserved 1114112K
  class space    used 717K, committed 832K, reserved 1048576K
}
Event: 2.263 GC heap before
{Heap before GC invocations=6 (full 0):
 garbage-first heap   total 126976K, used 60153K [0x0000000085000000, 0x0000000100000000)
  region size 1024K, 5 young (5120K), 3 survivors (3072K)
 Metaspace       used 7010K, committed 7232K, reserved 1114112K
  class space    used 717K, committed 832K, reserved 1048576K
}

Dll operation events (10 events):
Event: 0.007 Loaded shared library C:\Program Files\Java\jdk-20\bin\java.dll
Event: 0.017 Loaded shared library C:\Program Files\Java\jdk-20\bin\jsvml.dll
Event: 0.069 Loaded shared library C:\Program Files\Java\jdk-20\bin\net.dll
Event: 0.070 Loaded shared library C:\Program Files\Java\jdk-20\bin\nio.dll
Event: 0.095 Loaded shared library C:\Program Files\Java\jdk-20\bin\jimage.dll
Event: 0.109 Loaded shared library C:\Program Files\Java\jdk-20\bin\awt.dll
Event: 0.252 Loaded shared library C:\Program Files\Java\jdk-20\bin\zip.dll
Event: 0.286 Loaded shared library C:\Program Files\Java\jdk-20\bin\javajpeg.dll
Event: 0.729 Loaded shared library C:\Program Files\Java\jdk-20\bin\freetype.dll
Event: 0.730 Loaded shared library C:\Program Files\Java\jdk-20\bin\fontmanager.dll

Deoptimization events (20 events):
Event: 0.962 Thread 0x000001dcd7a23ae0 Uncommon trap: trap_request=0xffffffde fr.pc=0x000001dcc5311330 relative=0x0000000000000290
Event: 0.962 Thread 0x000001dcd7a23ae0 Uncommon trap: reason=class_check action=maybe_recompile pc=0x000001dcc5311330 method=java.util.HashMap.getNode(Ljava/lang/Object;)Ljava/util/HashMap$Node; @ 63 c2
Event: 0.962 Thread 0x000001dcd7a23ae0 DEOPT PACKING pc=0x000001dcc5311330 sp=0x000000bc0c7fd650
Event: 0.962 Thread 0x000001dcd7a23ae0 DEOPT UNPACKING pc=0x000001dcc4d5d2a2 sp=0x000000bc0c7fd5b8 mode 2
Event: 0.984 Thread 0x000001dcd7a23ae0 Uncommon trap: trap_request=0xffffffde fr.pc=0x000001dcc5311330 relative=0x0000000000000290
Event: 0.984 Thread 0x000001dcd7a23ae0 Uncommon trap: reason=class_check action=maybe_recompile pc=0x000001dcc5311330 method=java.util.HashMap.getNode(Ljava/lang/Object;)Ljava/util/HashMap$Node; @ 63 c2
Event: 0.984 Thread 0x000001dcd7a23ae0 DEOPT PACKING pc=0x000001dcc5311330 sp=0x000000bc0c7fd650
Event: 0.984 Thread 0x000001dcd7a23ae0 DEOPT UNPACKING pc=0x000001dcc4d5d2a2 sp=0x000000bc0c7fd5b8 mode 2
Event: 1.017 Thread 0x000001dcd7a23ae0 Uncommon trap: trap_request=0xffffffde fr.pc=0x000001dcc5311330 relative=0x0000000000000290
Event: 1.017 Thread 0x000001dcd7a23ae0 Uncommon trap: reason=class_check action=maybe_recompile pc=0x000001dcc5311330 method=java.util.HashMap.getNode(Ljava/lang/Object;)Ljava/util/HashMap$Node; @ 63 c2
Event: 1.017 Thread 0x000001dcd7a23ae0 DEOPT PACKING pc=0x000001dcc5311330 sp=0x000000bc0c7fd650
Event: 1.017 Thread 0x000001dcd7a23ae0 DEOPT UNPACKING pc=0x000001dcc4d5d2a2 sp=0x000000bc0c7fd5b8 mode 2
Event: 1.041 Thread 0x000001dcd7a23ae0 Uncommon trap: trap_request=0xffffffde fr.pc=0x000001dcc5311330 relative=0x0000000000000290
Event: 1.041 Thread 0x000001dcd7a23ae0 Uncommon trap: reason=class_check action=maybe_recompile pc=0x000001dcc5311330 method=java.util.HashMap.getNode(Ljava/lang/Object;)Ljava/util/HashMap$Node; @ 63 c2
Event: 1.042 Thread 0x000001dcd7a23ae0 DEOPT PACKING pc=0x000001dcc5311330 sp=0x000000bc0c7fd650
Event: 1.042 Thread 0x000001dcd7a23ae0 DEOPT UNPACKING pc=0x000001dcc4d5d2a2 sp=0x000000bc0c7fd5b8 mode 2
Event: 1.974 Thread 0x000001dcd675a070 Uncommon trap: trap_request=0xffffff45 fr.pc=0x000001dcc5332730 relative=0x00000000000000b0
Event: 1.974 Thread 0x000001dcd675a070 Uncommon trap: reason=unstable_if action=reinterpret pc=0x000001dcc5332730 method=java.util.concurrent.locks.AbstractQueuedSynchronizer.signalNext(Ljava/util/concurrent/locks/AbstractQueuedSynchronizer$Node;)V @ 10 c2
Event: 1.974 Thread 0x000001dcd675a070 DEOPT PACKING pc=0x000001dcc5332730 sp=0x000000bc0bdfc470
Event: 1.974 Thread 0x000001dcd675a070 DEOPT UNPACKING pc=0x000001dcc4d5d2a2 sp=0x000000bc0bdfc360 mode 2

Classes loaded (20 events):
Event: 0.946 Loading class java/nio/ByteBufferAsCharBufferB
Event: 0.947 Loading class java/nio/ByteBufferAsCharBufferB done
Event: 0.949 Loading class jdk/internal/foreign/MemorySessionImpl
Event: 0.949 Loading class java/lang/foreign/SegmentScope
Event: 0.949 Loading class java/lang/foreign/SegmentScope done
Event: 0.949 Loading class java/lang/foreign/SegmentAllocator
Event: 0.950 Loading class java/lang/foreign/SegmentAllocator done
Event: 0.950 Loading class jdk/internal/foreign/MemorySessionImpl done
Event: 0.954 Loading class sun/font/FontDesignMetrics$KeyReference
Event: 0.954 Loading class sun/font/FontDesignMetrics$KeyReference done
Event: 0.954 Loading class sun/awt/image/BufImgSurfaceManager
Event: 0.954 Loading class sun/awt/image/BufImgSurfaceManager done
Event: 1.951 Loading class java/awt/event/MouseEvent$1
Event: 1.951 Loading class sun/awt/AWTAccessor$MouseEventAccessor
Event: 1.951 Loading class sun/awt/AWTAccessor$MouseEventAccessor done
Event: 1.951 Loading class java/awt/event/MouseEvent$1 done
Event: 1.953 Loading class java/awt/Cursor$CursorDisposer
Event: 1.953 Loading class java/awt/Cursor$CursorDisposer done
Event: 1.969 Loading class java/awt/event/MouseWheelEvent
Event: 1.969 Loading class java/awt/event/MouseWheelEvent done

Classes unloaded (0 events):
No events

Classes redefined (0 events):
No events

Internal exceptions (15 events):
Event: 0.071 Thread 0x000001dcb5762a60 Exception <a 'sun/nio/fs/WindowsException'{0x000000008ca43d70}> (0x000000008ca43d70) 
thrown [s\open\src\hotspot\share\prims\jni.cpp, line 519]
Event: 0.073 Thread 0x000001dcb5762a60 Exception <a 'sun/nio/fs/WindowsException'{0x000000008ca46178}> (0x000000008ca46178) 
thrown [s\open\src\hotspot\share\prims\jni.cpp, line 519]
Event: 0.073 Thread 0x000001dcb5762a60 Exception <a 'sun/nio/fs/WindowsException'{0x000000008ca47088}> (0x000000008ca47088) 
thrown [s\open\src\hotspot\share\prims\jni.cpp, line 519]
Event: 0.101 Thread 0x000001dcb5762a60 Exception <a 'java/lang/ClassNotFoundException'{0x000000008c96e6c8}: sun/awt/resources/spi/awtProvider> (0x000000008c96e6c8) 
thrown [s\open\src\hotspot\share\classfile\systemDictionary.cpp, line 305]
Event: 0.119 Thread 0x000001dcb5762a60 Exception <a 'java/io/FileNotFoundException'{0x000000008c9c6238}> (0x000000008c9c6238) 
thrown [s\open\src\hotspot\share\prims\jni.cpp, line 519]
Event: 0.125 Thread 0x000001dcb5762a60 Exception <a 'java/io/FileNotFoundException'{0x000000008c9f0470}> (0x000000008c9f0470) 
thrown [s\open\src\hotspot\share\prims\jni.cpp, line 519]
Event: 0.187 Thread 0x000001dcb5762a60 Exception <a 'java/lang/NoSuchMethodError'{0x000000008c70f3a0}: 'void java.lang.invoke.DirectMethodHandle$Holder.invokeSpecial(java.lang.Object, java.lang.Object, java.lang.Object)'> (0x000000008c70f3a0) 
thrown [s\open\src\hotspot\share\interpreter\linkResolver.cpp, line 773]
Event: 0.194 Thread 0x000001dcb5762a60 Exception <a 'java/lang/NoSuchMethodError'{0x000000008c739b80}: 'java.lang.Object java.lang.invoke.DirectMethodHandle$Holder.newInvokeSpecial(java.lang.Object, java.lang.Object, java.lang.Object, java.lang.Object, java.lang.Object)'> (0x000000008c739b80) 
thrown [s\open\src\hotspot\share\interpreter\linkResolver.cpp, line 773]
Event: 0.200 Thread 0x000001dcb5762a60 Exception <a 'java/lang/NoSuchMethodError'{0x000000008c76a428}: 'java.lang.Object java.lang.invoke.DirectMethodHandle$Holder.invokeStatic(java.lang.Object, int, java.lang.Object)'> (0x000000008c76a428) 
thrown [s\open\src\hotspot\share\interpreter\linkResolver.cpp, line 773]
Event: 0.221 Thread 0x000001dcb5762a60 Exception <a 'java/lang/ClassNotFoundException'{0x000000008c625e48}: com/sun/swing/internal/plaf/metal/resources/spi/metalProvider> (0x000000008c625e48) 
thrown [s\open\src\hotspot\share\classfile\systemDictionary.cpp, line 305]
Event: 0.222 Thread 0x000001dcb5762a60 Exception <a 'java/lang/ClassNotFoundException'{0x000000008c629da8}: com/sun/swing/internal/plaf/basic/resources/spi/basicProvider> (0x000000008c629da8) 
thrown [s\open\src\hotspot\share\classfile\systemDictionary.cpp, line 305]
Event: 0.231 Thread 0x000001dcb5762a60 Exception <a 'java/lang/NoSuchMethodError'{0x000000008c648f28}: 'int java.lang.invoke.Invokers$Holder.invokeExact_MT(java.lang.Object, java.lang.Object)'> (0x000000008c648f28) 
thrown [s\open\src\hotspot\share\interpreter\linkResolver.cpp, line 773]
Event: 0.287 Thread 0x000001dcd67f46c0 Exception <a 'java/lang/NoSuchMethodError'{0x000000008c415250}: 'java.lang.Object java.lang.invoke.DirectMethodHandle$Holder.newInvokeSpecial(java.lang.Object, java.lang.Object, java.lang.Object, int, int, int, int, int)'> (0x000000008c415250) 
thrown [s\open\src\hotspot\share\interpreter\linkResolver.cpp, line 773]
Event: 0.709 Thread 0x000001dcd675a070 Exception <a 'java/lang/NoSuchMethodError'{0x000000008b8cd040}: 'void java.lang.invoke.DirectMethodHandle$Holder.invokeVirtual(java.lang.Object, java.lang.Object)'> (0x000000008b8cd040) 
thrown [s\open\src\hotspot\share\interpreter\linkResolver.cpp, line 773]
Event: 0.726 Thread 0x000001dcb5762a60 Exception <a 'java/lang/NoSuchMethodError'{0x000000008b88a650}: 'void java.lang.invoke.DirectMethodHandle$Holder.invokeStaticInit(java.lang.Object)'> (0x000000008b88a650) 
thrown [s\open\src\hotspot\share\interpreter\linkResolver.cpp, line 773]

VM Operations (20 events):
Event: 0.372 Executing VM operation: G1CollectForAllocation done
Event: 0.506 Executing VM operation: HandshakeAllThreads
Event: 0.506 Executing VM operation: HandshakeAllThreads done
Event: 0.717 Executing VM operation: HandshakeAllThreads
Event: 0.717 Executing VM operation: HandshakeAllThreads done
Event: 0.934 Executing VM operation: HandshakeAllThreads
Event: 0.935 Executing VM operation: HandshakeAllThreads done
Event: 1.941 Executing VM operation: Cleanup
Event: 1.941 Executing VM operation: Cleanup done
Event: 1.954 Executing VM operation: G1TryInitiateConcMark
Event: 1.962 Executing VM operation: G1TryInitiateConcMark done
Event: 1.982 Executing VM operation: G1TryInitiateConcMark
Event: 1.986 Executing VM operation: G1TryInitiateConcMark done
Event: 2.105 Executing VM operation: G1TryInitiateConcMark
Event: 2.110 Executing VM operation: G1TryInitiateConcMark done
Event: 2.118 Executing VM operation: G1TryInitiateConcMark
Event: 2.122 Executing VM operation: G1TryInitiateConcMark done
Event: 2.244 Executing VM operation: G1TryInitiateConcMark
Event: 2.247 Executing VM operation: G1TryInitiateConcMark done
Event: 2.263 Executing VM operation: G1TryInitiateConcMark

Events (17 events):
Event: 0.018 Thread 0x000001dcb5762a60 Thread added: 0x000001dcb5762a60
Event: 0.032 Thread 0x000001dcd1cc8380 Thread added: 0x000001dcd1cc8380
Event: 0.032 Thread 0x000001dcd1cc9020 Thread added: 0x000001dcd1cc9020
Event: 0.032 Thread 0x000001dcd1ccc6f0 Thread added: 0x000001dcd1ccc6f0
Event: 0.032 Thread 0x000001dcd1ccd120 Thread added: 0x000001dcd1ccd120
Event: 0.032 Thread 0x000001dcd1ccdb50 Thread added: 0x000001dcd1ccdb50
Event: 0.032 Thread 0x000001dcd1cd15a0 Thread added: 0x000001dcd1cd15a0
Event: 0.033 Thread 0x000001dcd1cda310 Thread added: 0x000001dcd1cda310
Event: 0.033 Thread 0x000001dcd1cec240 Thread added: 0x000001dcd1cec240
Event: 0.057 Thread 0x000001dcd64f88e0 Thread added: 0x000001dcd64f88e0
Event: 0.086 Thread 0x000001dcd658b170 Thread added: 0x000001dcd658b170
Event: 0.155 Thread 0x000001dcd665df80 Thread added: 0x000001dcd665df80
Event: 0.156 Thread 0x000001dcd665e4d0 Thread added: 0x000001dcd665e4d0
Event: 0.157 Thread 0x000001dcd675a070 Thread added: 0x000001dcd675a070
Event: 0.236 Thread 0x000001dcd67f46c0 Thread added: 0x000001dcd67f46c0
Event: 0.701 Thread 0x000001dcd7aa9580 Thread added: 0x000001dcd7aa9580
Event: 0.712 Thread 0x000001dcd7a23ae0 Thread added: 0x000001dcd7a23ae0


Dynamic libraries:
0x00007ff6cef40000 - 0x00007ff6cef50000 	C:\Program Files\Java\jdk-20\bin\java.exe
0x00007ffbcfc50000 - 0x00007ffbcfe67000 	C:\WINDOWS\SYSTEM32\ntdll.dll
0x00007ffbce6f0000 - 0x00007ffbce7b4000 	C:\WINDOWS\System32\KERNEL32.DLL
0x00007ffbcd0c0000 - 0x00007ffbcd46d000 	C:\WINDOWS\System32\KERNELBASE.dll
0x00007ffbcd740000 - 0x00007ffbcd851000 	C:\WINDOWS\System32\ucrtbase.dll
0x00007ffbc5c50000 - 0x00007ffbc5c6b000 	C:\Program Files\Java\jdk-20\bin\VCRUNTIME140.dll
0x00007ffba0210000 - 0x00007ffba0229000 	C:\Program Files\Java\jdk-20\bin\jli.dll
0x00007ffbcfac0000 - 0x00007ffbcfb72000 	C:\WINDOWS\System32\ADVAPI32.dll
0x00007ffbced60000 - 0x00007ffbcee07000 	C:\WINDOWS\System32\msvcrt.dll
0x00007ffbce5c0000 - 0x00007ffbce669000 	C:\WINDOWS\System32\sechost.dll
0x00007ffbcd470000 - 0x00007ffbcd498000 	C:\WINDOWS\System32\bcrypt.dll
0x00007ffbcea00000 - 0x00007ffbceb14000 	C:\WINDOWS\System32\RPCRT4.dll
0x00007ffbcda30000 - 0x00007ffbcdbde000 	C:\WINDOWS\System32\USER32.dll
0x00007ffbcd090000 - 0x00007ffbcd0b6000 	C:\WINDOWS\System32\win32u.dll
0x00007ffbcfa10000 - 0x00007ffbcfa39000 	C:\WINDOWS\System32\GDI32.dll
0x00007ffbb72f0000 - 0x00007ffbb7583000 	C:\WINDOWS\WinSxS\amd64_microsoft.windows.common-controls_6595b64144ccf1df_6.0.22621.3672_none_2713b9d173822955\COMCTL32.dll
0x00007ffbccf70000 - 0x00007ffbcd089000 	C:\WINDOWS\System32\gdi32full.dll
0x00007ffbcd860000 - 0x00007ffbcd8fa000 	C:\WINDOWS\System32\msvcp_win.dll
0x00007ffbcbcd0000 - 0x00007ffbcbcda000 	C:\WINDOWS\SYSTEM32\VERSION.dll
0x00007ffbce6b0000 - 0x00007ffbce6e1000 	C:\WINDOWS\System32\IMM32.DLL
0x00007ffbc73f0000 - 0x00007ffbc73fc000 	C:\Program Files\Java\jdk-20\bin\vcruntime140_1.dll
0x00007ffba0280000 - 0x00007ffba030e000 	C:\Program Files\Java\jdk-20\bin\msvcp140.dll
0x00007ffb8ceb0000 - 0x00007ffb8db47000 	C:\Program Files\Java\jdk-20\bin\server\jvm.dll
0x00007ffbabaa0000 - 0x00007ffbabaa9000 	C:\WINDOWS\SYSTEM32\WSOCK32.dll
0x00007ffbc5a60000 - 0x00007ffbc5a94000 	C:\WINDOWS\SYSTEM32\WINMM.dll
0x00007ffbce980000 - 0x00007ffbce9f1000 	C:\WINDOWS\System32\WS2_32.dll
0x00007ffbcc010000 - 0x00007ffbcc028000 	C:\WINDOWS\SYSTEM32\kernel.appcore.dll
0x00007ffbc5aa0000 - 0x00007ffbc5aaa000 	C:\Program Files\Java\jdk-20\bin\jimage.dll
0x00007ffbca700000 - 0x00007ffbca932000 	C:\WINDOWS\SYSTEM32\DBGHELP.DLL
0x00007ffbcf680000 - 0x00007ffbcfa0d000 	C:\WINDOWS\System32\combase.dll
0x00007ffbce470000 - 0x00007ffbce547000 	C:\WINDOWS\System32\OLEAUT32.dll
0x00007ffbb01a0000 - 0x00007ffbb01d2000 	C:\WINDOWS\SYSTEM32\dbgcore.DLL
0x00007ffbcd900000 - 0x00007ffbcd97b000 	C:\WINDOWS\System32\bcryptPrimitives.dll
0x00007ffbc48d0000 - 0x00007ffbc48f6000 	C:\Program Files\Java\jdk-20\bin\java.dll
0x00007ffba0310000 - 0x00007ffba03e7000 	C:\Program Files\Java\jdk-20\bin\jsvml.dll
0x00007ffbcee10000 - 0x00007ffbcf678000 	C:\WINDOWS\System32\SHELL32.dll
0x00007ffbcb2c0000 - 0x00007ffbcbbbe000 	C:\WINDOWS\SYSTEM32\windows.storage.dll
0x00007ffbcb180000 - 0x00007ffbcb2bf000 	C:\WINDOWS\SYSTEM32\wintypes.dll
0x00007ffbcdbe0000 - 0x00007ffbcdcd9000 	C:\WINDOWS\System32\SHCORE.dll
0x00007ffbce560000 - 0x00007ffbce5be000 	C:\WINDOWS\System32\shlwapi.dll
0x00007ffbccea0000 - 0x00007ffbccec1000 	C:\WINDOWS\SYSTEM32\profapi.dll
0x00007ffbc4150000 - 0x00007ffbc4163000 	C:\Program Files\Java\jdk-20\bin\net.dll
0x00007ffbc6b70000 - 0x00007ffbc6ca6000 	C:\WINDOWS\SYSTEM32\WINHTTP.dll
0x00007ffbcc500000 - 0x00007ffbcc569000 	C:\WINDOWS\system32\mswsock.dll
0x00007ffbbf400000 - 0x00007ffbbf416000 	C:\Program Files\Java\jdk-20\bin\nio.dll
0x00007ffb8cd10000 - 0x00007ffb8cea1000 	C:\Program Files\Java\jdk-20\bin\awt.dll
0x00007ffbc53d0000 - 0x00007ffbc5467000 	C:\WINDOWS\SYSTEM32\apphelp.dll
0x00007ffbc9f90000 - 0x00007ffbc9fbb000 	C:\WINDOWS\system32\DWMAPI.DLL
0x00007ffbc9d00000 - 0x00007ffbc9db0000 	C:\WINDOWS\system32\uxtheme.dll
0x00007ffb951f0000 - 0x00007ffb952f0000 	C:\WINDOWS\system32\opengl32.dll
0x00007ffb95d10000 - 0x00007ffb95d3d000 	C:\WINDOWS\SYSTEM32\GLU32.dll
0x00007ffbc9e10000 - 0x00007ffbc9e47000 	C:\WINDOWS\SYSTEM32\dxcore.dll
0x00007ffbcdce0000 - 0x00007ffbcde3b000 	C:\WINDOWS\System32\MSCTF.dll
0x00007ffbceb20000 - 0x00007ffbcecc5000 	C:\WINDOWS\System32\ole32.dll
0x00007ffbb6170000 - 0x00007ffbb6188000 	C:\Program Files\Java\jdk-20\bin\zip.dll
0x00007ffbc3660000 - 0x00007ffbc368e000 	C:\Program Files\Java\jdk-20\bin\javajpeg.dll
0x00007ffb911e0000 - 0x00007ffb91266000 	C:\Program Files\Java\jdk-20\bin\freetype.dll
0x00007ffb8cc40000 - 0x00007ffb8cd06000 	C:\Program Files\Java\jdk-20\bin\fontmanager.dll
0x00007ffbb7e40000 - 0x00007ffbb7f8e000 	C:\WINDOWS\SYSTEM32\textinputframework.dll
0x00007ffbc5200000 - 0x00007ffbc5333000 	C:\WINDOWS\SYSTEM32\CoreMessaging.dll
0x00007ffbc0600000 - 0x00007ffbc096d000 	C:\WINDOWS\SYSTEM32\CoreUIComponents.dll
0x00007ffbcc780000 - 0x00007ffbcc78c000 	C:\WINDOWS\SYSTEM32\CRYPTBASE.DLL

dbghelp: loaded successfully - version: 4.0.5 - missing functions: none
symbol engine: initialized successfully - sym options: 0x614 - pdb path: .;C:\Program Files\Java\jdk-20\bin;C:\WINDOWS\SYSTEM32;C:\WINDOWS\WinSxS\amd64_microsoft.windows.common-controls_6595b64144ccf1df_6.0.22621.3672_none_2713b9d173822955;C:\Program Files\Java\jdk-20\bin\server

VM Arguments:
jvm_args: -Dfile.encoding=UTF-8 --module-path=C:\Users\Pratiksha\Desktop\University Management System\build\classes 
java_command: university.management.system.Splash
java_class_path (initial): C:\Users\Pratiksha\Desktop\University Management System\build\classes
Launcher Type: SUN_STANDARD

[Global flags]
     intx CICompilerCount                          = 4                                         {product} {ergonomic}
     uint ConcGCThreads                            = 2                                         {product} {ergonomic}
     uint G1ConcRefinementThreads                  = 8                                         {product} {ergonomic}
   size_t G1HeapRegionSize                         = 1048576                                   {product} {ergonomic}
    uintx GCDrainStackTargetSize                   = 64                                        {product} {ergonomic}
   size_t InitialHeapSize                          = 130023424                                 {product} {ergonomic}
   size_t MarkStackSize                            = 4194304                                   {product} {ergonomic}
   size_t MaxHeapSize                              = 2063597568                                {product} {ergonomic}
   size_t MaxNewSize                               = 1237319680                                {product} {ergonomic}
   size_t MinHeapDeltaBytes                        = 1048576                                   {product} {ergonomic}
   size_t MinHeapSize                              = 8388608                                   {product} {ergonomic}
    uintx NonNMethodCodeHeapSize                   = 5839372                                {pd product} {ergonomic}
    uintx NonProfiledCodeHeapSize                  = 122909434                              {pd product} {ergonomic}
    uintx ProfiledCodeHeapSize                     = 122909434                              {pd product} {ergonomic}
    uintx ReservedCodeCacheSize                    = 251658240                              {pd product} {ergonomic}
     bool SegmentedCodeCache                       = true                                      {product} {ergonomic}
   size_t SoftMaxHeapSize                          = 2063597568                             {manageable} {ergonomic}
     bool UseCompressedClassPointers               = true                           {product lp64_product} {ergonomic}
     bool UseCompressedOops                        = true                           {product lp64_product} {ergonomic}
     bool UseG1GC                                  = true                                      {product} {ergonomic}
     bool UseLargePagesIndividualAllocation        = false                                  {pd product} {ergonomic}

Logging:
Log output configuration:
 #0: stdout all=warning uptime,level,tags foldmultilines=false
 #1: stderr all=off uptime,level,tags foldmultilines=false

Environment Variables:
JAVA_HOME=C:\Program Files\Java\jdk-18.0.1.1
PATH=C:\Python312\Scripts\;C:\Python312\;C:\Program Files\Common Files\Oracle\Java\javapath;C:\WINDOWS\system32;C:\WINDOWS;C:\WINDOWS\System32\Wbem;C:\WINDOWS\System32\WindowsPowerShell\v1.0\;C:\WINDOWS\System32\OpenSSH\;C:\Program Files\Microsoft SQL Server\Client SDK\ODBC\170\Tools\Binn\;C:\Program Files (x86)\Microsoft SQL Server\150\Tools\Binn\;C:\Program Files\Microsoft SQL Server\150\Tools\Binn\;C:\Program Files\Microsoft SQL Server\150\DTS\Binn\;C:\Program Files\MySQL\MySQL Server 8.0\bin;C:\Program Files\Java\jdk-18.0.1.1\bin;C:\MinGW\bin;C:\Program Files\MySQL\MySQL Server 8.0\bin;C:\ProgramData\chocolatey\bin;C:\Program Files\;C:\Program Files\Git\cmd;C:\Users\Pratiksha\AppData\Local\Programs\Python\Python39\Scripts\;C:\Users\Pratiksha\AppData\Local\Programs\Python\Python39\;C:\Program Files\MySQL\MySQL Shell 8.0\bin\;C:\Users\Pratiksha\AppData\Local\Microsoft\WindowsApps;C:\Users\Pratiksha\AppData\Local\Programs\Microsoft VS Code\bin;C:\xampp\mysql\bin;C:\Users\Pratiksha\AppData\Local\JetBrains\IntelliJ IDEA Community Edition 2023.2.4\bin;;C:\Users\Pratiksha\AppData\Roaming\npm;C:\Users\Pratiksha\PyCharm Community Edition 2023.3.3\bin;;C:\Users\Pratiksha\AppData\Local\Programs\Python\Python312\Scripts;C:\Users\Pratiksha\AppData\Local\GitHubDesktop\bin
USERNAME=Pratiksha
OS=Windows_NT
PROCESSOR_IDENTIFIER=Intel64 Family 6 Model 140 Stepping 1, GenuineIntel
TMP=C:\Users\PRATIK~1\AppData\Local\Temp
TEMP=C:\Users\PRATIK~1\AppData\Local\Temp




---------------  S Y S T E M  ---------------

OS:
 Windows 11 , 64 bit Build 22621 (10.0.22621.3958)
OS uptime: 0 days 0:55 hours

CPU: total 8 (initial active 8) (4 cores per cpu, 2 threads per core) family 6 model 140 stepping 1 microcode 0x86, cx8, cmov, fxsr, ht, mmx, 3dnowpref, sse, sse2, sse3, ssse3, sse4.1, sse4.2, popcnt, lzcnt, tsc, tscinvbit, avx, avx2, aes, erms, clmul, bmi1, bmi2, adx, avx512f, avx512dq, avx512cd, avx512bw, avx512vl, sha, fma, vzeroupper, avx512_vpopcntdq, avx512_vpclmulqdq, avx512_vaes, avx512_vnni, clflush, clflushopt, clwb, avx512_vbmi2, avx512_vbmi, rdtscp, rdpid, fsrm, gfni, avx512_bitalg, f16c, pku, cet_ibt, cet_ss, avx512_ifma

Memory: 4k page, system-wide physical 7871M (448M free)
TotalPageFile size 32447M (AvailPageFile size 33M)
current process WorkingSet (physical memory assigned to process): 147M, peak: 154M
current process commit charge ("private bytes"): 222M, peak: 346M

vm_info: Java HotSpot(TM) 64-Bit Server VM (20.0.1+9-29) for windows-amd64 JRE (20.0.1+9-29), built on 2023-03-07T13:56:11Z by "mach5one" with MS VC++ 17.1 (VS2022)

END.
