#
# There is insufficient memory for the Java Runtime Environment to continue.
# Native memory allocation (mmap) failed to map 120586240 bytes for G1 virtual space
# Possible reasons:
#   The system is out of physical RAM or swap space
#   The process is running with CompressedOops enabled, and the Java Heap may be blocking the growth of the native heap
# Possible solutions:
#   Reduce memory load on the system
#   Increase physical memory or swap space
#   Check if swap backing store is full
#   Decrease Java heap size (-Xmx/-Xms)
#   Decrease number of Java threads
#   Decrease Java thread stack sizes (-Xss)
#   Set larger code cache with -XX:ReservedCodeCacheSize=
#   JVM is running with Unscaled Compressed Oops mode in which the Java heap is
#     placed in the first 4GB address space. The Java Heap base address is the
#     maximum limit for the native heap growth. Please use -XX:HeapBaseMinAddress
#     to set the Java Heap base and to place the Java Heap above 4GB virtual address.
# This output file may be truncated or incomplete.
#
#  Out of Memory Error (os_windows.cpp:3528), pid=20148, tid=20536
#
# JRE version: Java(TM) SE Runtime Environment (20.0.1+9) (build 20.0.1+9-29)
# Java VM: Java HotSpot(TM) 64-Bit Server VM (20.0.1+9-29, mixed mode, sharing, tiered, compressed oops, compressed class ptrs, g1 gc, windows-amd64)
# No core dump will be written. Minidumps are not enabled by default on client versions of Windows
#

---------------  S U M M A R Y ------------

Command Line: -Dfile.encoding=UTF-8 --module-path=C:\Users\Pratiksha\Desktop\University Management System\build\classes university.management.system.Splash

Host: 11th Gen Intel(R) Core(TM) i5-1135G7 @ 2.40GHz, 8 cores, 7G,  Windows 11 , 64 bit Build 22621 (10.0.22621.3958)
Time: Wed Aug 28 19:29:58 2024 India Standard Time elapsed time: 2.121836 seconds (0d 0h 0m 2s)

---------------  T H R E A D  ---------------

Current thread (0x0000025939315180):  VMThread "VM Thread" [stack: 0x000000b9ffd00000,0x000000b9ffe00000] [id=20536]

Stack: [0x000000b9ffd00000,0x000000b9ffe00000]
Native frames: (J=compiled Java code, j=interpreted, Vv=VM code, C=native code)
V  [jvm.dll+0x6bb95a]
V  [jvm.dll+0x8485fa]
V  [jvm.dll+0x84a1f5]
V  [jvm.dll+0x84a8f3]
V  [jvm.dll+0x280b0f]
V  [jvm.dll+0x6b86e9]
V  [jvm.dll+0x6ad2da]
V  [jvm.dll+0x35adf5]
V  [jvm.dll+0x363016]
V  [jvm.dll+0x3b3b3e]
V  [jvm.dll+0x3b3dc5]
V  [jvm.dll+0x32b50a]
V  [jvm.dll+0x32b5b7]
V  [jvm.dll+0x373942]
V  [jvm.dll+0x372140]
V  [jvm.dll+0x32ac51]
V  [jvm.dll+0x371b58]
V  [jvm.dll+0x85023e]
V  [jvm.dll+0x851351]
V  [jvm.dll+0x851859]
V  [jvm.dll+0x851ad3]
V  [jvm.dll+0x7f4b56]
V  [jvm.dll+0x6ba5cb]
C  [ucrtbase.dll+0x29333]
C  [KERNEL32.DLL+0x1257d]
C  [ntdll.dll+0x5af28]

VM_Operation (0x000000b9815fd848): G1TryInitiateConcMark, mode: safepoint, requested by thread 0x000002593d8bd870


---------------  P R O C E S S  ---------------

Threads class SMR info:
_java_thread_list=0x000002593ec5a6e0, length=17, elements={
0x000002591cacd0e0, 0x0000025939333ba0, 0x0000025939334870, 0x000002593933d590,
0x000002593933eee0, 0x0000025939340830, 0x0000025939343180, 0x0000025939343f20,
0x0000025939347ed0, 0x000002593d57ebf0, 0x000002593d62b100, 0x000002593d853920,
0x000002593d854280, 0x000002593d881c00, 0x000002593d8fada0, 0x000002593ece11e0,
0x000002593d8bd870
}

Java Threads: ( => current thread )
  0x000002591cacd0e0 JavaThread "main" [_thread_blocked, id=20552, stack(0x000000b9ff700000,0x000000b9ff800000)]
  0x0000025939333ba0 JavaThread "Reference Handler" daemon [_thread_blocked, id=20408, stack(0x000000b9ffe00000,0x000000b9fff00000)]
  0x0000025939334870 JavaThread "Finalizer" daemon [_thread_blocked, id=18608, stack(0x000000b9fff00000,0x000000ba00000000)]
  0x000002593933d590 JavaThread "Signal Dispatcher" daemon [_thread_blocked, id=21232, stack(0x000000b980000000,0x000000b980100000)]
  0x000002593933eee0 JavaThread "Attach Listener" daemon [_thread_blocked, id=21112, stack(0x000000b980100000,0x000000b980200000)]
  0x0000025939340830 JavaThread "Service Thread" daemon [_thread_blocked, id=19224, stack(0x000000b980200000,0x000000b980300000)]
  0x0000025939343180 JavaThread "Monitor Deflation Thread" daemon [_thread_blocked, id=20396, stack(0x000000b980300000,0x000000b980400000)]
  0x0000025939343f20 JavaThread "C2 CompilerThread0" daemon [_thread_blocked, id=20564, stack(0x000000b980400000,0x000000b980500000)]
  0x0000025939347ed0 JavaThread "C1 CompilerThread0" daemon [_thread_blocked, id=17456, stack(0x000000b980500000,0x000000b980600000)]
  0x000002593d57ebf0 JavaThread "Common-Cleaner" daemon [_thread_blocked, id=18320, stack(0x000000b980600000,0x000000b980700000)]
  0x000002593d62b100 JavaThread "Notification Thread" daemon [_thread_blocked, id=16728, stack(0x000000b980700000,0x000000b980800000)]
  0x000002593d853920 JavaThread "Java2D Disposer" daemon [_thread_blocked, id=21340, stack(0x000000b980900000,0x000000b980a00000)]
  0x000002593d854280 JavaThread "AWT-Shutdown" [_thread_blocked, id=20476, stack(0x000000b980a00000,0x000000b980b00000)]
  0x000002593d881c00 JavaThread "AWT-Windows" daemon [_thread_blocked, id=14332, stack(0x000000b980b00000,0x000000b980c00000)]
  0x000002593d8fada0 JavaThread "Image Fetcher 0" daemon [_thread_blocked, id=20872, stack(0x000000b980c00000,0x000000b980d00000)]
  0x000002593ece11e0 JavaThread "Thread-0" [_thread_blocked, id=16768, stack(0x000000b981400000,0x000000b981500000)]
  0x000002593d8bd870 JavaThread "AWT-EventQueue-0" [_thread_blocked, id=16072, stack(0x000000b981500000,0x000000b981600000)]

Other Threads:
=>0x0000025939315180 VMThread "VM Thread" [stack: 0x000000b9ffd00000,0x000000b9ffe00000] [id=20536]
  0x000002593d62b650 WatcherThread "VM Periodic Task Thread" [stack: 0x000000b980800000,0x000000b980900000] [id=18324]
  0x000002591cb2c2a0 WorkerThread "GC Thread#0" [stack: 0x000000b9ff800000,0x000000b9ff900000] [id=20744]
  0x000002593ecdcc70 WorkerThread "GC Thread#1" [stack: 0x000000b980d00000,0x000000b980e00000] [id=21228]
  0x000002593ecdef50 WorkerThread "GC Thread#2" [stack: 0x000000b980e00000,0x000000b980f00000] [id=20516]
  0x000002593ecdf630 WorkerThread "GC Thread#3" [stack: 0x000000b980f00000,0x000000b981000000] [id=16692]
  0x000002593ecf6670 WorkerThread "GC Thread#4" [stack: 0x000000b981000000,0x000000b981100000] [id=19172]
  0x000002593ecf8e90 WorkerThread "GC Thread#5" [stack: 0x000000b981100000,0x000000b981200000] [id=8460]
  0x000002593ecf9160 WorkerThread "GC Thread#6" [stack: 0x000000b981200000,0x000000b981300000] [id=21344]
  0x000002593ecf8bc0 WorkerThread "GC Thread#7" [stack: 0x000000b981300000,0x000000b981400000] [id=18748]
  0x000002591cb3c830 ConcurrentGCThread "G1 Main Marker" [stack: 0x000000b9ff900000,0x000000b9ffa00000] [id=2632]
  0x000002591cb3d400 WorkerThread "G1 Conc#0" [stack: 0x000000b9ffa00000,0x000000b9ffb00000] [id=15004]
  0x00000259391d2150 ConcurrentGCThread "G1 Refine#0" [stack: 0x000000b9ffb00000,0x000000b9ffc00000] [id=19352]
  0x00000259391d38b0 ConcurrentGCThread "G1 Service" [stack: 0x000000b9ffc00000,0x000000b9ffd00000] [id=1280]

Threads with active compile tasks:
C1 CompilerThread0     2136 1238       3       java.awt.Component::getBounds (5 bytes)

VM state: at safepoint (normal execution)

VM Mutex/Monitor currently owned by a thread:  ([mutex/lock_event])
[0x000002591cac7f20] Threads_lock - owner thread: 0x0000025939315180
[0x000002591cac8af0] Heap_lock - owner thread: 0x000002593d8bd870

Heap address: 0x0000000085000000, size: 1968 MB, Compressed Oops mode: 32-bit

CDS archive(s) mapped at: [0x0000000800000000-0x0000000800c60000-0x0000000800c60000), size 12976128, SharedBaseAddress: 0x0000000800000000, ArchiveRelocationMode: 0.
Compressed class space mapped at: 0x0000000801000000-0x0000000841000000, reserved size: 1073741824
Narrow klass base: 0x0000000800000000, Narrow klass shift: 0, Narrow klass range: 0x100000000

GC Precious Log:
 CardTable entry size: 512
 Card Set container configuration: InlinePtr #cards 5 size 8 Array Of Cards #cards 12 size 40 Howl #buckets 4 coarsen threshold 1843 Howl Bitmap #cards 512 size 80 coarsen threshold 460 Card regions per heap region 1 cards per card region 2048
 CPUs: 8 total, 8 available
 Memory: 7871M
 Large Page Support: Disabled
 NUMA Support: Disabled
 Compressed Oops: Enabled (32-bit)
 Heap Region Size: 1M
 Heap Min Capacity: 8M
 Heap Initial Capacity: 124M
 Heap Max Capacity: 1968M
 Pre-touch: Disabled
 Parallel Workers: 8
 Concurrent Workers: 2
 Concurrent Refinement Workers: 8
 Periodic GC: Disabled

Heap:
 garbage-first heap   total 126976K, used 57077K [0x0000000085000000, 0x0000000100000000)
  region size 1024K, 3 young (3072K), 3 survivors (3072K)
 Metaspace       used 7009K, committed 7232K, reserved 1114112K
  class space    used 717K, committed 832K, reserved 1048576K

Heap Regions: E=young(eden), S=young(survivor), O=old, HS=humongous(starts), HC=humongous(continues), CS=collection set, F=free, OA=open archive, CA=closed archive, TAMS=top-at-mark-start, PB=parsable bottom
|   0|0x0000000085000000, 0x0000000085100000, 0x0000000085100000|100%|HS|  |TAMS 0x0000000085100000| PB 0x0000000085000000| Complete 
|   1|0x0000000085100000, 0x0000000085200000, 0x0000000085200000|100%|HC|  |TAMS 0x0000000085200000| PB 0x0000000085100000| Complete 
|   2|0x0000000085200000, 0x0000000085300000, 0x0000000085300000|100%|HC|  |TAMS 0x0000000085300000| PB 0x0000000085200000| Complete 
|   3|0x0000000085300000, 0x0000000085400000, 0x0000000085400000|100%|HC|  |TAMS 0x0000000085400000| PB 0x0000000085300000| Complete 
|   4|0x0000000085400000, 0x0000000085500000, 0x0000000085500000|100%|HC|  |TAMS 0x0000000085500000| PB 0x0000000085400000| Complete 
|   5|0x0000000085500000, 0x0000000085600000, 0x0000000085600000|100%|HC|  |TAMS 0x0000000085600000| PB 0x0000000085500000| Complete 
|   6|0x0000000085600000, 0x0000000085700000, 0x0000000085700000|100%|HC|  |TAMS 0x0000000085700000| PB 0x0000000085600000| Complete 
|   7|0x0000000085700000, 0x0000000085800000, 0x0000000085800000|100%|HC|  |TAMS 0x0000000085800000| PB 0x0000000085700000| Complete 
|   8|0x0000000085800000, 0x0000000085900000, 0x0000000085900000|100%|HC|  |TAMS 0x0000000085900000| PB 0x0000000085800000| Complete 
|   9|0x0000000085900000, 0x0000000085a00000, 0x0000000085a00000|100%|HC|  |TAMS 0x0000000085a00000| PB 0x0000000085900000| Complete 
|  10|0x0000000085a00000, 0x0000000085b00000, 0x0000000085b00000|100%|HC|  |TAMS 0x0000000085b00000| PB 0x0000000085a00000| Complete 
|  11|0x0000000085b00000, 0x0000000085c00000, 0x0000000085c00000|100%|HC|  |TAMS 0x0000000085c00000| PB 0x0000000085b00000| Complete 
|  12|0x0000000085c00000, 0x0000000085d00000, 0x0000000085d00000|100%|HC|  |TAMS 0x0000000085d00000| PB 0x0000000085c00000| Complete 
|  13|0x0000000085d00000, 0x0000000085e00000, 0x0000000085e00000|100%|HC|  |TAMS 0x0000000085e00000| PB 0x0000000085d00000| Complete 
|  14|0x0000000085e00000, 0x0000000085f00000, 0x0000000085f00000|100%|HC|  |TAMS 0x0000000085f00000| PB 0x0000000085e00000| Complete 
|  15|0x0000000085f00000, 0x0000000086000000, 0x0000000086000000|100%|HC|  |TAMS 0x0000000086000000| PB 0x0000000085f00000| Complete 
|  16|0x0000000086000000, 0x0000000086100000, 0x0000000086100000|100%|HC|  |TAMS 0x0000000086100000| PB 0x0000000086000000| Complete 
|  17|0x0000000086100000, 0x0000000086200000, 0x0000000086200000|100%|HC|  |TAMS 0x0000000086200000| PB 0x0000000086100000| Complete 
|  18|0x0000000086200000, 0x0000000086300000, 0x0000000086300000|100%|HC|  |TAMS 0x0000000086300000| PB 0x0000000086200000| Complete 
|  19|0x0000000086300000, 0x0000000086400000, 0x0000000086400000|100%|HC|  |TAMS 0x0000000086400000| PB 0x0000000086300000| Complete 
|  20|0x0000000086400000, 0x0000000086500000, 0x0000000086500000|100%|HC|  |TAMS 0x0000000086500000| PB 0x0000000086400000| Complete 
|  21|0x0000000086500000, 0x0000000086600000, 0x0000000086600000|100%|HC|  |TAMS 0x0000000086600000| PB 0x0000000086500000| Complete 
|  22|0x0000000086600000, 0x0000000086700000, 0x0000000086700000|100%|HC|  |TAMS 0x0000000086700000| PB 0x0000000086600000| Complete 
|  23|0x0000000086700000, 0x0000000086800000, 0x0000000086800000|100%|HC|  |TAMS 0x0000000086800000| PB 0x0000000086700000| Complete 
|  24|0x0000000086800000, 0x0000000086900000, 0x0000000086900000|100%|HC|  |TAMS 0x0000000086900000| PB 0x0000000086800000| Complete 
|  25|0x0000000086900000, 0x0000000086a00000, 0x0000000086a00000|100%|HC|  |TAMS 0x0000000086a00000| PB 0x0000000086900000| Complete 
|  26|0x0000000086a00000, 0x0000000086b00000, 0x0000000086b00000|100%|HC|  |TAMS 0x0000000086b00000| PB 0x0000000086a00000| Complete 
|  27|0x0000000086b00000, 0x0000000086c00000, 0x0000000086c00000|100%|HC|  |TAMS 0x0000000086c00000| PB 0x0000000086b00000| Complete 
|  28|0x0000000086c00000, 0x0000000086d00000, 0x0000000086d00000|100%|HC|  |TAMS 0x0000000086d00000| PB 0x0000000086c00000| Complete 
|  29|0x0000000086d00000, 0x0000000086e00000, 0x0000000086e00000|100%|HC|  |TAMS 0x0000000086e00000| PB 0x0000000086d00000| Complete 
|  30|0x0000000086e00000, 0x0000000086f00000, 0x0000000086f00000|100%|HC|  |TAMS 0x0000000086f00000| PB 0x0000000086e00000| Complete 
|  31|0x0000000086f00000, 0x0000000087000000, 0x0000000087000000|100%|HC|  |TAMS 0x0000000087000000| PB 0x0000000086f00000| Complete 
|  32|0x0000000087000000, 0x0000000087100000, 0x0000000087100000|100%|HS|  |TAMS 0x0000000087100000| PB 0x0000000087000000| Complete 
|  33|0x0000000087100000, 0x0000000087200000, 0x0000000087200000|100%|HC|  |TAMS 0x0000000087200000| PB 0x0000000087100000| Complete 
|  34|0x0000000087200000, 0x0000000087300000, 0x0000000087300000|100%|HC|  |TAMS 0x0000000087300000| PB 0x0000000087200000| Complete 
|  35|0x0000000087300000, 0x0000000087400000, 0x0000000087400000|100%|HS|  |TAMS 0x0000000087400000| PB 0x0000000087300000| Complete 
|  36|0x0000000087400000, 0x0000000087500000, 0x0000000087500000|100%|HC|  |TAMS 0x0000000087500000| PB 0x0000000087400000| Complete 
|  37|0x0000000087500000, 0x0000000087600000, 0x0000000087600000|100%|HS|  |TAMS 0x0000000087600000| PB 0x0000000087500000| Complete 
|  38|0x0000000087600000, 0x0000000087700000, 0x0000000087700000|100%|HC|  |TAMS 0x0000000087700000| PB 0x0000000087600000| Complete 
|  39|0x0000000087700000, 0x0000000087800000, 0x0000000087800000|100%|HS|  |TAMS 0x0000000087800000| PB 0x0000000087700000| Complete 
|  40|0x0000000087800000, 0x0000000087900000, 0x0000000087900000|100%|HC|  |TAMS 0x0000000087900000| PB 0x0000000087800000| Complete 
|  41|0x0000000087900000, 0x0000000087a00000, 0x0000000087a00000|100%|HS|  |TAMS 0x0000000087a00000| PB 0x0000000087900000| Complete 
|  42|0x0000000087a00000, 0x0000000087b00000, 0x0000000087b00000|100%|HC|  |TAMS 0x0000000087b00000| PB 0x0000000087a00000| Complete 
|  43|0x0000000087b00000, 0x0000000087c00000, 0x0000000087c00000|100%|HS|  |TAMS 0x0000000087c00000| PB 0x0000000087b00000| Complete 
|  44|0x0000000087c00000, 0x0000000087d00000, 0x0000000087d00000|100%|HC|  |TAMS 0x0000000087d00000| PB 0x0000000087c00000| Complete 
|  45|0x0000000087d00000, 0x0000000087e00000, 0x0000000087e00000|100%|HS|  |TAMS 0x0000000087e00000| PB 0x0000000087d00000| Complete 
|  46|0x0000000087e00000, 0x0000000087f00000, 0x0000000087f00000|100%|HC|  |TAMS 0x0000000087f00000| PB 0x0000000087e00000| Complete 
|  47|0x0000000087f00000, 0x0000000088000000, 0x0000000088000000|100%|HS|  |TAMS 0x0000000088000000| PB 0x0000000087f00000| Complete 
|  48|0x0000000088000000, 0x0000000088100000, 0x0000000088100000|100%|HC|  |TAMS 0x0000000088100000| PB 0x0000000088000000| Complete 
|  49|0x0000000088100000, 0x0000000088100000, 0x0000000088200000|  0%| F|  |TAMS 0x0000000088100000| PB 0x0000000088100000| Untracked 
|  50|0x0000000088200000, 0x0000000088200000, 0x0000000088300000|  0%| F|  |TAMS 0x0000000088200000| PB 0x0000000088200000| Untracked 
|  51|0x0000000088300000, 0x0000000088400000, 0x0000000088400000|100%|HS|  |TAMS 0x0000000088400000| PB 0x0000000088300000| Complete 
|  52|0x0000000088400000, 0x0000000088500000, 0x0000000088500000|100%|HC|  |TAMS 0x0000000088500000| PB 0x0000000088400000| Complete 
|  53|0x0000000088500000, 0x0000000088600000, 0x0000000088600000|100%|HS|  |TAMS 0x0000000088600000| PB 0x0000000088500000| Complete 
|  54|0x0000000088600000, 0x0000000088700000, 0x0000000088700000|100%|HC|  |TAMS 0x0000000088700000| PB 0x0000000088600000| Complete 
|  55|0x0000000088700000, 0x0000000088700000, 0x0000000088800000|  0%| F|  |TAMS 0x0000000088700000| PB 0x0000000088700000| Untracked 
|  56|0x0000000088800000, 0x0000000088800000, 0x0000000088900000|  0%| F|  |TAMS 0x0000000088800000| PB 0x0000000088800000| Untracked 
|  57|0x0000000088900000, 0x0000000088900000, 0x0000000088a00000|  0%| F|  |TAMS 0x0000000088900000| PB 0x0000000088900000| Untracked 
|  58|0x0000000088a00000, 0x0000000088a00000, 0x0000000088b00000|  0%| F|  |TAMS 0x0000000088a00000| PB 0x0000000088a00000| Untracked 
|  59|0x0000000088b00000, 0x0000000088b00000, 0x0000000088c00000|  0%| F|  |TAMS 0x0000000088b00000| PB 0x0000000088b00000| Untracked 
|  60|0x0000000088c00000, 0x0000000088c00000, 0x0000000088d00000|  0%| F|  |TAMS 0x0000000088c00000| PB 0x0000000088c00000| Untracked 
|  61|0x0000000088d00000, 0x0000000088d00000, 0x0000000088e00000|  0%| F|  |TAMS 0x0000000088d00000| PB 0x0000000088d00000| Untracked 
|  62|0x0000000088e00000, 0x0000000088e00000, 0x0000000088f00000|  0%| F|  |TAMS 0x0000000088e00000| PB 0x0000000088e00000| Untracked 
|  63|0x0000000088f00000, 0x0000000088f00000, 0x0000000089000000|  0%| F|  |TAMS 0x0000000088f00000| PB 0x0000000088f00000| Untracked 
|  64|0x0000000089000000, 0x0000000089000000, 0x0000000089100000|  0%| F|  |TAMS 0x0000000089000000| PB 0x0000000089000000| Untracked 
|  65|0x0000000089100000, 0x0000000089100000, 0x0000000089200000|  0%| F|  |TAMS 0x0000000089100000| PB 0x0000000089100000| Untracked 
|  66|0x0000000089200000, 0x0000000089200000, 0x0000000089300000|  0%| F|  |TAMS 0x0000000089200000| PB 0x0000000089200000| Untracked 
|  67|0x0000000089300000, 0x0000000089300000, 0x0000000089400000|  0%| F|  |TAMS 0x0000000089300000| PB 0x0000000089300000| Untracked 
|  68|0x0000000089400000, 0x0000000089400000, 0x0000000089500000|  0%| F|  |TAMS 0x0000000089400000| PB 0x0000000089400000| Untracked 
|  69|0x0000000089500000, 0x0000000089500000, 0x0000000089600000|  0%| F|  |TAMS 0x0000000089500000| PB 0x0000000089500000| Untracked 
|  70|0x0000000089600000, 0x0000000089600000, 0x0000000089700000|  0%| F|  |TAMS 0x0000000089600000| PB 0x0000000089600000| Untracked 
|  71|0x0000000089700000, 0x0000000089700000, 0x0000000089800000|  0%| F|  |TAMS 0x0000000089700000| PB 0x0000000089700000| Untracked 
|  72|0x0000000089800000, 0x0000000089800000, 0x0000000089900000|  0%| F|  |TAMS 0x0000000089800000| PB 0x0000000089800000| Untracked 
|  73|0x0000000089900000, 0x0000000089900000, 0x0000000089a00000|  0%| F|  |TAMS 0x0000000089900000| PB 0x0000000089900000| Untracked 
|  74|0x0000000089a00000, 0x0000000089a00000, 0x0000000089b00000|  0%| F|  |TAMS 0x0000000089a00000| PB 0x0000000089a00000| Untracked 
|  75|0x0000000089b00000, 0x0000000089b00000, 0x0000000089c00000|  0%| F|  |TAMS 0x0000000089b00000| PB 0x0000000089b00000| Untracked 
|  76|0x0000000089c00000, 0x0000000089c00000, 0x0000000089d00000|  0%| F|  |TAMS 0x0000000089c00000| PB 0x0000000089c00000| Untracked 
|  77|0x0000000089d00000, 0x0000000089d00000, 0x0000000089e00000|  0%| F|  |TAMS 0x0000000089d00000| PB 0x0000000089d00000| Untracked 
|  78|0x0000000089e00000, 0x0000000089e00000, 0x0000000089f00000|  0%| F|  |TAMS 0x0000000089e00000| PB 0x0000000089e00000| Untracked 
|  79|0x0000000089f00000, 0x0000000089f00000, 0x000000008a000000|  0%| F|  |TAMS 0x0000000089f00000| PB 0x0000000089f00000| Untracked 
|  80|0x000000008a000000, 0x000000008a000000, 0x000000008a100000|  0%| F|  |TAMS 0x000000008a000000| PB 0x000000008a000000| Untracked 
|  81|0x000000008a100000, 0x000000008a100000, 0x000000008a200000|  0%| F|  |TAMS 0x000000008a100000| PB 0x000000008a100000| Untracked 
|  82|0x000000008a200000, 0x000000008a200000, 0x000000008a300000|  0%| F|  |TAMS 0x000000008a200000| PB 0x000000008a200000| Untracked 
|  83|0x000000008a300000, 0x000000008a300000, 0x000000008a400000|  0%| F|  |TAMS 0x000000008a300000| PB 0x000000008a300000| Untracked 
|  84|0x000000008a400000, 0x000000008a400000, 0x000000008a500000|  0%| F|  |TAMS 0x000000008a400000| PB 0x000000008a400000| Untracked 
|  85|0x000000008a500000, 0x000000008a500000, 0x000000008a600000|  0%| F|  |TAMS 0x000000008a500000| PB 0x000000008a500000| Untracked 
|  86|0x000000008a600000, 0x000000008a600000, 0x000000008a700000|  0%| F|  |TAMS 0x000000008a600000| PB 0x000000008a600000| Untracked 
|  87|0x000000008a700000, 0x000000008a700000, 0x000000008a800000|  0%| F|  |TAMS 0x000000008a700000| PB 0x000000008a700000| Untracked 
|  88|0x000000008a800000, 0x000000008a800000, 0x000000008a900000|  0%| F|  |TAMS 0x000000008a800000| PB 0x000000008a800000| Untracked 
|  89|0x000000008a900000, 0x000000008a900000, 0x000000008aa00000|  0%| F|  |TAMS 0x000000008a900000| PB 0x000000008a900000| Untracked 
|  90|0x000000008aa00000, 0x000000008aa00000, 0x000000008ab00000|  0%| F|  |TAMS 0x000000008aa00000| PB 0x000000008aa00000| Untracked 
|  91|0x000000008ab00000, 0x000000008ab00000, 0x000000008ac00000|  0%| F|  |TAMS 0x000000008ab00000| PB 0x000000008ab00000| Untracked 
|  92|0x000000008ac00000, 0x000000008ac00000, 0x000000008ad00000|  0%| F|  |TAMS 0x000000008ac00000| PB 0x000000008ac00000| Untracked 
|  93|0x000000008ad00000, 0x000000008ad00000, 0x000000008ae00000|  0%| F|  |TAMS 0x000000008ad00000| PB 0x000000008ad00000| Untracked 
|  94|0x000000008ae00000, 0x000000008ae00000, 0x000000008af00000|  0%| F|  |TAMS 0x000000008ae00000| PB 0x000000008ae00000| Untracked 
|  95|0x000000008af00000, 0x000000008af00000, 0x000000008b000000|  0%| F|  |TAMS 0x000000008af00000| PB 0x000000008af00000| Untracked 
|  96|0x000000008b000000, 0x000000008b000000, 0x000000008b100000|  0%| F|  |TAMS 0x000000008b000000| PB 0x000000008b000000| Untracked 
|  97|0x000000008b100000, 0x000000008b100000, 0x000000008b200000|  0%| F|  |TAMS 0x000000008b100000| PB 0x000000008b100000| Untracked 
|  98|0x000000008b200000, 0x000000008b200000, 0x000000008b300000|  0%| F|  |TAMS 0x000000008b200000| PB 0x000000008b200000| Untracked 
|  99|0x000000008b300000, 0x000000008b300000, 0x000000008b400000|  0%| F|  |TAMS 0x000000008b300000| PB 0x000000008b300000| Untracked 
| 100|0x000000008b400000, 0x000000008b400000, 0x000000008b500000|  0%| F|  |TAMS 0x000000008b400000| PB 0x000000008b400000| Untracked 
| 101|0x000000008b500000, 0x000000008b500000, 0x000000008b600000|  0%| F|  |TAMS 0x000000008b500000| PB 0x000000008b500000| Untracked 
| 102|0x000000008b600000, 0x000000008b600000, 0x000000008b700000|  0%| F|  |TAMS 0x000000008b600000| PB 0x000000008b600000| Untracked 
| 103|0x000000008b700000, 0x000000008b700000, 0x000000008b800000|  0%| F|  |TAMS 0x000000008b700000| PB 0x000000008b700000| Untracked 
| 104|0x000000008b800000, 0x000000008b800000, 0x000000008b900000|  0%| F|  |TAMS 0x000000008b800000| PB 0x000000008b800000| Untracked 
| 105|0x000000008b900000, 0x000000008b900000, 0x000000008ba00000|  0%| F|  |TAMS 0x000000008b900000| PB 0x000000008b900000| Untracked 
| 106|0x000000008ba00000, 0x000000008ba00000, 0x000000008bb00000|  0%| F|  |TAMS 0x000000008ba00000| PB 0x000000008ba00000| Untracked 
| 107|0x000000008bb00000, 0x000000008bb00000, 0x000000008bc00000|  0%| F|  |TAMS 0x000000008bb00000| PB 0x000000008bb00000| Untracked 
| 108|0x000000008bc00000, 0x000000008bc00000, 0x000000008bd00000|  0%| F|  |TAMS 0x000000008bc00000| PB 0x000000008bc00000| Untracked 
| 109|0x000000008bd00000, 0x000000008bd00000, 0x000000008be00000|  0%| F|  |TAMS 0x000000008bd00000| PB 0x000000008bd00000| Untracked 
| 110|0x000000008be00000, 0x000000008be00000, 0x000000008bf00000|  0%| F|  |TAMS 0x000000008be00000| PB 0x000000008be00000| Untracked 
| 111|0x000000008bf00000, 0x000000008bf00000, 0x000000008c000000|  0%| F|  |TAMS 0x000000008bf00000| PB 0x000000008bf00000| Untracked 
| 112|0x000000008c000000, 0x000000008c000000, 0x000000008c100000|  0%| F|  |TAMS 0x000000008c000000| PB 0x000000008c000000| Untracked 
| 113|0x000000008c100000, 0x000000008c100000, 0x000000008c200000|  0%| F|  |TAMS 0x000000008c100000| PB 0x000000008c100000| Untracked 
| 114|0x000000008c200000, 0x000000008c200000, 0x000000008c300000|  0%| F|  |TAMS 0x000000008c200000| PB 0x000000008c200000| Untracked 
| 115|0x000000008c300000, 0x000000008c300000, 0x000000008c400000|  0%| F|  |TAMS 0x000000008c300000| PB 0x000000008c300000| Untracked 
| 116|0x000000008c400000, 0x000000008c4bd720, 0x000000008c500000| 74%| S|CS|TAMS 0x000000008c400000| PB 0x000000008c400000| Complete 
| 117|0x000000008c500000, 0x000000008c600000, 0x000000008c600000|100%| S|CS|TAMS 0x000000008c500000| PB 0x000000008c500000| Complete 
| 118|0x000000008c600000, 0x000000008c700000, 0x000000008c700000|100%| S|CS|TAMS 0x000000008c600000| PB 0x000000008c600000| Complete 
| 119|0x000000008c700000, 0x000000008c700000, 0x000000008c800000|  0%| F|  |TAMS 0x000000008c700000| PB 0x000000008c700000| Untracked 
| 120|0x000000008c800000, 0x000000008c800000, 0x000000008c900000|  0%| F|  |TAMS 0x000000008c800000| PB 0x000000008c800000| Untracked 
| 121|0x000000008c900000, 0x000000008c900000, 0x000000008ca00000|  0%| F|  |TAMS 0x000000008c900000| PB 0x000000008c900000| Untracked 
| 122|0x000000008ca00000, 0x000000008ca00000, 0x000000008cb00000|  0%| F|  |TAMS 0x000000008ca00000| PB 0x000000008ca00000| Untracked 
| 123|0x000000008cb00000, 0x000000008cb00000, 0x000000008cc00000|  0%| F|  |TAMS 0x000000008cb00000| PB 0x000000008cb00000| Untracked 

Card table byte_map: [0x0000025934290000,0x0000025934670000] _byte_map_base: 0x0000025933e68000

Marking Bits: (CMBitMap*) 0x000002591cb2c8d0
 Bits: [0x0000025934a50000, 0x0000025936910000)

Polling page: 0x000002591aa10000

Metaspace:

Usage:
  Non-class:      6.14 MB used.
      Class:    717.59 KB used.
       Both:      6.85 MB used.

Virtual space:
  Non-class space:       64.00 MB reserved,       6.25 MB ( 10%) committed,  1 nodes.
      Class space:        1.00 GB reserved,     832.00 KB ( <1%) committed,  1 nodes.
             Both:        1.06 GB reserved,       7.06 MB ( <1%) committed. 

Chunk freelists:
   Non-Class:  1.00 MB
       Class:  3.23 MB
        Both:  4.23 MB

MaxMetaspaceSize: unlimited
CompressedClassSpaceSize: 1.00 GB
Initial GC threshold: 21.00 MB
Current GC threshold: 21.00 MB
CDS: on
MetaspaceReclaimPolicy: balanced
 - commit_granule_bytes: 65536.
 - commit_granule_words: 8192.
 - virtual_space_node_default_size: 8388608.
 - enlarge_chunks_in_place: 1.
 - new_chunks_are_fully_committed: 0.
 - uncommit_free_chunks: 1.
 - use_allocation_guard: 0.


Internal statistics:

num_allocs_failed_limit: 0.
num_arena_births: 152.
num_arena_deaths: 0.
num_vsnodes_births: 2.
num_vsnodes_deaths: 0.
num_space_committed: 113.
num_space_uncommitted: 0.
num_chunks_returned_to_freelist: 0.
num_chunks_taken_from_freelist: 190.
num_chunk_merges: 0.
num_chunk_splits: 110.
num_chunks_enlarged: 43.
num_inconsistent_stats: 0.

CodeHeap 'non-profiled nmethods': size=120000Kb used=353Kb max_used=353Kb free=119646Kb
 bounds [0x000002592c650000, 0x000002592c8c0000, 0x0000025933b80000]
CodeHeap 'profiled nmethods': size=120000Kb used=1949Kb max_used=1949Kb free=118050Kb
 bounds [0x0000025924b80000, 0x0000025924df0000, 0x000002592c0b0000]
CodeHeap 'non-nmethods': size=5760Kb used=1724Kb max_used=1738Kb free=4035Kb
 bounds [0x000002592c0b0000, 0x000002592c320000, 0x000002592c650000]
 total_blobs=1834 nmethods=1237 adapters=508
 compilation: enabled
              stopped_count=0, restarted_count=0
 full_count=0

Compilation events (20 events):
Event: 2.092 Thread 0x0000025939347ed0 nmethod 1228 0x0000025924d5cf10 code [0x0000025924d5d0e0, 0x0000025924d5d738]
Event: 2.092 Thread 0x0000025939347ed0 1229       3       java.awt.EventQueue::postEvent (172 bytes)
Event: 2.093 Thread 0x0000025939347ed0 nmethod 1229 0x0000025924d5d810 code [0x0000025924d5db20, 0x0000025924d5eed0]
Event: 2.094 Thread 0x0000025939347ed0 1230       3       java.awt.Component::getCursor_NoClientCode (30 bytes)
Event: 2.094 Thread 0x0000025939347ed0 nmethod 1230 0x0000025924d5f510 code [0x0000025924d5f6e0, 0x0000025924d5fa68]
Event: 2.095 Thread 0x0000025939347ed0 1232       3       javax.swing.RepaintManager::collectDirtyComponents (344 bytes)
Event: 2.096 Thread 0x0000025939347ed0 nmethod 1232 0x0000025924d5fb90 code [0x0000025924d5fee0, 0x0000025924d61828]
Event: 2.096 Thread 0x0000025939347ed0 1234       3       sun.java2d.pipe.Region::getInstanceXYXY (12 bytes)
Event: 2.096 Thread 0x0000025939347ed0 nmethod 1234 0x0000025924d62090 code [0x0000025924d62220, 0x0000025924d62448]
Event: 2.096 Thread 0x0000025939347ed0 1231       3       java.util.ArrayList::contains (14 bytes)
Event: 2.096 Thread 0x0000025939347ed0 nmethod 1231 0x0000025924d62590 code [0x0000025924d62720, 0x0000025924d62938]
Event: 2.096 Thread 0x0000025939347ed0 1233       3       java.awt.Rectangle::setBounds (21 bytes)
Event: 2.096 Thread 0x0000025939347ed0 nmethod 1233 0x0000025924d62a10 code [0x0000025924d62ba0, 0x0000025924d62d08]
Event: 2.096 Thread 0x0000025939347ed0 1235       3       sun.java2d.SurfaceData::validatePipe (785 bytes)
Event: 2.097 Thread 0x0000025939347ed0 nmethod 1235 0x0000025924d62e10 code [0x0000025924d63280, 0x0000025924d66280]
Event: 2.097 Thread 0x0000025939347ed0 1236       3       sun.java2d.SurfaceData::canRenderParallelograms (137 bytes)
Event: 2.098 Thread 0x0000025939347ed0 nmethod 1236 0x0000025924d66490 code [0x0000025924d66680, 0x0000025924d66e68]
Event: 2.098 Thread 0x0000025939347ed0 1237       3       java.lang.Thread::interrupted (7 bytes)
Event: 2.098 Thread 0x0000025939347ed0 nmethod 1237 0x0000025924d67010 code [0x0000025924d671a0, 0x0000025924d67408]
Event: 2.113 Thread 0x0000025939347ed0 1238       3       java.awt.Component::getBounds (5 bytes)

GC Heap History (11 events):
Event: 0.333 GC heap before
{Heap before GC invocations=0 (full 0):
 garbage-first heap   total 126976K, used 55296K [0x0000000085000000, 0x0000000100000000)
  region size 1024K, 23 young (23552K), 0 survivors (0K)
 Metaspace       used 4668K, committed 4864K, reserved 1114112K
  class space    used 480K, committed 576K, reserved 1048576K
}
Event: 0.337 GC heap after
{Heap after GC invocations=1 (full 0):
 garbage-first heap   total 126976K, used 35264K [0x0000000085000000, 0x0000000100000000)
  region size 1024K, 3 young (3072K), 3 survivors (3072K)
 Metaspace       used 4668K, committed 4864K, reserved 1114112K
  class space    used 480K, committed 576K, reserved 1048576K
}
Event: 1.812 GC heap before
{Heap before GC invocations=1 (full 0):
 garbage-first heap   total 126976K, used 87488K [0x0000000085000000, 0x0000000100000000)
  region size 1024K, 33 young (33792K), 3 survivors (3072K)
 Metaspace       used 6886K, committed 7104K, reserved 1114112K
  class space    used 715K, committed 832K, reserved 1048576K
}
Event: 1.816 GC heap after
{Heap after GC invocations=2 (full 0):
 garbage-first heap   total 126976K, used 59119K [0x0000000085000000, 0x0000000100000000)
  region size 1024K, 3 young (3072K), 3 survivors (3072K)
 Metaspace       used 6886K, committed 7104K, reserved 1114112K
  class space    used 715K, committed 832K, reserved 1048576K
}
Event: 1.842 GC heap before
{Heap before GC invocations=2 (full 0):
 garbage-first heap   total 126976K, used 62191K [0x0000000085000000, 0x0000000100000000)
  region size 1024K, 5 young (5120K), 3 survivors (3072K)
 Metaspace       used 6897K, committed 7104K, reserved 1114112K
  class space    used 716K, committed 832K, reserved 1048576K
}
Event: 1.845 GC heap after
{Heap after GC invocations=3 (full 0):
 garbage-first heap   total 126976K, used 42737K [0x0000000085000000, 0x0000000100000000)
  region size 1024K, 3 young (3072K), 3 survivors (3072K)
 Metaspace       used 6897K, committed 7104K, reserved 1114112K
  class space    used 716K, committed 832K, reserved 1048576K
}
Event: 1.964 GC heap before
{Heap before GC invocations=3 (full 0):
 garbage-first heap   total 126976K, used 60145K [0x0000000085000000, 0x0000000100000000)
  region size 1024K, 5 young (5120K), 3 survivors (3072K)
 Metaspace       used 6924K, committed 7104K, reserved 1114112K
  class space    used 717K, committed 832K, reserved 1048576K
}
Event: 1.967 GC heap after
{Heap after GC invocations=4 (full 0):
 garbage-first heap   total 126976K, used 57257K [0x0000000085000000, 0x0000000100000000)
  region size 1024K, 3 young (3072K), 3 survivors (3072K)
 Metaspace       used 6924K, committed 7104K, reserved 1114112K
  class space    used 717K, committed 832K, reserved 1048576K
}
Event: 1.980 GC heap before
{Heap before GC invocations=4 (full 0):
 garbage-first heap   total 126976K, used 60329K [0x0000000085000000, 0x0000000100000000)
  region size 1024K, 5 young (5120K), 3 survivors (3072K)
 Metaspace       used 6926K, committed 7104K, reserved 1114112K
  class space    used 717K, committed 832K, reserved 1048576K
}
Event: 1.983 GC heap after
{Heap after GC invocations=5 (full 0):
 garbage-first heap   total 126976K, used 42804K [0x0000000085000000, 0x0000000100000000)
  region size 1024K, 3 young (3072K), 3 survivors (3072K)
 Metaspace       used 6926K, committed 7104K, reserved 1114112K
  class space    used 717K, committed 832K, reserved 1048576K
}
Event: 2.113 GC heap before
{Heap before GC invocations=5 (full 0):
 garbage-first heap   total 126976K, used 60212K [0x0000000085000000, 0x0000000100000000)
  region size 1024K, 5 young (5120K), 3 survivors (3072K)
 Metaspace       used 7009K, committed 7232K, reserved 1114112K
  class space    used 717K, committed 832K, reserved 1048576K
}

Dll operation events (10 events):
Event: 0.005 Loaded shared library C:\Program Files\Java\jdk-20\bin\java.dll
Event: 0.013 Loaded shared library C:\Program Files\Java\jdk-20\bin\jsvml.dll
Event: 0.053 Loaded shared library C:\Program Files\Java\jdk-20\bin\net.dll
Event: 0.054 Loaded shared library C:\Program Files\Java\jdk-20\bin\nio.dll
Event: 0.076 Loaded shared library C:\Program Files\Java\jdk-20\bin\jimage.dll
Event: 0.089 Loaded shared library C:\Program Files\Java\jdk-20\bin\awt.dll
Event: 0.212 Loaded shared library C:\Program Files\Java\jdk-20\bin\zip.dll
Event: 0.248 Loaded shared library C:\Program Files\Java\jdk-20\bin\javajpeg.dll
Event: 0.654 Loaded shared library C:\Program Files\Java\jdk-20\bin\freetype.dll
Event: 0.654 Loaded shared library C:\Program Files\Java\jdk-20\bin\fontmanager.dll

Deoptimization events (20 events):
Event: 0.662 Thread 0x000002591cacd0e0 Uncommon trap: trap_request=0xffffff45 fr.pc=0x000002592c67f248 relative=0x00000000000001c8
Event: 0.662 Thread 0x000002591cacd0e0 Uncommon trap: reason=unstable_if action=reinterpret pc=0x000002592c67f248 method=java.lang.StringUTF16.compress([CI[BII)I @ 20 c2
Event: 0.662 Thread 0x000002591cacd0e0 DEOPT PACKING pc=0x000002592c67f248 sp=0x000000b9ff7fd840
Event: 0.662 Thread 0x000002591cacd0e0 DEOPT UNPACKING pc=0x000002592c0cd2a2 sp=0x000000b9ff7fd7b0 mode 2
Event: 0.850 Thread 0x000002593d8bd870 Uncommon trap: trap_request=0xffffffde fr.pc=0x000002592c6800b0 relative=0x0000000000000290
Event: 0.850 Thread 0x000002593d8bd870 Uncommon trap: reason=class_check action=maybe_recompile pc=0x000002592c6800b0 method=java.util.HashMap.getNode(Ljava/lang/Object;)Ljava/util/HashMap$Node; @ 63 c2
Event: 0.850 Thread 0x000002593d8bd870 DEOPT PACKING pc=0x000002592c6800b0 sp=0x000000b9815fd5d0
Event: 0.850 Thread 0x000002593d8bd870 DEOPT UNPACKING pc=0x000002592c0cd2a2 sp=0x000000b9815fd538 mode 2
Event: 0.852 Thread 0x000002593d8bd870 Uncommon trap: trap_request=0xffffffde fr.pc=0x000002592c6800b0 relative=0x0000000000000290
Event: 0.852 Thread 0x000002593d8bd870 Uncommon trap: reason=class_check action=maybe_recompile pc=0x000002592c6800b0 method=java.util.HashMap.getNode(Ljava/lang/Object;)Ljava/util/HashMap$Node; @ 63 c2
Event: 0.852 Thread 0x000002593d8bd870 DEOPT PACKING pc=0x000002592c6800b0 sp=0x000000b9815fd5d0
Event: 0.852 Thread 0x000002593d8bd870 DEOPT UNPACKING pc=0x000002592c0cd2a2 sp=0x000000b9815fd538 mode 2
Event: 0.876 Thread 0x000002593d8bd870 Uncommon trap: trap_request=0xffffffde fr.pc=0x000002592c6800b0 relative=0x0000000000000290
Event: 0.876 Thread 0x000002593d8bd870 Uncommon trap: reason=class_check action=maybe_recompile pc=0x000002592c6800b0 method=java.util.HashMap.getNode(Ljava/lang/Object;)Ljava/util/HashMap$Node; @ 63 c2
Event: 0.876 Thread 0x000002593d8bd870 DEOPT PACKING pc=0x000002592c6800b0 sp=0x000000b9815fd5d0
Event: 0.876 Thread 0x000002593d8bd870 DEOPT UNPACKING pc=0x000002592c0cd2a2 sp=0x000000b9815fd538 mode 2
Event: 0.890 Thread 0x000002593d8bd870 Uncommon trap: trap_request=0xffffffde fr.pc=0x000002592c6800b0 relative=0x0000000000000290
Event: 0.890 Thread 0x000002593d8bd870 Uncommon trap: reason=class_check action=maybe_recompile pc=0x000002592c6800b0 method=java.util.HashMap.getNode(Ljava/lang/Object;)Ljava/util/HashMap$Node; @ 63 c2
Event: 0.890 Thread 0x000002593d8bd870 DEOPT PACKING pc=0x000002592c6800b0 sp=0x000000b9815fd5d0
Event: 0.890 Thread 0x000002593d8bd870 DEOPT UNPACKING pc=0x000002592c0cd2a2 sp=0x000000b9815fd538 mode 2

Classes loaded (20 events):
Event: 0.841 Loading class java/nio/ByteBufferAsCharBufferB
Event: 0.841 Loading class java/nio/ByteBufferAsCharBufferB done
Event: 0.842 Loading class jdk/internal/foreign/MemorySessionImpl
Event: 0.842 Loading class java/lang/foreign/SegmentScope
Event: 0.842 Loading class java/lang/foreign/SegmentScope done
Event: 0.842 Loading class java/lang/foreign/SegmentAllocator
Event: 0.842 Loading class java/lang/foreign/SegmentAllocator done
Event: 0.842 Loading class jdk/internal/foreign/MemorySessionImpl done
Event: 0.844 Loading class sun/font/FontDesignMetrics$KeyReference
Event: 0.845 Loading class sun/font/FontDesignMetrics$KeyReference done
Event: 0.845 Loading class sun/awt/image/BufImgSurfaceManager
Event: 0.845 Loading class sun/awt/image/BufImgSurfaceManager done
Event: 1.841 Loading class java/awt/event/MouseEvent$1
Event: 1.841 Loading class sun/awt/AWTAccessor$MouseEventAccessor
Event: 1.841 Loading class sun/awt/AWTAccessor$MouseEventAccessor done
Event: 1.841 Loading class java/awt/event/MouseEvent$1 done
Event: 1.841 Loading class java/awt/Cursor$CursorDisposer
Event: 1.841 Loading class java/awt/Cursor$CursorDisposer done
Event: 1.847 Loading class java/awt/event/MouseWheelEvent
Event: 1.847 Loading class java/awt/event/MouseWheelEvent done

Classes unloaded (0 events):
No events

Classes redefined (0 events):
No events

Internal exceptions (16 events):
Event: 0.055 Thread 0x000002591cacd0e0 Exception <a 'sun/nio/fs/WindowsException'{0x000000008ca43d70}> (0x000000008ca43d70) 
thrown [s\open\src\hotspot\share\prims\jni.cpp, line 519]
Event: 0.056 Thread 0x000002591cacd0e0 Exception <a 'sun/nio/fs/WindowsException'{0x000000008ca46178}> (0x000000008ca46178) 
thrown [s\open\src\hotspot\share\prims\jni.cpp, line 519]
Event: 0.056 Thread 0x000002591cacd0e0 Exception <a 'sun/nio/fs/WindowsException'{0x000000008ca47088}> (0x000000008ca47088) 
thrown [s\open\src\hotspot\share\prims\jni.cpp, line 519]
Event: 0.081 Thread 0x000002591cacd0e0 Exception <a 'java/lang/ClassNotFoundException'{0x000000008c96e6c8}: sun/awt/resources/spi/awtProvider> (0x000000008c96e6c8) 
thrown [s\open\src\hotspot\share\classfile\systemDictionary.cpp, line 305]
Event: 0.097 Thread 0x000002591cacd0e0 Exception <a 'java/io/FileNotFoundException'{0x000000008c9c6238}> (0x000000008c9c6238) 
thrown [s\open\src\hotspot\share\prims\jni.cpp, line 519]
Event: 0.102 Thread 0x000002591cacd0e0 Exception <a 'java/io/FileNotFoundException'{0x000000008c9f0470}> (0x000000008c9f0470) 
thrown [s\open\src\hotspot\share\prims\jni.cpp, line 519]
Event: 0.156 Thread 0x000002591cacd0e0 Exception <a 'java/lang/NoSuchMethodError'{0x000000008c70f3a0}: 'void java.lang.invoke.DirectMethodHandle$Holder.invokeSpecial(java.lang.Object, java.lang.Object, java.lang.Object)'> (0x000000008c70f3a0) 
thrown [s\open\src\hotspot\share\interpreter\linkResolver.cpp, line 773]
Event: 0.162 Thread 0x000002591cacd0e0 Exception <a 'java/lang/NoSuchMethodError'{0x000000008c739b80}: 'java.lang.Object java.lang.invoke.DirectMethodHandle$Holder.newInvokeSpecial(java.lang.Object, java.lang.Object, java.lang.Object, java.lang.Object, java.lang.Object)'> (0x000000008c739b80) 
thrown [s\open\src\hotspot\share\interpreter\linkResolver.cpp, line 773]
Event: 0.167 Thread 0x000002591cacd0e0 Exception <a 'java/lang/NoSuchMethodError'{0x000000008c76a428}: 'java.lang.Object java.lang.invoke.DirectMethodHandle$Holder.invokeStatic(java.lang.Object, int, java.lang.Object)'> (0x000000008c76a428) 
thrown [s\open\src\hotspot\share\interpreter\linkResolver.cpp, line 773]
Event: 0.188 Thread 0x000002591cacd0e0 Exception <a 'java/lang/ClassNotFoundException'{0x000000008c625e48}: com/sun/swing/internal/plaf/metal/resources/spi/metalProvider> (0x000000008c625e48) 
thrown [s\open\src\hotspot\share\classfile\systemDictionary.cpp, line 305]
Event: 0.189 Thread 0x000002591cacd0e0 Exception <a 'java/lang/ClassNotFoundException'{0x000000008c629da8}: com/sun/swing/internal/plaf/basic/resources/spi/basicProvider> (0x000000008c629da8) 
thrown [s\open\src\hotspot\share\classfile\systemDictionary.cpp, line 305]
Event: 0.195 Thread 0x000002591cacd0e0 Exception <a 'java/lang/NoSuchMethodError'{0x000000008c648f28}: 'int java.lang.invoke.Invokers$Holder.invokeExact_MT(java.lang.Object, java.lang.Object)'> (0x000000008c648f28) 
thrown [s\open\src\hotspot\share\interpreter\linkResolver.cpp, line 773]
Event: 0.249 Thread 0x000002593d8fada0 Exception <a 'java/lang/NoSuchMethodError'{0x000000008c415250}: 'java.lang.Object java.lang.invoke.DirectMethodHandle$Holder.newInvokeSpecial(java.lang.Object, java.lang.Object, java.lang.Object, int, int, int, int, int)'> (0x000000008c415250) 
thrown [s\open\src\hotspot\share\interpreter\linkResolver.cpp, line 773]
Event: 0.637 Thread 0x000002593d881c00 Exception <a 'java/lang/NoSuchMethodError'{0x000000008b8cd040}: 'void java.lang.invoke.DirectMethodHandle$Holder.invokeVirtual(java.lang.Object, java.lang.Object)'> (0x000000008b8cd040) 
thrown [s\open\src\hotspot\share\interpreter\linkResolver.cpp, line 773]
Event: 0.650 Thread 0x000002591cacd0e0 Exception <a 'java/lang/NoSuchMethodError'{0x000000008b88a650}: 'void java.lang.invoke.DirectMethodHandle$Holder.invokeStaticInit(java.lang.Object)'> (0x000000008b88a650) 
thrown [s\open\src\hotspot\share\interpreter\linkResolver.cpp, line 773]
Event: 0.846 Thread 0x000002593d8bd870 Exception <a 'sun/java2d/InvalidPipeException'{0x000000008b7c3dc8}: GDIWindowSurfaceData: bounds changed> (0x000000008b7c3dc8) 
thrown [s\open\src\hotspot\share\prims\jni.cpp, line 538]

VM Operations (20 events):
Event: 0.057 Executing VM operation: HandshakeAllThreads done
Event: 0.235 Executing VM operation: HandshakeAllThreads
Event: 0.235 Executing VM operation: HandshakeAllThreads done
Event: 0.333 Executing VM operation: G1CollectForAllocation
Event: 0.338 Executing VM operation: G1CollectForAllocation done
Event: 0.445 Executing VM operation: HandshakeAllThreads
Event: 0.445 Executing VM operation: HandshakeAllThreads done
Event: 0.643 Executing VM operation: HandshakeAllThreads
Event: 0.643 Executing VM operation: HandshakeAllThreads done
Event: 0.833 Executing VM operation: HandshakeAllThreads
Event: 0.833 Executing VM operation: HandshakeAllThreads done
Event: 1.812 Executing VM operation: G1TryInitiateConcMark
Event: 1.816 Executing VM operation: G1TryInitiateConcMark done
Event: 1.842 Executing VM operation: G1TryInitiateConcMark
Event: 1.845 Executing VM operation: G1TryInitiateConcMark done
Event: 1.964 Executing VM operation: G1TryInitiateConcMark
Event: 1.967 Executing VM operation: G1TryInitiateConcMark done
Event: 1.980 Executing VM operation: G1TryInitiateConcMark
Event: 1.983 Executing VM operation: G1TryInitiateConcMark done
Event: 2.113 Executing VM operation: G1TryInitiateConcMark

Events (17 events):
Event: 0.014 Thread 0x000002591cacd0e0 Thread added: 0x000002591cacd0e0
Event: 0.024 Thread 0x0000025939333ba0 Thread added: 0x0000025939333ba0
Event: 0.024 Thread 0x0000025939334870 Thread added: 0x0000025939334870
Event: 0.025 Thread 0x000002593933d590 Thread added: 0x000002593933d590
Event: 0.025 Thread 0x000002593933eee0 Thread added: 0x000002593933eee0
Event: 0.025 Thread 0x0000025939340830 Thread added: 0x0000025939340830
Event: 0.025 Thread 0x0000025939343180 Thread added: 0x0000025939343180
Event: 0.025 Thread 0x0000025939343f20 Thread added: 0x0000025939343f20
Event: 0.025 Thread 0x0000025939347ed0 Thread added: 0x0000025939347ed0
Event: 0.044 Thread 0x000002593d57ebf0 Thread added: 0x000002593d57ebf0
Event: 0.066 Thread 0x000002593d62b100 Thread added: 0x000002593d62b100
Event: 0.131 Thread 0x000002593d853920 Thread added: 0x000002593d853920
Event: 0.133 Thread 0x000002593d854280 Thread added: 0x000002593d854280
Event: 0.133 Thread 0x000002593d881c00 Thread added: 0x000002593d881c00
Event: 0.199 Thread 0x000002593d8fada0 Thread added: 0x000002593d8fada0
Event: 0.631 Thread 0x000002593ece11e0 Thread added: 0x000002593ece11e0
Event: 0.638 Thread 0x000002593d8bd870 Thread added: 0x000002593d8bd870


Dynamic libraries:
0x00007ff6cef40000 - 0x00007ff6cef50000 	C:\Program Files\Java\jdk-20\bin\java.exe
0x00007ffbcfc50000 - 0x00007ffbcfe67000 	C:\WINDOWS\SYSTEM32\ntdll.dll
0x00007ffbce6f0000 - 0x00007ffbce7b4000 	C:\WINDOWS\System32\KERNEL32.DLL
0x00007ffbcd0c0000 - 0x00007ffbcd46d000 	C:\WINDOWS\System32\KERNELBASE.dll
0x00007ffbcd740000 - 0x00007ffbcd851000 	C:\WINDOWS\System32\ucrtbase.dll
0x00007ffbc5c50000 - 0x00007ffbc5c6b000 	C:\Program Files\Java\jdk-20\bin\VCRUNTIME140.dll
0x00007ffba0210000 - 0x00007ffba0229000 	C:\Program Files\Java\jdk-20\bin\jli.dll
0x00007ffbcfac0000 - 0x00007ffbcfb72000 	C:\WINDOWS\System32\ADVAPI32.dll
0x00007ffbced60000 - 0x00007ffbcee07000 	C:\WINDOWS\System32\msvcrt.dll
0x00007ffbce5c0000 - 0x00007ffbce669000 	C:\WINDOWS\System32\sechost.dll
0x00007ffbcd470000 - 0x00007ffbcd498000 	C:\WINDOWS\System32\bcrypt.dll
0x00007ffbcea00000 - 0x00007ffbceb14000 	C:\WINDOWS\System32\RPCRT4.dll
0x00007ffbcda30000 - 0x00007ffbcdbde000 	C:\WINDOWS\System32\USER32.dll
0x00007ffbcd090000 - 0x00007ffbcd0b6000 	C:\WINDOWS\System32\win32u.dll
0x00007ffbb72f0000 - 0x00007ffbb7583000 	C:\WINDOWS\WinSxS\amd64_microsoft.windows.common-controls_6595b64144ccf1df_6.0.22621.3672_none_2713b9d173822955\COMCTL32.dll
0x00007ffbcfa10000 - 0x00007ffbcfa39000 	C:\WINDOWS\System32\GDI32.dll
0x00007ffbccf70000 - 0x00007ffbcd089000 	C:\WINDOWS\System32\gdi32full.dll
0x00007ffbcd860000 - 0x00007ffbcd8fa000 	C:\WINDOWS\System32\msvcp_win.dll
0x00007ffbcbcd0000 - 0x00007ffbcbcda000 	C:\WINDOWS\SYSTEM32\VERSION.dll
0x00007ffbce6b0000 - 0x00007ffbce6e1000 	C:\WINDOWS\System32\IMM32.DLL
0x00007ffbc73f0000 - 0x00007ffbc73fc000 	C:\Program Files\Java\jdk-20\bin\vcruntime140_1.dll
0x00007ffba0280000 - 0x00007ffba030e000 	C:\Program Files\Java\jdk-20\bin\msvcp140.dll
0x00007ffb8ceb0000 - 0x00007ffb8db47000 	C:\Program Files\Java\jdk-20\bin\server\jvm.dll
0x00007ffbabaa0000 - 0x00007ffbabaa9000 	C:\WINDOWS\SYSTEM32\WSOCK32.dll
0x00007ffbc5a60000 - 0x00007ffbc5a94000 	C:\WINDOWS\SYSTEM32\WINMM.dll
0x00007ffbce980000 - 0x00007ffbce9f1000 	C:\WINDOWS\System32\WS2_32.dll
0x00007ffbcc010000 - 0x00007ffbcc028000 	C:\WINDOWS\SYSTEM32\kernel.appcore.dll
0x00007ffbc5aa0000 - 0x00007ffbc5aaa000 	C:\Program Files\Java\jdk-20\bin\jimage.dll
0x00007ffbca700000 - 0x00007ffbca932000 	C:\WINDOWS\SYSTEM32\DBGHELP.DLL
0x00007ffbcf680000 - 0x00007ffbcfa0d000 	C:\WINDOWS\System32\combase.dll
0x00007ffbce470000 - 0x00007ffbce547000 	C:\WINDOWS\System32\OLEAUT32.dll
0x00007ffbb01a0000 - 0x00007ffbb01d2000 	C:\WINDOWS\SYSTEM32\dbgcore.DLL
0x00007ffbcd900000 - 0x00007ffbcd97b000 	C:\WINDOWS\System32\bcryptPrimitives.dll
0x00007ffbc48d0000 - 0x00007ffbc48f6000 	C:\Program Files\Java\jdk-20\bin\java.dll
0x00007ffba0310000 - 0x00007ffba03e7000 	C:\Program Files\Java\jdk-20\bin\jsvml.dll
0x00007ffbcee10000 - 0x00007ffbcf678000 	C:\WINDOWS\System32\SHELL32.dll
0x00007ffbcb2c0000 - 0x00007ffbcbbbe000 	C:\WINDOWS\SYSTEM32\windows.storage.dll
0x00007ffbcb180000 - 0x00007ffbcb2bf000 	C:\WINDOWS\SYSTEM32\wintypes.dll
0x00007ffbcdbe0000 - 0x00007ffbcdcd9000 	C:\WINDOWS\System32\SHCORE.dll
0x00007ffbce560000 - 0x00007ffbce5be000 	C:\WINDOWS\System32\shlwapi.dll
0x00007ffbccea0000 - 0x00007ffbccec1000 	C:\WINDOWS\SYSTEM32\profapi.dll
0x00007ffbc4150000 - 0x00007ffbc4163000 	C:\Program Files\Java\jdk-20\bin\net.dll
0x00007ffbc6b70000 - 0x00007ffbc6ca6000 	C:\WINDOWS\SYSTEM32\WINHTTP.dll
0x00007ffbcc500000 - 0x00007ffbcc569000 	C:\WINDOWS\system32\mswsock.dll
0x00007ffbbf400000 - 0x00007ffbbf416000 	C:\Program Files\Java\jdk-20\bin\nio.dll
0x00007ffb8cd10000 - 0x00007ffb8cea1000 	C:\Program Files\Java\jdk-20\bin\awt.dll
0x00007ffbc53d0000 - 0x00007ffbc5467000 	C:\WINDOWS\SYSTEM32\apphelp.dll
0x00007ffbc9f90000 - 0x00007ffbc9fbb000 	C:\WINDOWS\system32\DWMAPI.DLL
0x00007ffbc9d00000 - 0x00007ffbc9db0000 	C:\WINDOWS\system32\uxtheme.dll
0x00007ffb951f0000 - 0x00007ffb952f0000 	C:\WINDOWS\system32\opengl32.dll
0x00007ffb95d10000 - 0x00007ffb95d3d000 	C:\WINDOWS\SYSTEM32\GLU32.dll
0x00007ffbc9e10000 - 0x00007ffbc9e47000 	C:\WINDOWS\SYSTEM32\dxcore.dll
0x00007ffbcdce0000 - 0x00007ffbcde3b000 	C:\WINDOWS\System32\MSCTF.dll
0x00007ffbceb20000 - 0x00007ffbcecc5000 	C:\WINDOWS\System32\ole32.dll
0x00007ffbb6170000 - 0x00007ffbb6188000 	C:\Program Files\Java\jdk-20\bin\zip.dll
0x00007ffbc3660000 - 0x00007ffbc368e000 	C:\Program Files\Java\jdk-20\bin\javajpeg.dll
0x00007ffb911e0000 - 0x00007ffb91266000 	C:\Program Files\Java\jdk-20\bin\freetype.dll
0x00007ffb8cc40000 - 0x00007ffb8cd06000 	C:\Program Files\Java\jdk-20\bin\fontmanager.dll
0x00007ffbb7e40000 - 0x00007ffbb7f8e000 	C:\WINDOWS\SYSTEM32\textinputframework.dll
0x00007ffbc5200000 - 0x00007ffbc5333000 	C:\WINDOWS\SYSTEM32\CoreMessaging.dll
0x00007ffbc0600000 - 0x00007ffbc096d000 	C:\WINDOWS\SYSTEM32\CoreUIComponents.dll
0x00007ffbcc780000 - 0x00007ffbcc78c000 	C:\WINDOWS\SYSTEM32\CRYPTBASE.DLL

dbghelp: loaded successfully - version: 4.0.5 - missing functions: none
symbol engine: initialized successfully - sym options: 0x614 - pdb path: .;C:\Program Files\Java\jdk-20\bin;C:\WINDOWS\SYSTEM32;C:\WINDOWS\WinSxS\amd64_microsoft.windows.common-controls_6595b64144ccf1df_6.0.22621.3672_none_2713b9d173822955;C:\Program Files\Java\jdk-20\bin\server

VM Arguments:
jvm_args: -Dfile.encoding=UTF-8 --module-path=C:\Users\Pratiksha\Desktop\University Management System\build\classes 
java_command: university.management.system.Splash
java_class_path (initial): C:\Users\Pratiksha\Desktop\University Management System\build\classes
Launcher Type: SUN_STANDARD

[Global flags]
     intx CICompilerCount                          = 4                                         {product} {ergonomic}
     uint ConcGCThreads                            = 2                                         {product} {ergonomic}
     uint G1ConcRefinementThreads                  = 8                                         {product} {ergonomic}
   size_t G1HeapRegionSize                         = 1048576                                   {product} {ergonomic}
    uintx GCDrainStackTargetSize                   = 64                                        {product} {ergonomic}
   size_t InitialHeapSize                          = 130023424                                 {product} {ergonomic}
   size_t MarkStackSize                            = 4194304                                   {product} {ergonomic}
   size_t MaxHeapSize                              = 2063597568                                {product} {ergonomic}
   size_t MaxNewSize                               = 1237319680                                {product} {ergonomic}
   size_t MinHeapDeltaBytes                        = 1048576                                   {product} {ergonomic}
   size_t MinHeapSize                              = 8388608                                   {product} {ergonomic}
    uintx NonNMethodCodeHeapSize                   = 5839372                                {pd product} {ergonomic}
    uintx NonProfiledCodeHeapSize                  = 122909434                              {pd product} {ergonomic}
    uintx ProfiledCodeHeapSize                     = 122909434                              {pd product} {ergonomic}
    uintx ReservedCodeCacheSize                    = 251658240                              {pd product} {ergonomic}
     bool SegmentedCodeCache                       = true                                      {product} {ergonomic}
   size_t SoftMaxHeapSize                          = 2063597568                             {manageable} {ergonomic}
     bool UseCompressedClassPointers               = true                           {product lp64_product} {ergonomic}
     bool UseCompressedOops                        = true                           {product lp64_product} {ergonomic}
     bool UseG1GC                                  = true                                      {product} {ergonomic}
     bool UseLargePagesIndividualAllocation        = false                                  {pd product} {ergonomic}

Logging:
Log output configuration:
 #0: stdout all=warning uptime,level,tags foldmultilines=false
 #1: stderr all=off uptime,level,tags foldmultilines=false

Environment Variables:
JAVA_HOME=C:\Program Files\Java\jdk-18.0.1.1
PATH=C:\Python312\Scripts\;C:\Python312\;C:\Program Files\Common Files\Oracle\Java\javapath;C:\WINDOWS\system32;C:\WINDOWS;C:\WINDOWS\System32\Wbem;C:\WINDOWS\System32\WindowsPowerShell\v1.0\;C:\WINDOWS\System32\OpenSSH\;C:\Program Files\Microsoft SQL Server\Client SDK\ODBC\170\Tools\Binn\;C:\Program Files (x86)\Microsoft SQL Server\150\Tools\Binn\;C:\Program Files\Microsoft SQL Server\150\Tools\Binn\;C:\Program Files\Microsoft SQL Server\150\DTS\Binn\;C:\Program Files\MySQL\MySQL Server 8.0\bin;C:\Program Files\Java\jdk-18.0.1.1\bin;C:\MinGW\bin;C:\Program Files\MySQL\MySQL Server 8.0\bin;C:\ProgramData\chocolatey\bin;C:\Program Files\;C:\Program Files\Git\cmd;C:\Users\Pratiksha\AppData\Local\Programs\Python\Python39\Scripts\;C:\Users\Pratiksha\AppData\Local\Programs\Python\Python39\;C:\Program Files\MySQL\MySQL Shell 8.0\bin\;C:\Users\Pratiksha\AppData\Local\Microsoft\WindowsApps;C:\Users\Pratiksha\AppData\Local\Programs\Microsoft VS Code\bin;C:\xampp\mysql\bin;C:\Users\Pratiksha\AppData\Local\JetBrains\IntelliJ IDEA Community Edition 2023.2.4\bin;;C:\Users\Pratiksha\AppData\Roaming\npm;C:\Users\Pratiksha\PyCharm Community Edition 2023.3.3\bin;;C:\Users\Pratiksha\AppData\Local\Programs\Python\Python312\Scripts;C:\Users\Pratiksha\AppData\Local\GitHubDesktop\bin
USERNAME=Pratiksha
OS=Windows_NT
PROCESSOR_IDENTIFIER=Intel64 Family 6 Model 140 Stepping 1, GenuineIntel
TMP=C:\Users\PRATIK~1\AppData\Local\Temp
TEMP=C:\Users\PRATIK~1\AppData\Local\Temp




---------------  S Y S T E M  ---------------

OS:
 Windows 11 , 64 bit Build 22621 (10.0.22621.3958)
OS uptime: 0 days 0:56 hours

CPU: total 8 (initial active 8) (4 cores per cpu, 2 threads per core) family 6 model 140 stepping 1 microcode 0x86, cx8, cmov, fxsr, ht, mmx, 3dnowpref, sse, sse2, sse3, ssse3, sse4.1, sse4.2, popcnt, lzcnt, tsc, tscinvbit, avx, avx2, aes, erms, clmul, bmi1, bmi2, adx, avx512f, avx512dq, avx512cd, avx512bw, avx512vl, sha, fma, vzeroupper, avx512_vpopcntdq, avx512_vpclmulqdq, avx512_vaes, avx512_vnni, clflush, clflushopt, clwb, avx512_vbmi2, avx512_vbmi, rdtscp, rdpid, fsrm, gfni, avx512_bitalg, f16c, pku, cet_ibt, cet_ss, avx512_ifma

Memory: 4k page, system-wide physical 7871M (421M free)
TotalPageFile size 32447M (AvailPageFile size 35M)
current process WorkingSet (physical memory assigned to process): 151M, peak: 153M
current process commit charge ("private bytes"): 226M, peak: 341M

vm_info: Java HotSpot(TM) 64-Bit Server VM (20.0.1+9-29) for windows-amd64 JRE (20.0.1+9-29), built on 2023-03-07T13:56:11Z by "mach5one" with MS VC++ 17.1 (VS2022)

END.
