#
# There is insufficient memory for the Java Runtime Environment to continue.
# Native memory allocation (mmap) failed to map 65536 bytes for Failed to commit metaspace.
# Possible reasons:
#   The system is out of physical RAM or swap space
#   The process is running with CompressedOops enabled, and the Java Heap may be blocking the growth of the native heap
# Possible solutions:
#   Reduce memory load on the system
#   Increase physical memory or swap space
#   Check if swap backing store is full
#   Decrease Java heap size (-Xmx/-Xms)
#   Decrease number of Java threads
#   Decrease Java thread stack sizes (-Xss)
#   Set larger code cache with -XX:ReservedCodeCacheSize=
#   JVM is running with Unscaled Compressed Oops mode in which the Java heap is
#     placed in the first 4GB address space. The Java Heap base address is the
#     maximum limit for the native heap growth. Please use -XX:HeapBaseMinAddress
#     to set the Java Heap base and to place the Java Heap above 4GB virtual address.
# This output file may be truncated or incomplete.
#
#  Out of Memory Error (virtualSpaceNode.cpp:110), pid=42420, tid=42168
#
# JRE version: Java(TM) SE Runtime Environment (20.0.1+9) (build 20.0.1+9-29)
# Java VM: Java HotSpot(TM) 64-Bit Server VM (20.0.1+9-29, mixed mode, sharing, tiered, compressed oops, compressed class ptrs, g1 gc, windows-amd64)
# No core dump will be written. Minidumps are not enabled by default on client versions of Windows
#

---------------  S U M M A R Y ------------

Command Line: -Dfile.encoding=UTF-8 --module-path=C:\Users\Pratiksha\Desktop\University Management System\build\classes university.management.system.Login

Host: 11th Gen Intel(R) Core(TM) i5-1135G7 @ 2.40GHz, 8 cores, 7G,  Windows 11 , 64 bit Build 22621 (10.0.22621.3958)
Time: Wed Aug 28 18:06:37 2024 India Standard Time elapsed time: 0.412151 seconds (0d 0h 0m 0s)

---------------  T H R E A D  ---------------

Current thread (0x000001a79477e670):  JavaThread "main" [_thread_in_vm, id=42168, stack(0x00000019e1f00000,0x00000019e2000000)]

Stack: [0x00000019e1f00000,0x00000019e2000000]
Native frames: (J=compiled Java code, j=interpreted, Vv=VM code, C=native code)
V  [jvm.dll+0x6bb95a]
V  [jvm.dll+0x8485fa]
V  [jvm.dll+0x84a1f5]
V  [jvm.dll+0x84a8f3]
V  [jvm.dll+0x280b0f]
V  [jvm.dll+0x84453b]
V  [jvm.dll+0x65fd86]
V  [jvm.dll+0x65fdea]
V  [jvm.dll+0x6626c3]
V  [jvm.dll+0x66258e]
V  [jvm.dll+0x66079e]
V  [jvm.dll+0x671929]
V  [jvm.dll+0x66b01e]
V  [jvm.dll+0x3d8d51]
C  0x000001a7a3d80f79

Java frames: (J=compiled Java code, j=interpreted, Vv=VM code)
j  javax.swing.text.JTextComponent$4.<init>(Lcom/sun/beans/util/Cache$Kind;Lcom/sun/beans/util/Cache$Kind;)V+0 java.desktop@20.0.1
j  javax.swing.text.JTextComponent.<clinit>()V+20 java.desktop@20.0.1
v  ~StubRoutines::call_stub 0x000001a7a3d610e7
j  university.management.system.Login.<init>()V+48
j  university.management.system.Login.main([Ljava/lang/String;)V+4
v  ~StubRoutines::call_stub 0x000001a7a3d610e7

---------------  P R O C E S S  ---------------

Threads class SMR info:
_java_thread_list=0x000001a7b5733900, length=14, elements={
0x000001a79477e670, 0x000001a7b09cd6f0, 0x000001a7b09ce2f0, 0x000001a7b09d1340,
0x000001a7b09d1d70, 0x000001a7b09d27a0, 0x000001a7b09d31d0, 0x000001a7b09d3f30,
0x000001a7b09d7200, 0x000001a7b099c5f0, 0x000001a7b55e4100, 0x000001a7b56580f0,
0x000001a7b574cad0, 0x000001a7b57525a0
}

Java Threads: ( => current thread )
=>0x000001a79477e670 JavaThread "main" [_thread_in_vm, id=42168, stack(0x00000019e1f00000,0x00000019e2000000)]
  0x000001a7b09cd6f0 JavaThread "Reference Handler" daemon [_thread_blocked, id=42628, stack(0x00000019e2600000,0x00000019e2700000)]
  0x000001a7b09ce2f0 JavaThread "Finalizer" daemon [_thread_blocked, id=22200, stack(0x00000019e2700000,0x00000019e2800000)]
  0x000001a7b09d1340 JavaThread "Signal Dispatcher" daemon [_thread_blocked, id=40868, stack(0x00000019e2800000,0x00000019e2900000)]
  0x000001a7b09d1d70 JavaThread "Attach Listener" daemon [_thread_blocked, id=39860, stack(0x00000019e2900000,0x00000019e2a00000)]
  0x000001a7b09d27a0 JavaThread "Service Thread" daemon [_thread_blocked, id=41328, stack(0x00000019e2a00000,0x00000019e2b00000)]
  0x000001a7b09d31d0 JavaThread "Monitor Deflation Thread" daemon [_thread_blocked, id=40404, stack(0x00000019e2b00000,0x00000019e2c00000)]
  0x000001a7b09d3f30 JavaThread "C2 CompilerThread0" daemon [_thread_blocked, id=38660, stack(0x00000019e2c00000,0x00000019e2d00000)]
  0x000001a7b09d7200 JavaThread "C1 CompilerThread0" daemon [_thread_blocked, id=38672, stack(0x00000019e2d00000,0x00000019e2e00000)]
  0x000001a7b099c5f0 JavaThread "Common-Cleaner" daemon [_thread_blocked, id=39428, stack(0x00000019e2e00000,0x00000019e2f00000)]
  0x000001a7b55e4100 JavaThread "Notification Thread" daemon [_thread_blocked, id=36916, stack(0x00000019e2f00000,0x00000019e3000000)]
  0x000001a7b56580f0 JavaThread "Java2D Disposer" daemon [_thread_blocked, id=41336, stack(0x00000019e3100000,0x00000019e3200000)]
  0x000001a7b574cad0 JavaThread "AWT-Shutdown" [_thread_blocked, id=41152, stack(0x00000019e3200000,0x00000019e3300000)]
  0x000001a7b57525a0 JavaThread "AWT-Windows" daemon [_thread_in_native, id=41944, stack(0x00000019e3300000,0x00000019e3400000)]

Other Threads:
  0x000001a7b09b2930 VMThread "VM Thread" [stack: 0x00000019e2500000,0x00000019e2600000] [id=31528]
  0x000001a7b55e4650 WatcherThread "VM Periodic Task Thread" [stack: 0x00000019e3000000,0x00000019e3100000] [id=42208]
  0x000001a7947dd830 WorkerThread "GC Thread#0" [stack: 0x00000019e2000000,0x00000019e2100000] [id=2340]
  0x000001a7947edf60 ConcurrentGCThread "G1 Main Marker" [stack: 0x00000019e2100000,0x00000019e2200000] [id=37972]
  0x000001a7947ee990 WorkerThread "G1 Conc#0" [stack: 0x00000019e2200000,0x00000019e2300000] [id=41768]
  0x000001a7b086c780 ConcurrentGCThread "G1 Refine#0" [stack: 0x00000019e2300000,0x00000019e2400000] [id=41764]
  0x000001a7b086d220 ConcurrentGCThread "G1 Service" [stack: 0x00000019e2400000,0x00000019e2500000] [id=27080]

Threads with active compile tasks:

VM state: not at safepoint (normal execution)

VM Mutex/Monitor currently owned by a thread:  ([mutex/lock_event])
[0x000001a794778b60] Metaspace_lock - owner thread: 0x000001a79477e670

Heap address: 0x0000000085000000, size: 1968 MB, Compressed Oops mode: 32-bit

CDS archive(s) mapped at: [0x0000000800000000-0x0000000800c60000-0x0000000800c60000), size 12976128, SharedBaseAddress: 0x0000000800000000, ArchiveRelocationMode: 0.
Compressed class space mapped at: 0x0000000801000000-0x0000000841000000, reserved size: 1073741824
Narrow klass base: 0x0000000800000000, Narrow klass shift: 0, Narrow klass range: 0x100000000

GC Precious Log:
 CardTable entry size: 512
 Card Set container configuration: InlinePtr #cards 5 size 8 Array Of Cards #cards 12 size 40 Howl #buckets 4 coarsen threshold 1843 Howl Bitmap #cards 512 size 80 coarsen threshold 460 Card regions per heap region 1 cards per card region 2048
 CPUs: 8 total, 8 available
 Memory: 7871M
 Large Page Support: Disabled
 NUMA Support: Disabled
 Compressed Oops: Enabled (32-bit)
 Heap Region Size: 1M
 Heap Min Capacity: 8M
 Heap Initial Capacity: 124M
 Heap Max Capacity: 1968M
 Pre-touch: Disabled
 Parallel Workers: 8
 Concurrent Workers: 2
 Concurrent Refinement Workers: 8
 Periodic GC: Disabled

Heap:
 garbage-first heap   total 126976K, used 5120K [0x0000000085000000, 0x0000000100000000)
  region size 1024K, 6 young (6144K), 0 survivors (0K)
 Metaspace       used 4241K, committed 4352K, reserved 1114112K
  class space    used 458K, committed 512K, reserved 1048576K

Heap Regions: E=young(eden), S=young(survivor), O=old, HS=humongous(starts), HC=humongous(continues), CS=collection set, F=free, OA=open archive, CA=closed archive, TAMS=top-at-mark-start, PB=parsable bottom
|   0|0x0000000085000000, 0x0000000085000000, 0x0000000085100000|  0%| F|  |TAMS 0x0000000085000000| PB 0x0000000085000000| Untracked 
|   1|0x0000000085100000, 0x0000000085100000, 0x0000000085200000|  0%| F|  |TAMS 0x0000000085100000| PB 0x0000000085100000| Untracked 
|   2|0x0000000085200000, 0x0000000085200000, 0x0000000085300000|  0%| F|  |TAMS 0x0000000085200000| PB 0x0000000085200000| Untracked 
|   3|0x0000000085300000, 0x0000000085300000, 0x0000000085400000|  0%| F|  |TAMS 0x0000000085300000| PB 0x0000000085300000| Untracked 
|   4|0x0000000085400000, 0x0000000085400000, 0x0000000085500000|  0%| F|  |TAMS 0x0000000085400000| PB 0x0000000085400000| Untracked 
|   5|0x0000000085500000, 0x0000000085500000, 0x0000000085600000|  0%| F|  |TAMS 0x0000000085500000| PB 0x0000000085500000| Untracked 
|   6|0x0000000085600000, 0x0000000085600000, 0x0000000085700000|  0%| F|  |TAMS 0x0000000085600000| PB 0x0000000085600000| Untracked 
|   7|0x0000000085700000, 0x0000000085700000, 0x0000000085800000|  0%| F|  |TAMS 0x0000000085700000| PB 0x0000000085700000| Untracked 
|   8|0x0000000085800000, 0x0000000085800000, 0x0000000085900000|  0%| F|  |TAMS 0x0000000085800000| PB 0x0000000085800000| Untracked 
|   9|0x0000000085900000, 0x0000000085900000, 0x0000000085a00000|  0%| F|  |TAMS 0x0000000085900000| PB 0x0000000085900000| Untracked 
|  10|0x0000000085a00000, 0x0000000085a00000, 0x0000000085b00000|  0%| F|  |TAMS 0x0000000085a00000| PB 0x0000000085a00000| Untracked 
|  11|0x0000000085b00000, 0x0000000085b00000, 0x0000000085c00000|  0%| F|  |TAMS 0x0000000085b00000| PB 0x0000000085b00000| Untracked 
|  12|0x0000000085c00000, 0x0000000085c00000, 0x0000000085d00000|  0%| F|  |TAMS 0x0000000085c00000| PB 0x0000000085c00000| Untracked 
|  13|0x0000000085d00000, 0x0000000085d00000, 0x0000000085e00000|  0%| F|  |TAMS 0x0000000085d00000| PB 0x0000000085d00000| Untracked 
|  14|0x0000000085e00000, 0x0000000085e00000, 0x0000000085f00000|  0%| F|  |TAMS 0x0000000085e00000| PB 0x0000000085e00000| Untracked 
|  15|0x0000000085f00000, 0x0000000085f00000, 0x0000000086000000|  0%| F|  |TAMS 0x0000000085f00000| PB 0x0000000085f00000| Untracked 
|  16|0x0000000086000000, 0x0000000086000000, 0x0000000086100000|  0%| F|  |TAMS 0x0000000086000000| PB 0x0000000086000000| Untracked 
|  17|0x0000000086100000, 0x0000000086100000, 0x0000000086200000|  0%| F|  |TAMS 0x0000000086100000| PB 0x0000000086100000| Untracked 
|  18|0x0000000086200000, 0x0000000086200000, 0x0000000086300000|  0%| F|  |TAMS 0x0000000086200000| PB 0x0000000086200000| Untracked 
|  19|0x0000000086300000, 0x0000000086300000, 0x0000000086400000|  0%| F|  |TAMS 0x0000000086300000| PB 0x0000000086300000| Untracked 
|  20|0x0000000086400000, 0x0000000086400000, 0x0000000086500000|  0%| F|  |TAMS 0x0000000086400000| PB 0x0000000086400000| Untracked 
|  21|0x0000000086500000, 0x0000000086500000, 0x0000000086600000|  0%| F|  |TAMS 0x0000000086500000| PB 0x0000000086500000| Untracked 
|  22|0x0000000086600000, 0x0000000086600000, 0x0000000086700000|  0%| F|  |TAMS 0x0000000086600000| PB 0x0000000086600000| Untracked 
|  23|0x0000000086700000, 0x0000000086700000, 0x0000000086800000|  0%| F|  |TAMS 0x0000000086700000| PB 0x0000000086700000| Untracked 
|  24|0x0000000086800000, 0x0000000086800000, 0x0000000086900000|  0%| F|  |TAMS 0x0000000086800000| PB 0x0000000086800000| Untracked 
|  25|0x0000000086900000, 0x0000000086900000, 0x0000000086a00000|  0%| F|  |TAMS 0x0000000086900000| PB 0x0000000086900000| Untracked 
|  26|0x0000000086a00000, 0x0000000086a00000, 0x0000000086b00000|  0%| F|  |TAMS 0x0000000086a00000| PB 0x0000000086a00000| Untracked 
|  27|0x0000000086b00000, 0x0000000086b00000, 0x0000000086c00000|  0%| F|  |TAMS 0x0000000086b00000| PB 0x0000000086b00000| Untracked 
|  28|0x0000000086c00000, 0x0000000086c00000, 0x0000000086d00000|  0%| F|  |TAMS 0x0000000086c00000| PB 0x0000000086c00000| Untracked 
|  29|0x0000000086d00000, 0x0000000086d00000, 0x0000000086e00000|  0%| F|  |TAMS 0x0000000086d00000| PB 0x0000000086d00000| Untracked 
|  30|0x0000000086e00000, 0x0000000086e00000, 0x0000000086f00000|  0%| F|  |TAMS 0x0000000086e00000| PB 0x0000000086e00000| Untracked 
|  31|0x0000000086f00000, 0x0000000086f00000, 0x0000000087000000|  0%| F|  |TAMS 0x0000000086f00000| PB 0x0000000086f00000| Untracked 
|  32|0x0000000087000000, 0x0000000087000000, 0x0000000087100000|  0%| F|  |TAMS 0x0000000087000000| PB 0x0000000087000000| Untracked 
|  33|0x0000000087100000, 0x0000000087100000, 0x0000000087200000|  0%| F|  |TAMS 0x0000000087100000| PB 0x0000000087100000| Untracked 
|  34|0x0000000087200000, 0x0000000087200000, 0x0000000087300000|  0%| F|  |TAMS 0x0000000087200000| PB 0x0000000087200000| Untracked 
|  35|0x0000000087300000, 0x0000000087300000, 0x0000000087400000|  0%| F|  |TAMS 0x0000000087300000| PB 0x0000000087300000| Untracked 
|  36|0x0000000087400000, 0x0000000087400000, 0x0000000087500000|  0%| F|  |TAMS 0x0000000087400000| PB 0x0000000087400000| Untracked 
|  37|0x0000000087500000, 0x0000000087500000, 0x0000000087600000|  0%| F|  |TAMS 0x0000000087500000| PB 0x0000000087500000| Untracked 
|  38|0x0000000087600000, 0x0000000087600000, 0x0000000087700000|  0%| F|  |TAMS 0x0000000087600000| PB 0x0000000087600000| Untracked 
|  39|0x0000000087700000, 0x0000000087700000, 0x0000000087800000|  0%| F|  |TAMS 0x0000000087700000| PB 0x0000000087700000| Untracked 
|  40|0x0000000087800000, 0x0000000087800000, 0x0000000087900000|  0%| F|  |TAMS 0x0000000087800000| PB 0x0000000087800000| Untracked 
|  41|0x0000000087900000, 0x0000000087900000, 0x0000000087a00000|  0%| F|  |TAMS 0x0000000087900000| PB 0x0000000087900000| Untracked 
|  42|0x0000000087a00000, 0x0000000087a00000, 0x0000000087b00000|  0%| F|  |TAMS 0x0000000087a00000| PB 0x0000000087a00000| Untracked 
|  43|0x0000000087b00000, 0x0000000087b00000, 0x0000000087c00000|  0%| F|  |TAMS 0x0000000087b00000| PB 0x0000000087b00000| Untracked 
|  44|0x0000000087c00000, 0x0000000087c00000, 0x0000000087d00000|  0%| F|  |TAMS 0x0000000087c00000| PB 0x0000000087c00000| Untracked 
|  45|0x0000000087d00000, 0x0000000087d00000, 0x0000000087e00000|  0%| F|  |TAMS 0x0000000087d00000| PB 0x0000000087d00000| Untracked 
|  46|0x0000000087e00000, 0x0000000087e00000, 0x0000000087f00000|  0%| F|  |TAMS 0x0000000087e00000| PB 0x0000000087e00000| Untracked 
|  47|0x0000000087f00000, 0x0000000087f00000, 0x0000000088000000|  0%| F|  |TAMS 0x0000000087f00000| PB 0x0000000087f00000| Untracked 
|  48|0x0000000088000000, 0x0000000088000000, 0x0000000088100000|  0%| F|  |TAMS 0x0000000088000000| PB 0x0000000088000000| Untracked 
|  49|0x0000000088100000, 0x0000000088100000, 0x0000000088200000|  0%| F|  |TAMS 0x0000000088100000| PB 0x0000000088100000| Untracked 
|  50|0x0000000088200000, 0x0000000088200000, 0x0000000088300000|  0%| F|  |TAMS 0x0000000088200000| PB 0x0000000088200000| Untracked 
|  51|0x0000000088300000, 0x0000000088300000, 0x0000000088400000|  0%| F|  |TAMS 0x0000000088300000| PB 0x0000000088300000| Untracked 
|  52|0x0000000088400000, 0x0000000088400000, 0x0000000088500000|  0%| F|  |TAMS 0x0000000088400000| PB 0x0000000088400000| Untracked 
|  53|0x0000000088500000, 0x0000000088500000, 0x0000000088600000|  0%| F|  |TAMS 0x0000000088500000| PB 0x0000000088500000| Untracked 
|  54|0x0000000088600000, 0x0000000088600000, 0x0000000088700000|  0%| F|  |TAMS 0x0000000088600000| PB 0x0000000088600000| Untracked 
|  55|0x0000000088700000, 0x0000000088700000, 0x0000000088800000|  0%| F|  |TAMS 0x0000000088700000| PB 0x0000000088700000| Untracked 
|  56|0x0000000088800000, 0x0000000088800000, 0x0000000088900000|  0%| F|  |TAMS 0x0000000088800000| PB 0x0000000088800000| Untracked 
|  57|0x0000000088900000, 0x0000000088900000, 0x0000000088a00000|  0%| F|  |TAMS 0x0000000088900000| PB 0x0000000088900000| Untracked 
|  58|0x0000000088a00000, 0x0000000088a00000, 0x0000000088b00000|  0%| F|  |TAMS 0x0000000088a00000| PB 0x0000000088a00000| Untracked 
|  59|0x0000000088b00000, 0x0000000088b00000, 0x0000000088c00000|  0%| F|  |TAMS 0x0000000088b00000| PB 0x0000000088b00000| Untracked 
|  60|0x0000000088c00000, 0x0000000088c00000, 0x0000000088d00000|  0%| F|  |TAMS 0x0000000088c00000| PB 0x0000000088c00000| Untracked 
|  61|0x0000000088d00000, 0x0000000088d00000, 0x0000000088e00000|  0%| F|  |TAMS 0x0000000088d00000| PB 0x0000000088d00000| Untracked 
|  62|0x0000000088e00000, 0x0000000088e00000, 0x0000000088f00000|  0%| F|  |TAMS 0x0000000088e00000| PB 0x0000000088e00000| Untracked 
|  63|0x0000000088f00000, 0x0000000088f00000, 0x0000000089000000|  0%| F|  |TAMS 0x0000000088f00000| PB 0x0000000088f00000| Untracked 
|  64|0x0000000089000000, 0x0000000089000000, 0x0000000089100000|  0%| F|  |TAMS 0x0000000089000000| PB 0x0000000089000000| Untracked 
|  65|0x0000000089100000, 0x0000000089100000, 0x0000000089200000|  0%| F|  |TAMS 0x0000000089100000| PB 0x0000000089100000| Untracked 
|  66|0x0000000089200000, 0x0000000089200000, 0x0000000089300000|  0%| F|  |TAMS 0x0000000089200000| PB 0x0000000089200000| Untracked 
|  67|0x0000000089300000, 0x0000000089300000, 0x0000000089400000|  0%| F|  |TAMS 0x0000000089300000| PB 0x0000000089300000| Untracked 
|  68|0x0000000089400000, 0x0000000089400000, 0x0000000089500000|  0%| F|  |TAMS 0x0000000089400000| PB 0x0000000089400000| Untracked 
|  69|0x0000000089500000, 0x0000000089500000, 0x0000000089600000|  0%| F|  |TAMS 0x0000000089500000| PB 0x0000000089500000| Untracked 
|  70|0x0000000089600000, 0x0000000089600000, 0x0000000089700000|  0%| F|  |TAMS 0x0000000089600000| PB 0x0000000089600000| Untracked 
|  71|0x0000000089700000, 0x0000000089700000, 0x0000000089800000|  0%| F|  |TAMS 0x0000000089700000| PB 0x0000000089700000| Untracked 
|  72|0x0000000089800000, 0x0000000089800000, 0x0000000089900000|  0%| F|  |TAMS 0x0000000089800000| PB 0x0000000089800000| Untracked 
|  73|0x0000000089900000, 0x0000000089900000, 0x0000000089a00000|  0%| F|  |TAMS 0x0000000089900000| PB 0x0000000089900000| Untracked 
|  74|0x0000000089a00000, 0x0000000089a00000, 0x0000000089b00000|  0%| F|  |TAMS 0x0000000089a00000| PB 0x0000000089a00000| Untracked 
|  75|0x0000000089b00000, 0x0000000089b00000, 0x0000000089c00000|  0%| F|  |TAMS 0x0000000089b00000| PB 0x0000000089b00000| Untracked 
|  76|0x0000000089c00000, 0x0000000089c00000, 0x0000000089d00000|  0%| F|  |TAMS 0x0000000089c00000| PB 0x0000000089c00000| Untracked 
|  77|0x0000000089d00000, 0x0000000089d00000, 0x0000000089e00000|  0%| F|  |TAMS 0x0000000089d00000| PB 0x0000000089d00000| Untracked 
|  78|0x0000000089e00000, 0x0000000089e00000, 0x0000000089f00000|  0%| F|  |TAMS 0x0000000089e00000| PB 0x0000000089e00000| Untracked 
|  79|0x0000000089f00000, 0x0000000089f00000, 0x000000008a000000|  0%| F|  |TAMS 0x0000000089f00000| PB 0x0000000089f00000| Untracked 
|  80|0x000000008a000000, 0x000000008a000000, 0x000000008a100000|  0%| F|  |TAMS 0x000000008a000000| PB 0x000000008a000000| Untracked 
|  81|0x000000008a100000, 0x000000008a100000, 0x000000008a200000|  0%| F|  |TAMS 0x000000008a100000| PB 0x000000008a100000| Untracked 
|  82|0x000000008a200000, 0x000000008a200000, 0x000000008a300000|  0%| F|  |TAMS 0x000000008a200000| PB 0x000000008a200000| Untracked 
|  83|0x000000008a300000, 0x000000008a300000, 0x000000008a400000|  0%| F|  |TAMS 0x000000008a300000| PB 0x000000008a300000| Untracked 
|  84|0x000000008a400000, 0x000000008a400000, 0x000000008a500000|  0%| F|  |TAMS 0x000000008a400000| PB 0x000000008a400000| Untracked 
|  85|0x000000008a500000, 0x000000008a500000, 0x000000008a600000|  0%| F|  |TAMS 0x000000008a500000| PB 0x000000008a500000| Untracked 
|  86|0x000000008a600000, 0x000000008a600000, 0x000000008a700000|  0%| F|  |TAMS 0x000000008a600000| PB 0x000000008a600000| Untracked 
|  87|0x000000008a700000, 0x000000008a700000, 0x000000008a800000|  0%| F|  |TAMS 0x000000008a700000| PB 0x000000008a700000| Untracked 
|  88|0x000000008a800000, 0x000000008a800000, 0x000000008a900000|  0%| F|  |TAMS 0x000000008a800000| PB 0x000000008a800000| Untracked 
|  89|0x000000008a900000, 0x000000008a900000, 0x000000008aa00000|  0%| F|  |TAMS 0x000000008a900000| PB 0x000000008a900000| Untracked 
|  90|0x000000008aa00000, 0x000000008aa00000, 0x000000008ab00000|  0%| F|  |TAMS 0x000000008aa00000| PB 0x000000008aa00000| Untracked 
|  91|0x000000008ab00000, 0x000000008ab00000, 0x000000008ac00000|  0%| F|  |TAMS 0x000000008ab00000| PB 0x000000008ab00000| Untracked 
|  92|0x000000008ac00000, 0x000000008ac00000, 0x000000008ad00000|  0%| F|  |TAMS 0x000000008ac00000| PB 0x000000008ac00000| Untracked 
|  93|0x000000008ad00000, 0x000000008ad00000, 0x000000008ae00000|  0%| F|  |TAMS 0x000000008ad00000| PB 0x000000008ad00000| Untracked 
|  94|0x000000008ae00000, 0x000000008ae00000, 0x000000008af00000|  0%| F|  |TAMS 0x000000008ae00000| PB 0x000000008ae00000| Untracked 
|  95|0x000000008af00000, 0x000000008af00000, 0x000000008b000000|  0%| F|  |TAMS 0x000000008af00000| PB 0x000000008af00000| Untracked 
|  96|0x000000008b000000, 0x000000008b000000, 0x000000008b100000|  0%| F|  |TAMS 0x000000008b000000| PB 0x000000008b000000| Untracked 
|  97|0x000000008b100000, 0x000000008b100000, 0x000000008b200000|  0%| F|  |TAMS 0x000000008b100000| PB 0x000000008b100000| Untracked 
|  98|0x000000008b200000, 0x000000008b200000, 0x000000008b300000|  0%| F|  |TAMS 0x000000008b200000| PB 0x000000008b200000| Untracked 
|  99|0x000000008b300000, 0x000000008b300000, 0x000000008b400000|  0%| F|  |TAMS 0x000000008b300000| PB 0x000000008b300000| Untracked 
| 100|0x000000008b400000, 0x000000008b400000, 0x000000008b500000|  0%| F|  |TAMS 0x000000008b400000| PB 0x000000008b400000| Untracked 
| 101|0x000000008b500000, 0x000000008b500000, 0x000000008b600000|  0%| F|  |TAMS 0x000000008b500000| PB 0x000000008b500000| Untracked 
| 102|0x000000008b600000, 0x000000008b600000, 0x000000008b700000|  0%| F|  |TAMS 0x000000008b600000| PB 0x000000008b600000| Untracked 
| 103|0x000000008b700000, 0x000000008b700000, 0x000000008b800000|  0%| F|  |TAMS 0x000000008b700000| PB 0x000000008b700000| Untracked 
| 104|0x000000008b800000, 0x000000008b800000, 0x000000008b900000|  0%| F|  |TAMS 0x000000008b800000| PB 0x000000008b800000| Untracked 
| 105|0x000000008b900000, 0x000000008b900000, 0x000000008ba00000|  0%| F|  |TAMS 0x000000008b900000| PB 0x000000008b900000| Untracked 
| 106|0x000000008ba00000, 0x000000008ba00000, 0x000000008bb00000|  0%| F|  |TAMS 0x000000008ba00000| PB 0x000000008ba00000| Untracked 
| 107|0x000000008bb00000, 0x000000008bb00000, 0x000000008bc00000|  0%| F|  |TAMS 0x000000008bb00000| PB 0x000000008bb00000| Untracked 
| 108|0x000000008bc00000, 0x000000008bc00000, 0x000000008bd00000|  0%| F|  |TAMS 0x000000008bc00000| PB 0x000000008bc00000| Untracked 
| 109|0x000000008bd00000, 0x000000008bd00000, 0x000000008be00000|  0%| F|  |TAMS 0x000000008bd00000| PB 0x000000008bd00000| Untracked 
| 110|0x000000008be00000, 0x000000008be00000, 0x000000008bf00000|  0%| F|  |TAMS 0x000000008be00000| PB 0x000000008be00000| Untracked 
| 111|0x000000008bf00000, 0x000000008bf00000, 0x000000008c000000|  0%| F|  |TAMS 0x000000008bf00000| PB 0x000000008bf00000| Untracked 
| 112|0x000000008c000000, 0x000000008c000000, 0x000000008c100000|  0%| F|  |TAMS 0x000000008c000000| PB 0x000000008c000000| Untracked 
| 113|0x000000008c100000, 0x000000008c100000, 0x000000008c200000|  0%| F|  |TAMS 0x000000008c100000| PB 0x000000008c100000| Untracked 
| 114|0x000000008c200000, 0x000000008c200000, 0x000000008c300000|  0%| F|  |TAMS 0x000000008c200000| PB 0x000000008c200000| Untracked 
| 115|0x000000008c300000, 0x000000008c300000, 0x000000008c400000|  0%| F|  |TAMS 0x000000008c300000| PB 0x000000008c300000| Untracked 
| 116|0x000000008c400000, 0x000000008c400000, 0x000000008c500000|  0%| F|  |TAMS 0x000000008c400000| PB 0x000000008c400000| Untracked 
| 117|0x000000008c500000, 0x000000008c500000, 0x000000008c600000|  0%| F|  |TAMS 0x000000008c500000| PB 0x000000008c500000| Untracked 
| 118|0x000000008c600000, 0x000000008c6765c0, 0x000000008c700000| 46%| E|  |TAMS 0x000000008c600000| PB 0x000000008c600000| Complete 
| 119|0x000000008c700000, 0x000000008c800000, 0x000000008c800000|100%| E|CS|TAMS 0x000000008c700000| PB 0x000000008c700000| Complete 
| 120|0x000000008c800000, 0x000000008c900000, 0x000000008c900000|100%| E|CS|TAMS 0x000000008c800000| PB 0x000000008c800000| Complete 
| 121|0x000000008c900000, 0x000000008ca00000, 0x000000008ca00000|100%| E|CS|TAMS 0x000000008c900000| PB 0x000000008c900000| Complete 
| 122|0x000000008ca00000, 0x000000008cb00000, 0x000000008cb00000|100%| E|CS|TAMS 0x000000008ca00000| PB 0x000000008ca00000| Complete 
| 123|0x000000008cb00000, 0x000000008cc00000, 0x000000008cc00000|100%| E|CS|TAMS 0x000000008cb00000| PB 0x000000008cb00000| Complete 

Card table byte_map: [0x000001a7abf50000,0x000001a7ac330000] _byte_map_base: 0x000001a7abb28000

Marking Bits: (CMBitMap*) 0x000001a7947dde60
 Bits: [0x000001a7ac710000, 0x000001a7ae5d0000)

Polling page: 0x000001a793f40000

Metaspace:

Usage:
  Non-class:      3.69 MB used.
      Class:    458.46 KB used.
       Both:      4.14 MB used.

Virtual space:
  Non-class space:       64.00 MB reserved,       3.75 MB (  6%) committed,  1 nodes.
      Class space:        1.00 GB reserved,     512.00 KB ( <1%) committed,  1 nodes.
             Both:        1.06 GB reserved,       4.25 MB ( <1%) committed. 

Chunk freelists:
   Non-Class:  3.89 MB
       Class:  3.50 MB
        Both:  7.39 MB

MaxMetaspaceSize: unlimited
CompressedClassSpaceSize: 1.00 GB
Initial GC threshold: 21.00 MB
Current GC threshold: 21.00 MB
CDS: on
MetaspaceReclaimPolicy: balanced
 - commit_granule_bytes: 65536.
 - commit_granule_words: 8192.
 - virtual_space_node_default_size: 8388608.
 - enlarge_chunks_in_place: 1.
 - new_chunks_are_fully_committed: 0.
 - uncommit_free_chunks: 1.
 - use_allocation_guard: 0.


Internal statistics:

num_allocs_failed_limit: 0.
num_arena_births: 114.
num_arena_deaths: 0.
num_vsnodes_births: 2.
num_vsnodes_deaths: 0.
num_space_committed: 68.
num_space_uncommitted: 0.
num_chunks_returned_to_freelist: 0.
num_chunks_taken_from_freelist: 133.
num_chunk_merges: 0.
num_chunk_splits: 81.
num_chunks_enlarged: 35.
num_inconsistent_stats: 0.

CodeHeap 'non-profiled nmethods': size=120000Kb used=160Kb max_used=160Kb free=119839Kb
 bounds [0x000001a7a4300000, 0x000001a7a4570000, 0x000001a7ab830000]
CodeHeap 'profiled nmethods': size=120000Kb used=716Kb max_used=716Kb free=119283Kb
 bounds [0x000001a79c830000, 0x000001a79caa0000, 0x000001a7a3d60000]
CodeHeap 'non-nmethods': size=5760Kb used=1582Kb max_used=1597Kb free=4177Kb
 bounds [0x000001a7a3d60000, 0x000001a7a3fd0000, 0x000001a7a4300000]
 total_blobs=1029 nmethods=530 adapters=410
 compilation: enabled
              stopped_count=0, restarted_count=0
 full_count=0

Compilation events (20 events):
Event: 0.392 Thread 0x000001a7b09d7200 nmethod 518 0x000001a79c8df090 code [0x000001a79c8df260, 0x000001a79c8df890]
Event: 0.395 Thread 0x000001a7b09d7200  519       3       jdk.internal.access.SharedSecrets::getJavaLangAccess (4 bytes)
Event: 0.395 Thread 0x000001a7b09d7200 nmethod 519 0x000001a79c8dfa90 code [0x000001a79c8dfc20, 0x000001a79c8dfd18]
Event: 0.397 Thread 0x000001a7b09d7200  520       3       java.lang.Class::getComponentType (14 bytes)
Event: 0.398 Thread 0x000001a7b09d7200 nmethod 520 0x000001a79c8dfd90 code [0x000001a79c8dff20, 0x000001a79c8e00d8]
Event: 0.402 Thread 0x000001a7b09d7200  521       3       java.lang.ref.Reference::<init> (7 bytes)
Event: 0.402 Thread 0x000001a7b09d7200 nmethod 521 0x000001a79c8e0190 code [0x000001a79c8e0340, 0x000001a79c8e05f0]
Event: 0.403 Thread 0x000001a7b09d7200  522       3       java.lang.StringConcatHelper::mix (27 bytes)
Event: 0.404 Thread 0x000001a7b09d7200 nmethod 522 0x000001a79c8e0710 code [0x000001a79c8e08e0, 0x000001a79c8e0cd8]
Event: 0.405 Thread 0x000001a7b09d7200  523       1       java.lang.reflect.Field::getName (5 bytes)
Event: 0.405 Thread 0x000001a7b09d7200 nmethod 523 0x000001a7a4326b90 code [0x000001a7a4326d00, 0x000001a7a4326dc8]
Event: 0.405 Thread 0x000001a7b09d7200  524       3       java.util.concurrent.ConcurrentHashMap$ValueIterator::next (34 bytes)
Event: 0.406 Thread 0x000001a7b09d7200 nmethod 524 0x000001a79c8e0e90 code [0x000001a79c8e1040, 0x000001a79c8e12a0]
Event: 0.407 Thread 0x000001a7b09d3f30  527       4       java.lang.StringLatin1::replace (198 bytes)
Event: 0.408 Thread 0x000001a7b09d7200  528       3       sun.util.logging.PlatformLogger::isLoggable (23 bytes)
Event: 0.408 Thread 0x000001a7b09d7200 nmethod 528 0x000001a79c8e1390 code [0x000001a79c8e1540, 0x000001a79c8e1818]
Event: 0.408 Thread 0x000001a7b09d7200  529       3       jdk.internal.logger.AbstractLoggerWrapper::isLoggable (26 bytes)
Event: 0.408 Thread 0x000001a7b09d7200 nmethod 529 0x000001a79c8e1910 code [0x000001a79c8e1ae0, 0x000001a79c8e2070]
Event: 0.409 Thread 0x000001a7b09d7200  530   !   3       sun.awt.AppContext::get (123 bytes)
Event: 0.409 Thread 0x000001a7b09d7200 nmethod 530 0x000001a79c8e2210 code [0x000001a79c8e2420, 0x000001a79c8e2e88]

GC Heap History (0 events):
No events

Dll operation events (6 events):
Event: 0.007 Loaded shared library C:\Program Files\Java\jdk-20\bin\java.dll
Event: 0.016 Loaded shared library C:\Program Files\Java\jdk-20\bin\jsvml.dll
Event: 0.087 Loaded shared library C:\Program Files\Java\jdk-20\bin\net.dll
Event: 0.089 Loaded shared library C:\Program Files\Java\jdk-20\bin\nio.dll
Event: 0.138 Loaded shared library C:\Program Files\Java\jdk-20\bin\jimage.dll
Event: 0.161 Loaded shared library C:\Program Files\Java\jdk-20\bin\awt.dll

Deoptimization events (4 events):
Event: 0.309 Thread 0x000001a79477e670 Uncommon trap: trap_request=0xffffff45 fr.pc=0x000001a7a430f9d8 relative=0x0000000000000958
Event: 0.309 Thread 0x000001a79477e670 Uncommon trap: reason=unstable_if action=reinterpret pc=0x000001a7a430f9d8 method=java.util.HashMap.putVal(ILjava/lang/Object;Ljava/lang/Object;ZZ)Ljava/lang/Object; @ 236 c2
Event: 0.309 Thread 0x000001a79477e670 DEOPT PACKING pc=0x000001a7a430f9d8 sp=0x00000019e1ffdd50
Event: 0.309 Thread 0x000001a79477e670 DEOPT UNPACKING pc=0x000001a7a3d7d2a2 sp=0x00000019e1ffdcf8 mode 2

Classes loaded (20 events):
Event: 0.409 Loading class javax/swing/plaf/metal/DefaultMetalTheme$FontDelegate$1
Event: 0.409 Loading class javax/swing/plaf/metal/DefaultMetalTheme$FontDelegate$1 done
Event: 0.409 Loading class javax/swing/plaf/basic/BasicHTML
Event: 0.409 Loading class javax/swing/plaf/basic/BasicHTML done
Event: 0.410 Loading class javax/swing/text/JTextComponent$1
Event: 0.410 Loading class sun/swing/SwingAccessor$JTextComponentAccessor
Event: 0.410 Loading class sun/swing/SwingAccessor$JTextComponentAccessor done
Event: 0.410 Loading class javax/swing/text/JTextComponent$1 done
Event: 0.410 Loading class javax/swing/text/JTextComponent$4
Event: 0.410 Loading class com/sun/beans/util/Cache
Event: 0.410 Loading class com/sun/beans/util/Cache done
Event: 0.410 Loading class javax/swing/text/JTextComponent$4 done
Event: 0.410 Loading class com/sun/beans/util/Cache$Kind
Event: 0.410 Loading class com/sun/beans/util/Cache$Kind done
Event: 0.410 Loading class com/sun/beans/util/Cache$Kind$1
Event: 0.410 Loading class com/sun/beans/util/Cache$Kind$1 done
Event: 0.410 Loading class com/sun/beans/util/Cache$Kind$2
Event: 0.410 Loading class com/sun/beans/util/Cache$Kind$2 done
Event: 0.410 Loading class com/sun/beans/util/Cache$Kind$3
Event: 0.410 Loading class com/sun/beans/util/Cache$Kind$3 done

Classes unloaded (0 events):
No events

Classes redefined (0 events):
No events

Internal exceptions (12 events):
Event: 0.090 Thread 0x000001a79477e670 Exception <a 'sun/nio/fs/WindowsException'{0x000000008ca43d70}> (0x000000008ca43d70) 
thrown [s\open\src\hotspot\share\prims\jni.cpp, line 519]
Event: 0.092 Thread 0x000001a79477e670 Exception <a 'sun/nio/fs/WindowsException'{0x000000008ca46178}> (0x000000008ca46178) 
thrown [s\open\src\hotspot\share\prims\jni.cpp, line 519]
Event: 0.093 Thread 0x000001a79477e670 Exception <a 'sun/nio/fs/WindowsException'{0x000000008ca47088}> (0x000000008ca47088) 
thrown [s\open\src\hotspot\share\prims\jni.cpp, line 519]
Event: 0.149 Thread 0x000001a79477e670 Exception <a 'java/lang/ClassNotFoundException'{0x000000008c96f200}: sun/awt/resources/spi/awtProvider> (0x000000008c96f200) 
thrown [s\open\src\hotspot\share\classfile\systemDictionary.cpp, line 305]
Event: 0.179 Thread 0x000001a79477e670 Exception <a 'java/io/FileNotFoundException'{0x000000008c9c6118}> (0x000000008c9c6118) 
thrown [s\open\src\hotspot\share\prims\jni.cpp, line 519]
Event: 0.186 Thread 0x000001a79477e670 Exception <a 'java/io/FileNotFoundException'{0x000000008c9f0398}> (0x000000008c9f0398) 
thrown [s\open\src\hotspot\share\prims\jni.cpp, line 519]
Event: 0.315 Thread 0x000001a79477e670 Exception <a 'java/lang/NoSuchMethodError'{0x000000008c70f4a0}: 'void java.lang.invoke.DirectMethodHandle$Holder.invokeSpecial(java.lang.Object, java.lang.Object, java.lang.Object)'> (0x000000008c70f4a0) 
thrown [s\open\src\hotspot\share\interpreter\linkResolver.cpp, line 773]
Event: 0.333 Thread 0x000001a79477e670 Exception <a 'java/lang/NoSuchMethodError'{0x000000008c739bb0}: 'java.lang.Object java.lang.invoke.DirectMethodHandle$Holder.newInvokeSpecial(java.lang.Object, java.lang.Object, java.lang.Object, java.lang.Object, java.lang.Object)'> (0x000000008c739bb0) 
thrown [s\open\src\hotspot\share\interpreter\linkResolver.cpp, line 773]
Event: 0.342 Thread 0x000001a79477e670 Exception <a 'java/lang/NoSuchMethodError'{0x000000008c76a458}: 'java.lang.Object java.lang.invoke.DirectMethodHandle$Holder.invokeStatic(java.lang.Object, int, java.lang.Object)'> (0x000000008c76a458) 
thrown [s\open\src\hotspot\share\interpreter\linkResolver.cpp, line 773]
Event: 0.383 Thread 0x000001a79477e670 Exception <a 'java/lang/ClassNotFoundException'{0x000000008c625e48}: com/sun/swing/internal/plaf/metal/resources/spi/metalProvider> (0x000000008c625e48) 
thrown [s\open\src\hotspot\share\classfile\systemDictionary.cpp, line 305]
Event: 0.388 Thread 0x000001a79477e670 Exception <a 'java/lang/ClassNotFoundException'{0x000000008c629da8}: com/sun/swing/internal/plaf/basic/resources/spi/basicProvider> (0x000000008c629da8) 
thrown [s\open\src\hotspot\share\classfile\systemDictionary.cpp, line 305]
Event: 0.406 Thread 0x000001a79477e670 Exception <a 'java/lang/NoSuchMethodError'{0x000000008c648ff8}: 'int java.lang.invoke.Invokers$Holder.invokeExact_MT(java.lang.Object, java.lang.Object)'> (0x000000008c648ff8) 
thrown [s\open\src\hotspot\share\interpreter\linkResolver.cpp, line 773]

VM Operations (4 events):
Event: 0.095 Executing VM operation: HandshakeAllThreads
Event: 0.095 Executing VM operation: HandshakeAllThreads done
Event: 0.198 Executing VM operation: HandshakeAllThreads
Event: 0.198 Executing VM operation: HandshakeAllThreads done

Events (14 events):
Event: 0.017 Thread 0x000001a79477e670 Thread added: 0x000001a79477e670
Event: 0.033 Thread 0x000001a7b09cd6f0 Thread added: 0x000001a7b09cd6f0
Event: 0.034 Thread 0x000001a7b09ce2f0 Thread added: 0x000001a7b09ce2f0
Event: 0.034 Thread 0x000001a7b09d1340 Thread added: 0x000001a7b09d1340
Event: 0.034 Thread 0x000001a7b09d1d70 Thread added: 0x000001a7b09d1d70
Event: 0.034 Thread 0x000001a7b09d27a0 Thread added: 0x000001a7b09d27a0
Event: 0.034 Thread 0x000001a7b09d31d0 Thread added: 0x000001a7b09d31d0
Event: 0.034 Thread 0x000001a7b09d3f30 Thread added: 0x000001a7b09d3f30
Event: 0.035 Thread 0x000001a7b09d7200 Thread added: 0x000001a7b09d7200
Event: 0.072 Thread 0x000001a7b099c5f0 Thread added: 0x000001a7b099c5f0
Event: 0.119 Thread 0x000001a7b55e4100 Thread added: 0x000001a7b55e4100
Event: 0.250 Thread 0x000001a7b56580f0 Thread added: 0x000001a7b56580f0
Event: 0.252 Thread 0x000001a7b574cad0 Thread added: 0x000001a7b574cad0
Event: 0.258 Thread 0x000001a7b57525a0 Thread added: 0x000001a7b57525a0


Dynamic libraries:
0x00007ff674bc0000 - 0x00007ff674bd0000 	C:\Program Files\Java\jdk-20\bin\java.exe
0x00007ffa1c650000 - 0x00007ffa1c867000 	C:\WINDOWS\SYSTEM32\ntdll.dll
0x00007ffa1b020000 - 0x00007ffa1b0e4000 	C:\WINDOWS\System32\KERNEL32.DLL
0x00007ffa19f20000 - 0x00007ffa1a2cd000 	C:\WINDOWS\System32\KERNELBASE.dll
0x00007ffa19bc0000 - 0x00007ffa19cd1000 	C:\WINDOWS\System32\ucrtbase.dll
0x00007ffa0d600000 - 0x00007ffa0d61b000 	C:\Program Files\Java\jdk-20\bin\VCRUNTIME140.dll
0x00007ffa0ccf0000 - 0x00007ffa0cd09000 	C:\Program Files\Java\jdk-20\bin\jli.dll
0x00007ffa1c380000 - 0x00007ffa1c432000 	C:\WINDOWS\System32\ADVAPI32.dll
0x00007ffa1acb0000 - 0x00007ffa1ad57000 	C:\WINDOWS\System32\msvcrt.dll
0x00007ffa1a400000 - 0x00007ffa1a4a9000 	C:\WINDOWS\System32\sechost.dll
0x00007ffa19e50000 - 0x00007ffa19e78000 	C:\WINDOWS\System32\bcrypt.dll
0x00007ffa1a670000 - 0x00007ffa1a784000 	C:\WINDOWS\System32\RPCRT4.dll
0x00007ffa1ab00000 - 0x00007ffa1acae000 	C:\WINDOWS\System32\USER32.dll
0x00007ffa07cd0000 - 0x00007ffa07f63000 	C:\WINDOWS\WinSxS\amd64_microsoft.windows.common-controls_6595b64144ccf1df_6.0.22621.3672_none_2713b9d173822955\COMCTL32.dll
0x00007ffa1a2d0000 - 0x00007ffa1a2f6000 	C:\WINDOWS\System32\win32u.dll
0x00007ffa1b100000 - 0x00007ffa1b129000 	C:\WINDOWS\System32\GDI32.dll
0x00007ffa199e0000 - 0x00007ffa19af9000 	C:\WINDOWS\System32\gdi32full.dll
0x00007ffa19e80000 - 0x00007ffa19f1a000 	C:\WINDOWS\System32\msvcp_win.dll
0x00007ffa18640000 - 0x00007ffa1864a000 	C:\WINDOWS\SYSTEM32\VERSION.dll
0x00007ffa1b180000 - 0x00007ffa1b1b1000 	C:\WINDOWS\System32\IMM32.DLL
0x00007ffa0d2d0000 - 0x00007ffa0d2dc000 	C:\Program Files\Java\jdk-20\bin\vcruntime140_1.dll
0x00007ff9e1780000 - 0x00007ff9e180e000 	C:\Program Files\Java\jdk-20\bin\msvcp140.dll
0x00007ff980d10000 - 0x00007ff9819a7000 	C:\Program Files\Java\jdk-20\bin\server\jvm.dll
0x00007ffa10890000 - 0x00007ffa108c4000 	C:\WINDOWS\SYSTEM32\WINMM.dll
0x00007ffa12460000 - 0x00007ffa12469000 	C:\WINDOWS\SYSTEM32\WSOCK32.dll
0x00007ffa1a380000 - 0x00007ffa1a3f1000 	C:\WINDOWS\System32\WS2_32.dll
0x00007ffa189a0000 - 0x00007ffa189b8000 	C:\WINDOWS\SYSTEM32\kernel.appcore.dll
0x00007ffa0d2b0000 - 0x00007ffa0d2ba000 	C:\Program Files\Java\jdk-20\bin\jimage.dll
0x00007ffa16c90000 - 0x00007ffa16ec2000 	C:\WINDOWS\SYSTEM32\DBGHELP.DLL
0x00007ffa1bf30000 - 0x00007ffa1c2bd000 	C:\WINDOWS\System32\combase.dll
0x00007ffa1a7b0000 - 0x00007ffa1a887000 	C:\WINDOWS\System32\OLEAUT32.dll
0x00007ffa0ef20000 - 0x00007ffa0ef52000 	C:\WINDOWS\SYSTEM32\dbgcore.DLL
0x00007ffa1a300000 - 0x00007ffa1a37b000 	C:\WINDOWS\System32\bcryptPrimitives.dll
0x00007ff9f4900000 - 0x00007ff9f4926000 	C:\Program Files\Java\jdk-20\bin\java.dll
0x00007ff9cdaf0000 - 0x00007ff9cdbc7000 	C:\Program Files\Java\jdk-20\bin\jsvml.dll
0x00007ffa1b640000 - 0x00007ffa1bea8000 	C:\WINDOWS\System32\SHELL32.dll
0x00007ffa17cc0000 - 0x00007ffa185be000 	C:\WINDOWS\SYSTEM32\windows.storage.dll
0x00007ffa17b80000 - 0x00007ffa17cbf000 	C:\WINDOWS\SYSTEM32\wintypes.dll
0x00007ffa1a4b0000 - 0x00007ffa1a5a9000 	C:\WINDOWS\System32\SHCORE.dll
0x00007ffa1a610000 - 0x00007ffa1a66e000 	C:\WINDOWS\System32\shlwapi.dll
0x00007ffa198a0000 - 0x00007ffa198c1000 	C:\WINDOWS\SYSTEM32\profapi.dll
0x00007ff9f4d20000 - 0x00007ff9f4d33000 	C:\Program Files\Java\jdk-20\bin\net.dll
0x00007ffa11860000 - 0x00007ffa11996000 	C:\WINDOWS\SYSTEM32\WINHTTP.dll
0x00007ffa18e10000 - 0x00007ffa18e79000 	C:\WINDOWS\system32\mswsock.dll
0x00007ff9e2930000 - 0x00007ff9e2946000 	C:\Program Files\Java\jdk-20\bin\nio.dll
0x00007ff9cceb0000 - 0x00007ff9cd041000 	C:\Program Files\Java\jdk-20\bin\awt.dll
0x00007ffa10eb0000 - 0x00007ffa10f47000 	C:\WINDOWS\SYSTEM32\apphelp.dll
0x00007ffa16ba0000 - 0x00007ffa16bcb000 	C:\WINDOWS\system32\DWMAPI.DLL
0x00007ffa16730000 - 0x00007ffa167e0000 	C:\WINDOWS\system32\uxtheme.dll
0x00007ff9ebab0000 - 0x00007ff9ebbb0000 	C:\WINDOWS\system32\opengl32.dll
0x00007ffa058c0000 - 0x00007ffa058ed000 	C:\WINDOWS\SYSTEM32\GLU32.dll
0x00007ffa16820000 - 0x00007ffa16857000 	C:\WINDOWS\SYSTEM32\dxcore.dll
0x00007ffa1a9a0000 - 0x00007ffa1aafb000 	C:\WINDOWS\System32\MSCTF.dll
0x00007ffa1c460000 - 0x00007ffa1c605000 	C:\WINDOWS\System32\ole32.dll

dbghelp: loaded successfully - version: 4.0.5 - missing functions: none
symbol engine: initialized successfully - sym options: 0x614 - pdb path: .;C:\Program Files\Java\jdk-20\bin;C:\WINDOWS\SYSTEM32;C:\WINDOWS\WinSxS\amd64_microsoft.windows.common-controls_6595b64144ccf1df_6.0.22621.3672_none_2713b9d173822955;C:\Program Files\Java\jdk-20\bin\server

VM Arguments:
jvm_args: -Dfile.encoding=UTF-8 --module-path=C:\Users\Pratiksha\Desktop\University Management System\build\classes 
java_command: university.management.system.Login
java_class_path (initial): C:\Users\Pratiksha\Desktop\University Management System\build\classes
Launcher Type: SUN_STANDARD

[Global flags]
     intx CICompilerCount                          = 4                                         {product} {ergonomic}
     uint ConcGCThreads                            = 2                                         {product} {ergonomic}
     uint G1ConcRefinementThreads                  = 8                                         {product} {ergonomic}
   size_t G1HeapRegionSize                         = 1048576                                   {product} {ergonomic}
    uintx GCDrainStackTargetSize                   = 64                                        {product} {ergonomic}
   size_t InitialHeapSize                          = 130023424                                 {product} {ergonomic}
   size_t MarkStackSize                            = 4194304                                   {product} {ergonomic}
   size_t MaxHeapSize                              = 2063597568                                {product} {ergonomic}
   size_t MaxNewSize                               = 1237319680                                {product} {ergonomic}
   size_t MinHeapDeltaBytes                        = 1048576                                   {product} {ergonomic}
   size_t MinHeapSize                              = 8388608                                   {product} {ergonomic}
    uintx NonNMethodCodeHeapSize                   = 5839372                                {pd product} {ergonomic}
    uintx NonProfiledCodeHeapSize                  = 122909434                              {pd product} {ergonomic}
    uintx ProfiledCodeHeapSize                     = 122909434                              {pd product} {ergonomic}
    uintx ReservedCodeCacheSize                    = 251658240                              {pd product} {ergonomic}
     bool SegmentedCodeCache                       = true                                      {product} {ergonomic}
   size_t SoftMaxHeapSize                          = 2063597568                             {manageable} {ergonomic}
     bool UseCompressedClassPointers               = true                           {product lp64_product} {ergonomic}
     bool UseCompressedOops                        = true                           {product lp64_product} {ergonomic}
     bool UseG1GC                                  = true                                      {product} {ergonomic}
     bool UseLargePagesIndividualAllocation        = false                                  {pd product} {ergonomic}

Logging:
Log output configuration:
 #0: stdout all=warning uptime,level,tags foldmultilines=false
 #1: stderr all=off uptime,level,tags foldmultilines=false

Environment Variables:
JAVA_HOME=C:\Program Files\Java\jdk-18.0.1.1
PATH=C:\Python312\Scripts\;C:\Python312\;C:\Program Files\Common Files\Oracle\Java\javapath;C:\WINDOWS\system32;C:\WINDOWS;C:\WINDOWS\System32\Wbem;C:\WINDOWS\System32\WindowsPowerShell\v1.0\;C:\WINDOWS\System32\OpenSSH\;C:\Program Files\Microsoft SQL Server\Client SDK\ODBC\170\Tools\Binn\;C:\Program Files (x86)\Microsoft SQL Server\150\Tools\Binn\;C:\Program Files\Microsoft SQL Server\150\Tools\Binn\;C:\Program Files\Microsoft SQL Server\150\DTS\Binn\;C:\Program Files\MySQL\MySQL Server 8.0\bin;C:\Program Files\Java\jdk-18.0.1.1\bin;C:\MinGW\bin;C:\Program Files\MySQL\MySQL Server 8.0\bin;C:\ProgramData\chocolatey\bin;C:\Program Files\;C:\Program Files\Git\cmd;C:\Users\Pratiksha\AppData\Local\Programs\Python\Python39\Scripts\;C:\Users\Pratiksha\AppData\Local\Programs\Python\Python39\;C:\Program Files\MySQL\MySQL Shell 8.0\bin\;C:\Users\Pratiksha\AppData\Local\Microsoft\WindowsApps;C:\Users\Pratiksha\AppData\Local\Programs\Microsoft VS Code\bin;C:\xampp\mysql\bin;C:\Users\Pratiksha\AppData\Local\JetBrains\IntelliJ IDEA Community Edition 2023.2.4\bin;;C:\Users\Pratiksha\AppData\Roaming\npm;C:\Users\Pratiksha\PyCharm Community Edition 2023.3.3\bin;;C:\Users\Pratiksha\AppData\Local\Programs\Python\Python312\Scripts;C:\Users\Pratiksha\AppData\Local\GitHubDesktop\bin
USERNAME=Pratiksha
OS=Windows_NT
PROCESSOR_IDENTIFIER=Intel64 Family 6 Model 140 Stepping 1, GenuineIntel
TMP=C:\Users\PRATIK~1\AppData\Local\Temp
TEMP=C:\Users\PRATIK~1\AppData\Local\Temp




---------------  S Y S T E M  ---------------

OS:
 Windows 11 , 64 bit Build 22621 (10.0.22621.3958)
OS uptime: 7 days 7:32 hours

CPU: total 8 (initial active 8) (4 cores per cpu, 2 threads per core) family 6 model 140 stepping 1 microcode 0x86, cx8, cmov, fxsr, ht, mmx, 3dnowpref, sse, sse2, sse3, ssse3, sse4.1, sse4.2, popcnt, lzcnt, tsc, tscinvbit, avx, avx2, aes, erms, clmul, bmi1, bmi2, adx, avx512f, avx512dq, avx512cd, avx512bw, avx512vl, sha, fma, vzeroupper, avx512_vpopcntdq, avx512_vpclmulqdq, avx512_vaes, avx512_vnni, clflush, clflushopt, clwb, avx512_vbmi2, avx512_vbmi, rdtscp, rdpid, fsrm, gfni, avx512_bitalg, f16c, pku, cet_ibt, cet_ss, avx512_ifma

Memory: 4k page, system-wide physical 7871M (588M free)
TotalPageFile size 32447M (AvailPageFile size 2M)
current process WorkingSet (physical memory assigned to process): 47M, peak: 47M
current process commit charge ("private bytes"): 212M, peak: 212M

vm_info: Java HotSpot(TM) 64-Bit Server VM (20.0.1+9-29) for windows-amd64 JRE (20.0.1+9-29), built on 2023-03-07T13:56:11Z by "mach5one" with MS VC++ 17.1 (VS2022)

END.
