#
# There is insufficient memory for the Java Runtime Environment to continue.
# Native memory allocation (mmap) failed to map 65536 bytes for Failed to commit metaspace.
# Possible reasons:
#   The system is out of physical RAM or swap space
#   The process is running with CompressedOops enabled, and the Java Heap may be blocking the growth of the native heap
# Possible solutions:
#   Reduce memory load on the system
#   Increase physical memory or swap space
#   Check if swap backing store is full
#   Decrease Java heap size (-Xmx/-Xms)
#   Decrease number of Java threads
#   Decrease Java thread stack sizes (-Xss)
#   Set larger code cache with -XX:ReservedCodeCacheSize=
#   JVM is running with Unscaled Compressed Oops mode in which the Java heap is
#     placed in the first 4GB address space. The Java Heap base address is the
#     maximum limit for the native heap growth. Please use -XX:HeapBaseMinAddress
#     to set the Java Heap base and to place the Java Heap above 4GB virtual address.
# This output file may be truncated or incomplete.
#
#  Out of Memory Error (virtualSpaceNode.cpp:110), pid=3748, tid=42192
#
# JRE version: Java(TM) SE Runtime Environment (20.0.1+9) (build 20.0.1+9-29)
# Java VM: Java HotSpot(TM) 64-Bit Server VM (20.0.1+9-29, mixed mode, tiered, compressed oops, compressed class ptrs, g1 gc, windows-amd64)
# No core dump will be written. Minidumps are not enabled by default on client versions of Windows
#

---------------  S U M M A R Y ------------

Command Line: -Dfile.encoding=UTF-8 --module-path=C:\Users\Pratiksha\Desktop\University Management System\build\classes university.management.system.Login

Host: 11th Gen Intel(R) Core(TM) i5-1135G7 @ 2.40GHz, 8 cores, 7G,  Windows 11 , 64 bit Build 22621 (10.0.22621.3958)
Time: Wed Aug 28 18:06:32 2024 India Standard Time elapsed time: 0.594143 seconds (0d 0h 0m 0s)

---------------  T H R E A D  ---------------

Current thread (0x000002241f5fc020):  JavaThread "Image Fetcher 0" daemon [_thread_in_vm, id=42192, stack(0x000000bc98900000,0x000000bc98a00000)]

Stack: [0x000000bc98900000,0x000000bc98a00000]
Native frames: (J=compiled Java code, j=interpreted, Vv=VM code, C=native code)
V  [jvm.dll+0x6bb95a]
V  [jvm.dll+0x8485fa]
V  [jvm.dll+0x84a1f5]
V  [jvm.dll+0x84a8f3]
V  [jvm.dll+0x280b0f]
V  [jvm.dll+0x84453b]
V  [jvm.dll+0x65fd86]
V  [jvm.dll+0x65fdea]
V  [jvm.dll+0x6626c3]
V  [jvm.dll+0x66258e]
V  [jvm.dll+0x66079e]
V  [jvm.dll+0x3c366f]
V  [jvm.dll+0x21353b]
V  [jvm.dll+0x59c296]
V  [jvm.dll+0x222d6a]
V  [jvm.dll+0x7c2cb4]
V  [jvm.dll+0x7c3dff]
V  [jvm.dll+0x7c45c0]
V  [jvm.dll+0x21c775]
V  [jvm.dll+0x211799]
V  [jvm.dll+0x59c26c]
V  [jvm.dll+0x222d6a]
V  [jvm.dll+0x7c2cb4]
V  [jvm.dll+0x7c3dff]
V  [jvm.dll+0x7c43af]
V  [jvm.dll+0x7c4058]
V  [jvm.dll+0x27024b]
V  [jvm.dll+0x3d84fe]
C  0x000002240f550056

Java frames: (J=compiled Java code, j=interpreted, Vv=VM code)
j  java.util.stream.Nodes.<clinit>()V+0 java.base@20.0.1
v  ~StubRoutines::call_stub 0x000002240f5210e7
j  java.util.stream.ReferencePipeline.makeNodeBuilder(JLjava/util/function/IntFunction;)Ljava/util/stream/Node$Builder;+2 java.base@20.0.1
j  java.util.stream.AbstractPipeline.evaluate(Ljava/util/Spliterator;ZLjava/util/function/IntFunction;)Ljava/util/stream/Node;+23 java.base@20.0.1
j  java.util.stream.AbstractPipeline.evaluateToArrayNode(Ljava/util/function/IntFunction;)Ljava/util/stream/Node;+74 java.base@20.0.1
j  java.util.stream.ReferencePipeline.toArray(Ljava/util/function/IntFunction;)[Ljava/lang/Object;+4 java.base@20.0.1
j  sun.util.locale.provider.LocaleProviderAdapter.toLocaleArray(Ljava/util/Set;)[Ljava/util/Locale;+21 java.base@20.0.1
j  sun.util.locale.provider.CalendarDataProviderImpl.getAvailableLocales()[Ljava/util/Locale;+4 java.base@20.0.1
j  java.util.spi.LocaleServiceProvider.isSupportedLocale(Ljava/util/Locale;)Z+6 java.base@20.0.1
j  sun.util.locale.provider.LocaleServiceProviderPool.findProviders(Ljava/util/Locale;Z)Ljava/util/List;+81 java.base@20.0.1
j  sun.util.locale.provider.LocaleServiceProviderPool.getLocalizedObjectImpl(Lsun/util/locale/provider/LocaleServiceProviderPool$LocalizedObjectGetter;Ljava/util/Locale;ZLjava/lang/String;[Ljava/lang/Object;)Ljava/lang/Object;+53 java.base@20.0.1
j  sun.util.locale.provider.LocaleServiceProviderPool.getLocalizedObject(Lsun/util/locale/provider/LocaleServiceProviderPool$LocalizedObjectGetter;Ljava/util/Locale;Ljava/lang/Boolean;Ljava/lang/String;[Ljava/lang/Object;)Ljava/lang/Object;+11 java.base@20.0.1
j  sun.util.locale.provider.CalendarDataUtility.retrieveFirstDayOfWeek(Ljava/util/Locale;)I+280 java.base@20.0.1
j  java.util.Calendar.setWeekCountData(Ljava/util/Locale;)V+24 java.base@20.0.1
j  java.util.Calendar.<init>(Ljava/util/TimeZone;Ljava/util/Locale;)V+55 java.base@20.0.1
j  java.util.GregorianCalendar.<init>(Ljava/util/TimeZone;Ljava/util/Locale;Z)V+3 java.base@20.0.1
j  java.util.Calendar$Builder.build()Ljava/util/Calendar;+249 java.base@20.0.1
j  sun.util.locale.provider.CalendarProviderImpl.getInstance(Ljava/util/TimeZone;Ljava/util/Locale;)Ljava/util/Calendar;+21 java.base@20.0.1
j  java.util.Calendar.createCalendar(Ljava/util/TimeZone;Ljava/util/Locale;)Ljava/util/Calendar;+17 java.base@20.0.1
j  java.util.Calendar.getInstance(Ljava/util/Locale;)Ljava/util/Calendar;+5 java.base@20.0.1
j  java.text.SimpleDateFormat.initializeCalendar(Ljava/util/Locale;)V+27 java.base@20.0.1
j  java.text.SimpleDateFormat.<init>(Ljava/lang/String;Ljava/util/Locale;)V+43 java.base@20.0.1
j  sun.net.www.protocol.file.FileURLConnection.initializeHeaders()V+148 java.base@20.0.1
j  sun.net.www.protocol.file.FileURLConnection.getHeaderField(Ljava/lang/String;)Ljava/lang/String;+1 java.base@20.0.1
j  sun.net.www.URLConnection.getContentType()Ljava/lang/String;+11 java.base@20.0.1
j  sun.awt.image.URLImageSource.getDecoder()Lsun/awt/image/ImageDecoder;+17 java.desktop@20.0.1
j  sun.awt.image.InputStreamImageSource.doFetch()V+30 java.desktop@20.0.1
j  sun.awt.image.ImageFetcher.fetchloop()V+31 java.desktop@20.0.1
j  sun.awt.image.ImageFetcher.run()V+5 java.desktop@20.0.1
v  ~StubRoutines::call_stub 0x000002240f5210e7

---------------  P R O C E S S  ---------------

Threads class SMR info:
_java_thread_list=0x000002241f5805e0, length=15, elements={
0x000002247db2db80, 0x000002241f01e4c0, 0x000002241f01ee60, 0x000002241f020280,
0x000002241f0218d0, 0x000002241f021e20, 0x000002241f068580, 0x000002241f06ae10,
0x000002241f075e40, 0x000002241f1a8bb0, 0x000002241f30e970, 0x000002241f3ded70,
0x000002241f3df2c0, 0x000002241f3dfa30, 0x000002241f5fc020
}

Java Threads: ( => current thread )
  0x000002247db2db80 JavaThread "main" [_thread_blocked, id=35132, stack(0x000000bc97400000,0x000000bc97500000)]
  0x000002241f01e4c0 JavaThread "Reference Handler" daemon [_thread_blocked, id=29924, stack(0x000000bc97b00000,0x000000bc97c00000)]
  0x000002241f01ee60 JavaThread "Finalizer" daemon [_thread_blocked, id=17608, stack(0x000000bc97c00000,0x000000bc97d00000)]
  0x000002241f020280 JavaThread "Signal Dispatcher" daemon [_thread_blocked, id=30640, stack(0x000000bc97d00000,0x000000bc97e00000)]
  0x000002241f0218d0 JavaThread "Attach Listener" daemon [_thread_blocked, id=23664, stack(0x000000bc97e00000,0x000000bc97f00000)]
  0x000002241f021e20 JavaThread "Service Thread" daemon [_thread_blocked, id=38728, stack(0x000000bc97f00000,0x000000bc98000000)]
  0x000002241f068580 JavaThread "Monitor Deflation Thread" daemon [_thread_blocked, id=35140, stack(0x000000bc98000000,0x000000bc98100000)]
  0x000002241f06ae10 JavaThread "C2 CompilerThread0" daemon [_thread_blocked, id=14036, stack(0x000000bc98100000,0x000000bc98200000)]
  0x000002241f075e40 JavaThread "C1 CompilerThread0" daemon [_thread_blocked, id=33776, stack(0x000000bc98200000,0x000000bc98300000)]
  0x000002241f1a8bb0 JavaThread "Common-Cleaner" daemon [_thread_blocked, id=42160, stack(0x000000bc98300000,0x000000bc98400000)]
  0x000002241f30e970 JavaThread "Notification Thread" daemon [_thread_blocked, id=36128, stack(0x000000bc98400000,0x000000bc98500000)]
  0x000002241f3ded70 JavaThread "Java2D Disposer" daemon [_thread_blocked, id=39748, stack(0x000000bc98600000,0x000000bc98700000)]
  0x000002241f3df2c0 JavaThread "AWT-Shutdown" [_thread_blocked, id=26936, stack(0x000000bc98700000,0x000000bc98800000)]
  0x000002241f3dfa30 JavaThread "AWT-Windows" daemon [_thread_in_native, id=42140, stack(0x000000bc98800000,0x000000bc98900000)]
=>0x000002241f5fc020 JavaThread "Image Fetcher 0" daemon [_thread_in_vm, id=42192, stack(0x000000bc98900000,0x000000bc98a00000)]

Other Threads:
  0x000002247f536550 VMThread "VM Thread" [stack: 0x000000bc97a00000,0x000000bc97b00000] [id=22972]
  0x000002241f30eec0 WatcherThread "VM Periodic Task Thread" [stack: 0x000000bc98500000,0x000000bc98600000] [id=29940]
  0x000002247db8cd40 WorkerThread "GC Thread#0" [stack: 0x000000bc97500000,0x000000bc97600000] [id=41324]
  0x000002247db9d2d0 ConcurrentGCThread "G1 Main Marker" [stack: 0x000000bc97600000,0x000000bc97700000] [id=42284]
  0x000002247db9dea0 WorkerThread "G1 Conc#0" [stack: 0x000000bc97700000,0x000000bc97800000] [id=39996]
  0x000002247dbee380 ConcurrentGCThread "G1 Refine#0" [stack: 0x000000bc97800000,0x000000bc97900000] [id=9752]
  0x000002247dbee930 ConcurrentGCThread "G1 Service" [stack: 0x000000bc97900000,0x000000bc97a00000] [id=36084]

Threads with active compile tasks:

VM state: not at safepoint (normal execution)

VM Mutex/Monitor currently owned by a thread:  ([mutex/lock_event])
[0x000002247db26c80] Metaspace_lock - owner thread: 0x000002241f5fc020

Heap address: 0x0000000085000000, size: 1968 MB, Compressed Oops mode: 32-bit

CDS archive(s) not mapped
Compressed class space mapped at: 0x0000000100000000-0x0000000140000000, reserved size: 1073741824
Narrow klass base: 0x0000000000000000, Narrow klass shift: 3, Narrow klass range: 0x140000000

GC Precious Log:
 CardTable entry size: 512
 Card Set container configuration: InlinePtr #cards 5 size 8 Array Of Cards #cards 12 size 40 Howl #buckets 4 coarsen threshold 1843 Howl Bitmap #cards 512 size 80 coarsen threshold 460 Card regions per heap region 1 cards per card region 2048
 CPUs: 8 total, 8 available
 Memory: 7871M
 Large Page Support: Disabled
 NUMA Support: Disabled
 Compressed Oops: Enabled (32-bit)
 Heap Region Size: 1M
 Heap Min Capacity: 8M
 Heap Initial Capacity: 124M
 Heap Max Capacity: 1968M
 Pre-touch: Disabled
 Parallel Workers: 8
 Concurrent Workers: 2
 Concurrent Refinement Workers: 8
 Periodic GC: Disabled

Heap:
 garbage-first heap   total 126976K, used 6144K [0x0000000085000000, 0x0000000100000000)
  region size 1024K, 7 young (7168K), 0 survivors (0K)
 Metaspace       used 13387K, committed 13568K, reserved 1114112K
  class space    used 1315K, committed 1408K, reserved 1048576K

Heap Regions: E=young(eden), S=young(survivor), O=old, HS=humongous(starts), HC=humongous(continues), CS=collection set, F=free, OA=open archive, CA=closed archive, TAMS=top-at-mark-start, PB=parsable bottom
|   0|0x0000000085000000, 0x0000000085000000, 0x0000000085100000|  0%| F|  |TAMS 0x0000000085000000| PB 0x0000000085000000| Untracked 
|   1|0x0000000085100000, 0x0000000085100000, 0x0000000085200000|  0%| F|  |TAMS 0x0000000085100000| PB 0x0000000085100000| Untracked 
|   2|0x0000000085200000, 0x0000000085200000, 0x0000000085300000|  0%| F|  |TAMS 0x0000000085200000| PB 0x0000000085200000| Untracked 
|   3|0x0000000085300000, 0x0000000085300000, 0x0000000085400000|  0%| F|  |TAMS 0x0000000085300000| PB 0x0000000085300000| Untracked 
|   4|0x0000000085400000, 0x0000000085400000, 0x0000000085500000|  0%| F|  |TAMS 0x0000000085400000| PB 0x0000000085400000| Untracked 
|   5|0x0000000085500000, 0x0000000085500000, 0x0000000085600000|  0%| F|  |TAMS 0x0000000085500000| PB 0x0000000085500000| Untracked 
|   6|0x0000000085600000, 0x0000000085600000, 0x0000000085700000|  0%| F|  |TAMS 0x0000000085600000| PB 0x0000000085600000| Untracked 
|   7|0x0000000085700000, 0x0000000085700000, 0x0000000085800000|  0%| F|  |TAMS 0x0000000085700000| PB 0x0000000085700000| Untracked 
|   8|0x0000000085800000, 0x0000000085800000, 0x0000000085900000|  0%| F|  |TAMS 0x0000000085800000| PB 0x0000000085800000| Untracked 
|   9|0x0000000085900000, 0x0000000085900000, 0x0000000085a00000|  0%| F|  |TAMS 0x0000000085900000| PB 0x0000000085900000| Untracked 
|  10|0x0000000085a00000, 0x0000000085a00000, 0x0000000085b00000|  0%| F|  |TAMS 0x0000000085a00000| PB 0x0000000085a00000| Untracked 
|  11|0x0000000085b00000, 0x0000000085b00000, 0x0000000085c00000|  0%| F|  |TAMS 0x0000000085b00000| PB 0x0000000085b00000| Untracked 
|  12|0x0000000085c00000, 0x0000000085c00000, 0x0000000085d00000|  0%| F|  |TAMS 0x0000000085c00000| PB 0x0000000085c00000| Untracked 
|  13|0x0000000085d00000, 0x0000000085d00000, 0x0000000085e00000|  0%| F|  |TAMS 0x0000000085d00000| PB 0x0000000085d00000| Untracked 
|  14|0x0000000085e00000, 0x0000000085e00000, 0x0000000085f00000|  0%| F|  |TAMS 0x0000000085e00000| PB 0x0000000085e00000| Untracked 
|  15|0x0000000085f00000, 0x0000000085f00000, 0x0000000086000000|  0%| F|  |TAMS 0x0000000085f00000| PB 0x0000000085f00000| Untracked 
|  16|0x0000000086000000, 0x0000000086000000, 0x0000000086100000|  0%| F|  |TAMS 0x0000000086000000| PB 0x0000000086000000| Untracked 
|  17|0x0000000086100000, 0x0000000086100000, 0x0000000086200000|  0%| F|  |TAMS 0x0000000086100000| PB 0x0000000086100000| Untracked 
|  18|0x0000000086200000, 0x0000000086200000, 0x0000000086300000|  0%| F|  |TAMS 0x0000000086200000| PB 0x0000000086200000| Untracked 
|  19|0x0000000086300000, 0x0000000086300000, 0x0000000086400000|  0%| F|  |TAMS 0x0000000086300000| PB 0x0000000086300000| Untracked 
|  20|0x0000000086400000, 0x0000000086400000, 0x0000000086500000|  0%| F|  |TAMS 0x0000000086400000| PB 0x0000000086400000| Untracked 
|  21|0x0000000086500000, 0x0000000086500000, 0x0000000086600000|  0%| F|  |TAMS 0x0000000086500000| PB 0x0000000086500000| Untracked 
|  22|0x0000000086600000, 0x0000000086600000, 0x0000000086700000|  0%| F|  |TAMS 0x0000000086600000| PB 0x0000000086600000| Untracked 
|  23|0x0000000086700000, 0x0000000086700000, 0x0000000086800000|  0%| F|  |TAMS 0x0000000086700000| PB 0x0000000086700000| Untracked 
|  24|0x0000000086800000, 0x0000000086800000, 0x0000000086900000|  0%| F|  |TAMS 0x0000000086800000| PB 0x0000000086800000| Untracked 
|  25|0x0000000086900000, 0x0000000086900000, 0x0000000086a00000|  0%| F|  |TAMS 0x0000000086900000| PB 0x0000000086900000| Untracked 
|  26|0x0000000086a00000, 0x0000000086a00000, 0x0000000086b00000|  0%| F|  |TAMS 0x0000000086a00000| PB 0x0000000086a00000| Untracked 
|  27|0x0000000086b00000, 0x0000000086b00000, 0x0000000086c00000|  0%| F|  |TAMS 0x0000000086b00000| PB 0x0000000086b00000| Untracked 
|  28|0x0000000086c00000, 0x0000000086c00000, 0x0000000086d00000|  0%| F|  |TAMS 0x0000000086c00000| PB 0x0000000086c00000| Untracked 
|  29|0x0000000086d00000, 0x0000000086d00000, 0x0000000086e00000|  0%| F|  |TAMS 0x0000000086d00000| PB 0x0000000086d00000| Untracked 
|  30|0x0000000086e00000, 0x0000000086e00000, 0x0000000086f00000|  0%| F|  |TAMS 0x0000000086e00000| PB 0x0000000086e00000| Untracked 
|  31|0x0000000086f00000, 0x0000000086f00000, 0x0000000087000000|  0%| F|  |TAMS 0x0000000086f00000| PB 0x0000000086f00000| Untracked 
|  32|0x0000000087000000, 0x0000000087000000, 0x0000000087100000|  0%| F|  |TAMS 0x0000000087000000| PB 0x0000000087000000| Untracked 
|  33|0x0000000087100000, 0x0000000087100000, 0x0000000087200000|  0%| F|  |TAMS 0x0000000087100000| PB 0x0000000087100000| Untracked 
|  34|0x0000000087200000, 0x0000000087200000, 0x0000000087300000|  0%| F|  |TAMS 0x0000000087200000| PB 0x0000000087200000| Untracked 
|  35|0x0000000087300000, 0x0000000087300000, 0x0000000087400000|  0%| F|  |TAMS 0x0000000087300000| PB 0x0000000087300000| Untracked 
|  36|0x0000000087400000, 0x0000000087400000, 0x0000000087500000|  0%| F|  |TAMS 0x0000000087400000| PB 0x0000000087400000| Untracked 
|  37|0x0000000087500000, 0x0000000087500000, 0x0000000087600000|  0%| F|  |TAMS 0x0000000087500000| PB 0x0000000087500000| Untracked 
|  38|0x0000000087600000, 0x0000000087600000, 0x0000000087700000|  0%| F|  |TAMS 0x0000000087600000| PB 0x0000000087600000| Untracked 
|  39|0x0000000087700000, 0x0000000087700000, 0x0000000087800000|  0%| F|  |TAMS 0x0000000087700000| PB 0x0000000087700000| Untracked 
|  40|0x0000000087800000, 0x0000000087800000, 0x0000000087900000|  0%| F|  |TAMS 0x0000000087800000| PB 0x0000000087800000| Untracked 
|  41|0x0000000087900000, 0x0000000087900000, 0x0000000087a00000|  0%| F|  |TAMS 0x0000000087900000| PB 0x0000000087900000| Untracked 
|  42|0x0000000087a00000, 0x0000000087a00000, 0x0000000087b00000|  0%| F|  |TAMS 0x0000000087a00000| PB 0x0000000087a00000| Untracked 
|  43|0x0000000087b00000, 0x0000000087b00000, 0x0000000087c00000|  0%| F|  |TAMS 0x0000000087b00000| PB 0x0000000087b00000| Untracked 
|  44|0x0000000087c00000, 0x0000000087c00000, 0x0000000087d00000|  0%| F|  |TAMS 0x0000000087c00000| PB 0x0000000087c00000| Untracked 
|  45|0x0000000087d00000, 0x0000000087d00000, 0x0000000087e00000|  0%| F|  |TAMS 0x0000000087d00000| PB 0x0000000087d00000| Untracked 
|  46|0x0000000087e00000, 0x0000000087e00000, 0x0000000087f00000|  0%| F|  |TAMS 0x0000000087e00000| PB 0x0000000087e00000| Untracked 
|  47|0x0000000087f00000, 0x0000000087f00000, 0x0000000088000000|  0%| F|  |TAMS 0x0000000087f00000| PB 0x0000000087f00000| Untracked 
|  48|0x0000000088000000, 0x0000000088000000, 0x0000000088100000|  0%| F|  |TAMS 0x0000000088000000| PB 0x0000000088000000| Untracked 
|  49|0x0000000088100000, 0x0000000088100000, 0x0000000088200000|  0%| F|  |TAMS 0x0000000088100000| PB 0x0000000088100000| Untracked 
|  50|0x0000000088200000, 0x0000000088200000, 0x0000000088300000|  0%| F|  |TAMS 0x0000000088200000| PB 0x0000000088200000| Untracked 
|  51|0x0000000088300000, 0x0000000088300000, 0x0000000088400000|  0%| F|  |TAMS 0x0000000088300000| PB 0x0000000088300000| Untracked 
|  52|0x0000000088400000, 0x0000000088400000, 0x0000000088500000|  0%| F|  |TAMS 0x0000000088400000| PB 0x0000000088400000| Untracked 
|  53|0x0000000088500000, 0x0000000088500000, 0x0000000088600000|  0%| F|  |TAMS 0x0000000088500000| PB 0x0000000088500000| Untracked 
|  54|0x0000000088600000, 0x0000000088600000, 0x0000000088700000|  0%| F|  |TAMS 0x0000000088600000| PB 0x0000000088600000| Untracked 
|  55|0x0000000088700000, 0x0000000088700000, 0x0000000088800000|  0%| F|  |TAMS 0x0000000088700000| PB 0x0000000088700000| Untracked 
|  56|0x0000000088800000, 0x0000000088800000, 0x0000000088900000|  0%| F|  |TAMS 0x0000000088800000| PB 0x0000000088800000| Untracked 
|  57|0x0000000088900000, 0x0000000088900000, 0x0000000088a00000|  0%| F|  |TAMS 0x0000000088900000| PB 0x0000000088900000| Untracked 
|  58|0x0000000088a00000, 0x0000000088a00000, 0x0000000088b00000|  0%| F|  |TAMS 0x0000000088a00000| PB 0x0000000088a00000| Untracked 
|  59|0x0000000088b00000, 0x0000000088b00000, 0x0000000088c00000|  0%| F|  |TAMS 0x0000000088b00000| PB 0x0000000088b00000| Untracked 
|  60|0x0000000088c00000, 0x0000000088c00000, 0x0000000088d00000|  0%| F|  |TAMS 0x0000000088c00000| PB 0x0000000088c00000| Untracked 
|  61|0x0000000088d00000, 0x0000000088d00000, 0x0000000088e00000|  0%| F|  |TAMS 0x0000000088d00000| PB 0x0000000088d00000| Untracked 
|  62|0x0000000088e00000, 0x0000000088e00000, 0x0000000088f00000|  0%| F|  |TAMS 0x0000000088e00000| PB 0x0000000088e00000| Untracked 
|  63|0x0000000088f00000, 0x0000000088f00000, 0x0000000089000000|  0%| F|  |TAMS 0x0000000088f00000| PB 0x0000000088f00000| Untracked 
|  64|0x0000000089000000, 0x0000000089000000, 0x0000000089100000|  0%| F|  |TAMS 0x0000000089000000| PB 0x0000000089000000| Untracked 
|  65|0x0000000089100000, 0x0000000089100000, 0x0000000089200000|  0%| F|  |TAMS 0x0000000089100000| PB 0x0000000089100000| Untracked 
|  66|0x0000000089200000, 0x0000000089200000, 0x0000000089300000|  0%| F|  |TAMS 0x0000000089200000| PB 0x0000000089200000| Untracked 
|  67|0x0000000089300000, 0x0000000089300000, 0x0000000089400000|  0%| F|  |TAMS 0x0000000089300000| PB 0x0000000089300000| Untracked 
|  68|0x0000000089400000, 0x0000000089400000, 0x0000000089500000|  0%| F|  |TAMS 0x0000000089400000| PB 0x0000000089400000| Untracked 
|  69|0x0000000089500000, 0x0000000089500000, 0x0000000089600000|  0%| F|  |TAMS 0x0000000089500000| PB 0x0000000089500000| Untracked 
|  70|0x0000000089600000, 0x0000000089600000, 0x0000000089700000|  0%| F|  |TAMS 0x0000000089600000| PB 0x0000000089600000| Untracked 
|  71|0x0000000089700000, 0x0000000089700000, 0x0000000089800000|  0%| F|  |TAMS 0x0000000089700000| PB 0x0000000089700000| Untracked 
|  72|0x0000000089800000, 0x0000000089800000, 0x0000000089900000|  0%| F|  |TAMS 0x0000000089800000| PB 0x0000000089800000| Untracked 
|  73|0x0000000089900000, 0x0000000089900000, 0x0000000089a00000|  0%| F|  |TAMS 0x0000000089900000| PB 0x0000000089900000| Untracked 
|  74|0x0000000089a00000, 0x0000000089a00000, 0x0000000089b00000|  0%| F|  |TAMS 0x0000000089a00000| PB 0x0000000089a00000| Untracked 
|  75|0x0000000089b00000, 0x0000000089b00000, 0x0000000089c00000|  0%| F|  |TAMS 0x0000000089b00000| PB 0x0000000089b00000| Untracked 
|  76|0x0000000089c00000, 0x0000000089c00000, 0x0000000089d00000|  0%| F|  |TAMS 0x0000000089c00000| PB 0x0000000089c00000| Untracked 
|  77|0x0000000089d00000, 0x0000000089d00000, 0x0000000089e00000|  0%| F|  |TAMS 0x0000000089d00000| PB 0x0000000089d00000| Untracked 
|  78|0x0000000089e00000, 0x0000000089e00000, 0x0000000089f00000|  0%| F|  |TAMS 0x0000000089e00000| PB 0x0000000089e00000| Untracked 
|  79|0x0000000089f00000, 0x0000000089f00000, 0x000000008a000000|  0%| F|  |TAMS 0x0000000089f00000| PB 0x0000000089f00000| Untracked 
|  80|0x000000008a000000, 0x000000008a000000, 0x000000008a100000|  0%| F|  |TAMS 0x000000008a000000| PB 0x000000008a000000| Untracked 
|  81|0x000000008a100000, 0x000000008a100000, 0x000000008a200000|  0%| F|  |TAMS 0x000000008a100000| PB 0x000000008a100000| Untracked 
|  82|0x000000008a200000, 0x000000008a200000, 0x000000008a300000|  0%| F|  |TAMS 0x000000008a200000| PB 0x000000008a200000| Untracked 
|  83|0x000000008a300000, 0x000000008a300000, 0x000000008a400000|  0%| F|  |TAMS 0x000000008a300000| PB 0x000000008a300000| Untracked 
|  84|0x000000008a400000, 0x000000008a400000, 0x000000008a500000|  0%| F|  |TAMS 0x000000008a400000| PB 0x000000008a400000| Untracked 
|  85|0x000000008a500000, 0x000000008a500000, 0x000000008a600000|  0%| F|  |TAMS 0x000000008a500000| PB 0x000000008a500000| Untracked 
|  86|0x000000008a600000, 0x000000008a600000, 0x000000008a700000|  0%| F|  |TAMS 0x000000008a600000| PB 0x000000008a600000| Untracked 
|  87|0x000000008a700000, 0x000000008a700000, 0x000000008a800000|  0%| F|  |TAMS 0x000000008a700000| PB 0x000000008a700000| Untracked 
|  88|0x000000008a800000, 0x000000008a800000, 0x000000008a900000|  0%| F|  |TAMS 0x000000008a800000| PB 0x000000008a800000| Untracked 
|  89|0x000000008a900000, 0x000000008a900000, 0x000000008aa00000|  0%| F|  |TAMS 0x000000008a900000| PB 0x000000008a900000| Untracked 
|  90|0x000000008aa00000, 0x000000008aa00000, 0x000000008ab00000|  0%| F|  |TAMS 0x000000008aa00000| PB 0x000000008aa00000| Untracked 
|  91|0x000000008ab00000, 0x000000008ab00000, 0x000000008ac00000|  0%| F|  |TAMS 0x000000008ab00000| PB 0x000000008ab00000| Untracked 
|  92|0x000000008ac00000, 0x000000008ac00000, 0x000000008ad00000|  0%| F|  |TAMS 0x000000008ac00000| PB 0x000000008ac00000| Untracked 
|  93|0x000000008ad00000, 0x000000008ad00000, 0x000000008ae00000|  0%| F|  |TAMS 0x000000008ad00000| PB 0x000000008ad00000| Untracked 
|  94|0x000000008ae00000, 0x000000008ae00000, 0x000000008af00000|  0%| F|  |TAMS 0x000000008ae00000| PB 0x000000008ae00000| Untracked 
|  95|0x000000008af00000, 0x000000008af00000, 0x000000008b000000|  0%| F|  |TAMS 0x000000008af00000| PB 0x000000008af00000| Untracked 
|  96|0x000000008b000000, 0x000000008b000000, 0x000000008b100000|  0%| F|  |TAMS 0x000000008b000000| PB 0x000000008b000000| Untracked 
|  97|0x000000008b100000, 0x000000008b100000, 0x000000008b200000|  0%| F|  |TAMS 0x000000008b100000| PB 0x000000008b100000| Untracked 
|  98|0x000000008b200000, 0x000000008b200000, 0x000000008b300000|  0%| F|  |TAMS 0x000000008b200000| PB 0x000000008b200000| Untracked 
|  99|0x000000008b300000, 0x000000008b300000, 0x000000008b400000|  0%| F|  |TAMS 0x000000008b300000| PB 0x000000008b300000| Untracked 
| 100|0x000000008b400000, 0x000000008b400000, 0x000000008b500000|  0%| F|  |TAMS 0x000000008b400000| PB 0x000000008b400000| Untracked 
| 101|0x000000008b500000, 0x000000008b500000, 0x000000008b600000|  0%| F|  |TAMS 0x000000008b500000| PB 0x000000008b500000| Untracked 
| 102|0x000000008b600000, 0x000000008b600000, 0x000000008b700000|  0%| F|  |TAMS 0x000000008b600000| PB 0x000000008b600000| Untracked 
| 103|0x000000008b700000, 0x000000008b700000, 0x000000008b800000|  0%| F|  |TAMS 0x000000008b700000| PB 0x000000008b700000| Untracked 
| 104|0x000000008b800000, 0x000000008b800000, 0x000000008b900000|  0%| F|  |TAMS 0x000000008b800000| PB 0x000000008b800000| Untracked 
| 105|0x000000008b900000, 0x000000008b900000, 0x000000008ba00000|  0%| F|  |TAMS 0x000000008b900000| PB 0x000000008b900000| Untracked 
| 106|0x000000008ba00000, 0x000000008ba00000, 0x000000008bb00000|  0%| F|  |TAMS 0x000000008ba00000| PB 0x000000008ba00000| Untracked 
| 107|0x000000008bb00000, 0x000000008bb00000, 0x000000008bc00000|  0%| F|  |TAMS 0x000000008bb00000| PB 0x000000008bb00000| Untracked 
| 108|0x000000008bc00000, 0x000000008bc00000, 0x000000008bd00000|  0%| F|  |TAMS 0x000000008bc00000| PB 0x000000008bc00000| Untracked 
| 109|0x000000008bd00000, 0x000000008bd00000, 0x000000008be00000|  0%| F|  |TAMS 0x000000008bd00000| PB 0x000000008bd00000| Untracked 
| 110|0x000000008be00000, 0x000000008be00000, 0x000000008bf00000|  0%| F|  |TAMS 0x000000008be00000| PB 0x000000008be00000| Untracked 
| 111|0x000000008bf00000, 0x000000008bf00000, 0x000000008c000000|  0%| F|  |TAMS 0x000000008bf00000| PB 0x000000008bf00000| Untracked 
| 112|0x000000008c000000, 0x000000008c000000, 0x000000008c100000|  0%| F|  |TAMS 0x000000008c000000| PB 0x000000008c000000| Untracked 
| 113|0x000000008c100000, 0x000000008c100000, 0x000000008c200000|  0%| F|  |TAMS 0x000000008c100000| PB 0x000000008c100000| Untracked 
| 114|0x000000008c200000, 0x000000008c200000, 0x000000008c300000|  0%| F|  |TAMS 0x000000008c200000| PB 0x000000008c200000| Untracked 
| 115|0x000000008c300000, 0x000000008c300000, 0x000000008c400000|  0%| F|  |TAMS 0x000000008c300000| PB 0x000000008c300000| Untracked 
| 116|0x000000008c400000, 0x000000008c400000, 0x000000008c500000|  0%| F|  |TAMS 0x000000008c400000| PB 0x000000008c400000| Untracked 
| 117|0x000000008c500000, 0x000000008c5765b8, 0x000000008c600000| 46%| E|  |TAMS 0x000000008c500000| PB 0x000000008c500000| Complete 
| 118|0x000000008c600000, 0x000000008c700000, 0x000000008c700000|100%| E|CS|TAMS 0x000000008c600000| PB 0x000000008c600000| Complete 
| 119|0x000000008c700000, 0x000000008c800000, 0x000000008c800000|100%| E|CS|TAMS 0x000000008c700000| PB 0x000000008c700000| Complete 
| 120|0x000000008c800000, 0x000000008c900000, 0x000000008c900000|100%| E|CS|TAMS 0x000000008c800000| PB 0x000000008c800000| Complete 
| 121|0x000000008c900000, 0x000000008ca00000, 0x000000008ca00000|100%| E|CS|TAMS 0x000000008c900000| PB 0x000000008c900000| Complete 
| 122|0x000000008ca00000, 0x000000008cb00000, 0x000000008cb00000|100%| E|CS|TAMS 0x000000008ca00000| PB 0x000000008ca00000| Complete 
| 123|0x000000008cb00000, 0x000000008cc00000, 0x000000008cc00000|100%| E|CS|TAMS 0x000000008cb00000| PB 0x000000008cb00000| Complete 

Card table byte_map: [0x000002247e300000,0x000002247e6e0000] _byte_map_base: 0x000002247ded8000

Marking Bits: (CMBitMap*) 0x000002247db8d370
 Bits: [0x0000022416ff0000, 0x0000022418eb0000)

Polling page: 0x000002247baf0000

Metaspace:

Usage:
  Non-class:     11.79 MB used.
      Class:      1.28 MB used.
       Both:     13.07 MB used.

Virtual space:
  Non-class space:       64.00 MB reserved,      11.88 MB ( 19%) committed,  1 nodes.
      Class space:        1.00 GB reserved,       1.38 MB ( <1%) committed,  1 nodes.
             Both:        1.06 GB reserved,      13.25 MB (  1%) committed. 

Chunk freelists:
   Non-Class:  81.00 KB
       Class:  2.62 MB
        Both:  2.70 MB

MaxMetaspaceSize: unlimited
CompressedClassSpaceSize: 1.00 GB
Initial GC threshold: 21.00 MB
Current GC threshold: 21.00 MB
CDS: off
MetaspaceReclaimPolicy: balanced
 - commit_granule_bytes: 65536.
 - commit_granule_words: 8192.
 - virtual_space_node_default_size: 8388608.
 - enlarge_chunks_in_place: 1.
 - new_chunks_are_fully_committed: 0.
 - uncommit_free_chunks: 1.
 - use_allocation_guard: 0.


Internal statistics:

num_allocs_failed_limit: 0.
num_arena_births: 116.
num_arena_deaths: 0.
num_vsnodes_births: 2.
num_vsnodes_deaths: 0.
num_space_committed: 212.
num_space_uncommitted: 0.
num_chunks_returned_to_freelist: 0.
num_chunks_taken_from_freelist: 187.
num_chunk_merges: 0.
num_chunk_splits: 90.
num_chunks_enlarged: 17.
num_inconsistent_stats: 0.

CodeHeap 'non-profiled nmethods': size=120000Kb used=192Kb max_used=192Kb free=119807Kb
 bounds [0x000002240fac0000, 0x000002240fd30000, 0x0000022416ff0000]
CodeHeap 'profiled nmethods': size=120000Kb used=930Kb max_used=930Kb free=119070Kb
 bounds [0x0000022407ff0000, 0x0000022408260000, 0x000002240f520000]
CodeHeap 'non-nmethods': size=5760Kb used=1607Kb max_used=1623Kb free=4152Kb
 bounds [0x000002240f520000, 0x000002240f790000, 0x000002240fac0000]
 total_blobs=1166 nmethods=646 adapters=431
 compilation: enabled
              stopped_count=0, restarted_count=0
 full_count=0

Compilation events (20 events):
Event: 0.584 Thread 0x000002241f075e40  635       3       java.util.regex.Matcher::start (9 bytes)
Event: 0.584 Thread 0x000002241f075e40 nmethod 635 0x00000224080d4c10 code [0x00000224080d4dc0, 0x00000224080d50e0]
Event: 0.584 Thread 0x000002241f075e40  636       3       java.util.regex.Matcher::end (9 bytes)
Event: 0.585 Thread 0x000002241f075e40 nmethod 636 0x00000224080d5210 code [0x00000224080d53c0, 0x00000224080d56e0]
Event: 0.585 Thread 0x000002241f075e40  637       3       java.util.regex.Matcher::find (69 bytes)
Event: 0.585 Thread 0x000002241f075e40 nmethod 637 0x00000224080d5810 code [0x00000224080d59c0, 0x00000224080d5cb8]
Event: 0.585 Thread 0x000002241f075e40  640       3       java.lang.String::subSequence (7 bytes)
Event: 0.585 Thread 0x000002241f075e40 nmethod 640 0x00000224080d5d90 code [0x00000224080d5f20, 0x00000224080d6058]
Event: 0.585 Thread 0x000002241f075e40  639       3       java.util.regex.Pattern$LastNode::match (45 bytes)
Event: 0.585 Thread 0x000002241f075e40 nmethod 639 0x00000224080d6110 code [0x00000224080d62a0, 0x00000224080d64b8]
Event: 0.586 Thread 0x000002241f075e40  643       3       java.util.ImmutableCollections$SetN::<init> (90 bytes)
Event: 0.587 Thread 0x000002241f075e40 nmethod 643 0x00000224080d6610 code [0x00000224080d68a0, 0x00000224080d7588]
Event: 0.589 Thread 0x000002241f06ae10 nmethod 641 0x000002240faee790 code [0x000002240faee940, 0x000002240faeed80]
Event: 0.589 Thread 0x000002241f06ae10  642       4       java.util.regex.Matcher::search (154 bytes)
Event: 0.590 Thread 0x000002241f075e40  644       3       jdk.internal.ref.CleanerImpl::getCleanerImpl (13 bytes)
Event: 0.590 Thread 0x000002241f075e40 nmethod 644 0x00000224080d7a90 code [0x00000224080d7c20, 0x00000224080d7ec0]
Event: 0.591 Thread 0x000002241f075e40  645       3       java.lang.ref.Cleaner$1::apply (9 bytes)
Event: 0.591 Thread 0x000002241f075e40 nmethod 645 0x00000224080d7f90 code [0x00000224080d8120, 0x00000224080d8388]
Event: 0.591 Thread 0x000002241f075e40  646       3       java.lang.ref.Cleaner$1::apply (5 bytes)
Event: 0.591 Thread 0x000002241f075e40 nmethod 646 0x00000224080d8490 code [0x00000224080d8620, 0x00000224080d8738]

GC Heap History (0 events):
No events

Dll operation events (7 events):
Event: 0.009 Loaded shared library C:\Program Files\Java\jdk-20\bin\java.dll
Event: 0.046 Loaded shared library C:\Program Files\Java\jdk-20\bin\jsvml.dll
Event: 0.189 Loaded shared library C:\Program Files\Java\jdk-20\bin\net.dll
Event: 0.192 Loaded shared library C:\Program Files\Java\jdk-20\bin\nio.dll
Event: 0.260 Loaded shared library C:\Program Files\Java\jdk-20\bin\jimage.dll
Event: 0.296 Loaded shared library C:\Program Files\Java\jdk-20\bin\awt.dll
Event: 0.569 Loaded shared library C:\Program Files\Java\jdk-20\bin\zip.dll

Deoptimization events (4 events):
Event: 0.426 Thread 0x000002247db2db80 Uncommon trap: trap_request=0xffffff45 fr.pc=0x000002240fad0600 relative=0x0000000000000a00
Event: 0.426 Thread 0x000002247db2db80 Uncommon trap: reason=unstable_if action=reinterpret pc=0x000002240fad0600 method=java.util.HashMap.putVal(ILjava/lang/Object;Ljava/lang/Object;ZZ)Ljava/lang/Object; @ 81 c2
Event: 0.426 Thread 0x000002247db2db80 DEOPT PACKING pc=0x000002240fad0600 sp=0x000000bc974fdfd0
Event: 0.426 Thread 0x000002247db2db80 DEOPT UNPACKING pc=0x000002240f53d2a2 sp=0x000000bc974fdf80 mode 2

Classes loaded (20 events):
Event: 0.589 Loading class sun/util/locale/provider/CalendarDataUtility$CalendarWeekParameterGetter
Event: 0.589 Loading class sun/util/locale/provider/LocaleServiceProviderPool$LocalizedObjectGetter
Event: 0.589 Loading class sun/util/locale/provider/LocaleServiceProviderPool$LocalizedObjectGetter done
Event: 0.589 Loading class sun/util/locale/provider/CalendarDataUtility$CalendarWeekParameterGetter done
Event: 0.590 Loading class java/util/ResourceBundle$NoFallbackControl
Event: 0.590 Loading class java/util/ResourceBundle$SingleFormatControl
Event: 0.590 Loading class java/util/ResourceBundle$SingleFormatControl done
Event: 0.590 Loading class java/util/ResourceBundle$NoFallbackControl done
Event: 0.590 Loading class sun/util/cldr/CLDRCalendarDataProviderImpl
Event: 0.590 Loading class sun/util/locale/provider/CalendarDataProviderImpl
Event: 0.590 Loading class sun/util/locale/provider/CalendarDataProviderImpl done
Event: 0.590 Loading class sun/util/cldr/CLDRCalendarDataProviderImpl done
Event: 0.591 Loading class java/util/function/IntFunction
Event: 0.591 Loading class java/util/function/IntFunction done
Event: 0.591 Loading class java/util/stream/Nodes
Event: 0.592 Loading class java/util/stream/Nodes done
Event: 0.592 Loading class java/util/stream/Nodes$EmptyNode$OfRef
Event: 0.592 Loading class java/util/stream/Nodes$EmptyNode
Event: 0.592 Loading class java/util/stream/Node
Event: 0.593 Loading class java/util/stream/Node done

Classes unloaded (0 events):
No events

Classes redefined (0 events):
No events

Internal exceptions (12 events):
Event: 0.194 Thread 0x000002247db2db80 Exception <a 'sun/nio/fs/WindowsException'{0x000000008ca5d568}> (0x000000008ca5d568) 
thrown [s\open\src\hotspot\share\prims\jni.cpp, line 519]
Event: 0.197 Thread 0x000002247db2db80 Exception <a 'sun/nio/fs/WindowsException'{0x000000008ca5f970}> (0x000000008ca5f970) 
thrown [s\open\src\hotspot\share\prims\jni.cpp, line 519]
Event: 0.197 Thread 0x000002247db2db80 Exception <a 'sun/nio/fs/WindowsException'{0x000000008ca60880}> (0x000000008ca60880) 
thrown [s\open\src\hotspot\share\prims\jni.cpp, line 519]
Event: 0.277 Thread 0x000002247db2db80 Exception <a 'java/lang/ClassNotFoundException'{0x000000008c988480}: sun/awt/resources/spi/awtProvider> (0x000000008c988480) 
thrown [s\open\src\hotspot\share\classfile\systemDictionary.cpp, line 305]
Event: 0.317 Thread 0x000002247db2db80 Exception <a 'java/io/FileNotFoundException'{0x000000008c9e1580}> (0x000000008c9e1580) 
thrown [s\open\src\hotspot\share\prims\jni.cpp, line 519]
Event: 0.329 Thread 0x000002247db2db80 Exception <a 'java/io/FileNotFoundException'{0x000000008c80bcd8}> (0x000000008c80bcd8) 
thrown [s\open\src\hotspot\share\prims\jni.cpp, line 519]
Event: 0.428 Thread 0x000002247db2db80 Exception <a 'java/lang/NoSuchMethodError'{0x000000008c730e88}: 'void java.lang.invoke.DirectMethodHandle$Holder.invokeSpecial(java.lang.Object, java.lang.Object, java.lang.Object)'> (0x000000008c730e88) 
thrown [s\open\src\hotspot\share\interpreter\linkResolver.cpp, line 773]
Event: 0.438 Thread 0x000002247db2db80 Exception <a 'java/lang/NoSuchMethodError'{0x000000008c75b430}: 'java.lang.Object java.lang.invoke.DirectMethodHandle$Holder.newInvokeSpecial(java.lang.Object, java.lang.Object, java.lang.Object, java.lang.Object, java.lang.Object)'> (0x000000008c75b430) 
thrown [s\open\src\hotspot\share\interpreter\linkResolver.cpp, line 773]
Event: 0.444 Thread 0x000002247db2db80 Exception <a 'java/lang/NoSuchMethodError'{0x000000008c78bf20}: 'java.lang.Object java.lang.invoke.DirectMethodHandle$Holder.invokeStatic(java.lang.Object, int, java.lang.Object)'> (0x000000008c78bf20) 
thrown [s\open\src\hotspot\share\interpreter\linkResolver.cpp, line 773]
Event: 0.475 Thread 0x000002247db2db80 Exception <a 'java/lang/ClassNotFoundException'{0x000000008c6479c8}: com/sun/swing/internal/plaf/metal/resources/spi/metalProvider> (0x000000008c6479c8) 
thrown [s\open\src\hotspot\share\classfile\systemDictionary.cpp, line 305]
Event: 0.477 Thread 0x000002247db2db80 Exception <a 'java/lang/ClassNotFoundException'{0x000000008c64b928}: com/sun/swing/internal/plaf/basic/resources/spi/basicProvider> (0x000000008c64b928) 
thrown [s\open\src\hotspot\share\classfile\systemDictionary.cpp, line 305]
Event: 0.489 Thread 0x000002247db2db80 Exception <a 'java/lang/NoSuchMethodError'{0x000000008c66abe0}: 'int java.lang.invoke.Invokers$Holder.invokeExact_MT(java.lang.Object, java.lang.Object)'> (0x000000008c66abe0) 
thrown [s\open\src\hotspot\share\interpreter\linkResolver.cpp, line 773]

VM Operations (6 events):
Event: 0.200 Executing VM operation: HandshakeAllThreads
Event: 0.200 Executing VM operation: HandshakeAllThreads done
Event: 0.347 Executing VM operation: HandshakeAllThreads
Event: 0.347 Executing VM operation: HandshakeAllThreads done
Event: 0.511 Executing VM operation: HandshakeAllThreads
Event: 0.511 Executing VM operation: HandshakeAllThreads done

Events (15 events):
Event: 0.046 Thread 0x000002247db2db80 Thread added: 0x000002247db2db80
Event: 0.075 Thread 0x000002241f01e4c0 Thread added: 0x000002241f01e4c0
Event: 0.075 Thread 0x000002241f01ee60 Thread added: 0x000002241f01ee60
Event: 0.076 Thread 0x000002241f020280 Thread added: 0x000002241f020280
Event: 0.076 Thread 0x000002241f0218d0 Thread added: 0x000002241f0218d0
Event: 0.076 Thread 0x000002241f021e20 Thread added: 0x000002241f021e20
Event: 0.076 Thread 0x000002241f068580 Thread added: 0x000002241f068580
Event: 0.076 Thread 0x000002241f06ae10 Thread added: 0x000002241f06ae10
Event: 0.076 Thread 0x000002241f075e40 Thread added: 0x000002241f075e40
Event: 0.143 Thread 0x000002241f1a8bb0 Thread added: 0x000002241f1a8bb0
Event: 0.225 Thread 0x000002241f30e970 Thread added: 0x000002241f30e970
Event: 0.391 Thread 0x000002241f3ded70 Thread added: 0x000002241f3ded70
Event: 0.392 Thread 0x000002241f3df2c0 Thread added: 0x000002241f3df2c0
Event: 0.393 Thread 0x000002241f3dfa30 Thread added: 0x000002241f3dfa30
Event: 0.527 Thread 0x000002241f5fc020 Thread added: 0x000002241f5fc020


Dynamic libraries:
0x00007ff674bc0000 - 0x00007ff674bd0000 	C:\Program Files\Java\jdk-20\bin\java.exe
0x00007ffa1c650000 - 0x00007ffa1c867000 	C:\WINDOWS\SYSTEM32\ntdll.dll
0x00007ffa1b020000 - 0x00007ffa1b0e4000 	C:\WINDOWS\System32\KERNEL32.DLL
0x00007ffa19f20000 - 0x00007ffa1a2cd000 	C:\WINDOWS\System32\KERNELBASE.dll
0x00007ffa19bc0000 - 0x00007ffa19cd1000 	C:\WINDOWS\System32\ucrtbase.dll
0x00007ffa0d600000 - 0x00007ffa0d61b000 	C:\Program Files\Java\jdk-20\bin\VCRUNTIME140.dll
0x00007ffa0ccf0000 - 0x00007ffa0cd09000 	C:\Program Files\Java\jdk-20\bin\jli.dll
0x00007ffa1c380000 - 0x00007ffa1c432000 	C:\WINDOWS\System32\ADVAPI32.dll
0x00007ffa1acb0000 - 0x00007ffa1ad57000 	C:\WINDOWS\System32\msvcrt.dll
0x00007ffa1a400000 - 0x00007ffa1a4a9000 	C:\WINDOWS\System32\sechost.dll
0x00007ffa19e50000 - 0x00007ffa19e78000 	C:\WINDOWS\System32\bcrypt.dll
0x00007ffa1a670000 - 0x00007ffa1a784000 	C:\WINDOWS\System32\RPCRT4.dll
0x00007ffa1ab00000 - 0x00007ffa1acae000 	C:\WINDOWS\System32\USER32.dll
0x00007ffa1a2d0000 - 0x00007ffa1a2f6000 	C:\WINDOWS\System32\win32u.dll
0x00007ffa1b100000 - 0x00007ffa1b129000 	C:\WINDOWS\System32\GDI32.dll
0x00007ffa07cd0000 - 0x00007ffa07f63000 	C:\WINDOWS\WinSxS\amd64_microsoft.windows.common-controls_6595b64144ccf1df_6.0.22621.3672_none_2713b9d173822955\COMCTL32.dll
0x00007ffa199e0000 - 0x00007ffa19af9000 	C:\WINDOWS\System32\gdi32full.dll
0x00007ffa19e80000 - 0x00007ffa19f1a000 	C:\WINDOWS\System32\msvcp_win.dll
0x00007ffa18640000 - 0x00007ffa1864a000 	C:\WINDOWS\SYSTEM32\VERSION.dll
0x00007ffa1b180000 - 0x00007ffa1b1b1000 	C:\WINDOWS\System32\IMM32.DLL
0x00007ffa0d2d0000 - 0x00007ffa0d2dc000 	C:\Program Files\Java\jdk-20\bin\vcruntime140_1.dll
0x00007ff9e1780000 - 0x00007ff9e180e000 	C:\Program Files\Java\jdk-20\bin\msvcp140.dll
0x00007ff980d10000 - 0x00007ff9819a7000 	C:\Program Files\Java\jdk-20\bin\server\jvm.dll
0x00007ffa10890000 - 0x00007ffa108c4000 	C:\WINDOWS\SYSTEM32\WINMM.dll
0x00007ffa12460000 - 0x00007ffa12469000 	C:\WINDOWS\SYSTEM32\WSOCK32.dll
0x00007ffa1a380000 - 0x00007ffa1a3f1000 	C:\WINDOWS\System32\WS2_32.dll
0x00007ffa189a0000 - 0x00007ffa189b8000 	C:\WINDOWS\SYSTEM32\kernel.appcore.dll
0x00007ffa0d2b0000 - 0x00007ffa0d2ba000 	C:\Program Files\Java\jdk-20\bin\jimage.dll
0x00007ffa16c90000 - 0x00007ffa16ec2000 	C:\WINDOWS\SYSTEM32\DBGHELP.DLL
0x00007ffa1bf30000 - 0x00007ffa1c2bd000 	C:\WINDOWS\System32\combase.dll
0x00007ffa1a7b0000 - 0x00007ffa1a887000 	C:\WINDOWS\System32\OLEAUT32.dll
0x00007ffa0ef20000 - 0x00007ffa0ef52000 	C:\WINDOWS\SYSTEM32\dbgcore.DLL
0x00007ffa1a300000 - 0x00007ffa1a37b000 	C:\WINDOWS\System32\bcryptPrimitives.dll
0x00007ff9f4900000 - 0x00007ff9f4926000 	C:\Program Files\Java\jdk-20\bin\java.dll
0x00007ff9cdaf0000 - 0x00007ff9cdbc7000 	C:\Program Files\Java\jdk-20\bin\jsvml.dll
0x00007ffa1b640000 - 0x00007ffa1bea8000 	C:\WINDOWS\System32\SHELL32.dll
0x00007ffa17cc0000 - 0x00007ffa185be000 	C:\WINDOWS\SYSTEM32\windows.storage.dll
0x00007ffa17b80000 - 0x00007ffa17cbf000 	C:\WINDOWS\SYSTEM32\wintypes.dll
0x00007ffa1a4b0000 - 0x00007ffa1a5a9000 	C:\WINDOWS\System32\SHCORE.dll
0x00007ffa1a610000 - 0x00007ffa1a66e000 	C:\WINDOWS\System32\shlwapi.dll
0x00007ffa198a0000 - 0x00007ffa198c1000 	C:\WINDOWS\SYSTEM32\profapi.dll
0x00007ff9f4d20000 - 0x00007ff9f4d33000 	C:\Program Files\Java\jdk-20\bin\net.dll
0x00007ffa11860000 - 0x00007ffa11996000 	C:\WINDOWS\SYSTEM32\WINHTTP.dll
0x00007ffa18e10000 - 0x00007ffa18e79000 	C:\WINDOWS\system32\mswsock.dll
0x00007ff9e2930000 - 0x00007ff9e2946000 	C:\Program Files\Java\jdk-20\bin\nio.dll
0x00007ff9cceb0000 - 0x00007ff9cd041000 	C:\Program Files\Java\jdk-20\bin\awt.dll
0x00007ffa10eb0000 - 0x00007ffa10f47000 	C:\WINDOWS\SYSTEM32\apphelp.dll
0x00007ffa16ba0000 - 0x00007ffa16bcb000 	C:\WINDOWS\system32\DWMAPI.DLL
0x00007ffa16730000 - 0x00007ffa167e0000 	C:\WINDOWS\system32\uxtheme.dll
0x00007ff9ebab0000 - 0x00007ff9ebbb0000 	C:\WINDOWS\system32\opengl32.dll
0x00007ffa058c0000 - 0x00007ffa058ed000 	C:\WINDOWS\SYSTEM32\GLU32.dll
0x00007ffa16820000 - 0x00007ffa16857000 	C:\WINDOWS\SYSTEM32\dxcore.dll
0x00007ffa1a9a0000 - 0x00007ffa1aafb000 	C:\WINDOWS\System32\MSCTF.dll
0x00007ffa1c460000 - 0x00007ffa1c605000 	C:\WINDOWS\System32\ole32.dll
0x00007ff9e2680000 - 0x00007ff9e2698000 	C:\Program Files\Java\jdk-20\bin\zip.dll

dbghelp: loaded successfully - version: 4.0.5 - missing functions: none
symbol engine: initialized successfully - sym options: 0x614 - pdb path: .;C:\Program Files\Java\jdk-20\bin;C:\WINDOWS\SYSTEM32;C:\WINDOWS\WinSxS\amd64_microsoft.windows.common-controls_6595b64144ccf1df_6.0.22621.3672_none_2713b9d173822955;C:\Program Files\Java\jdk-20\bin\server

VM Arguments:
jvm_args: -Dfile.encoding=UTF-8 --module-path=C:\Users\Pratiksha\Desktop\University Management System\build\classes 
java_command: university.management.system.Login
java_class_path (initial): C:\Users\Pratiksha\Desktop\University Management System\build\classes
Launcher Type: SUN_STANDARD

[Global flags]
     intx CICompilerCount                          = 4                                         {product} {ergonomic}
     uint ConcGCThreads                            = 2                                         {product} {ergonomic}
     uint G1ConcRefinementThreads                  = 8                                         {product} {ergonomic}
   size_t G1HeapRegionSize                         = 1048576                                   {product} {ergonomic}
    uintx GCDrainStackTargetSize                   = 64                                        {product} {ergonomic}
   size_t InitialHeapSize                          = 130023424                                 {product} {ergonomic}
   size_t MarkStackSize                            = 4194304                                   {product} {ergonomic}
   size_t MaxHeapSize                              = 2063597568                                {product} {ergonomic}
   size_t MaxNewSize                               = 1237319680                                {product} {ergonomic}
   size_t MinHeapDeltaBytes                        = 1048576                                   {product} {ergonomic}
   size_t MinHeapSize                              = 8388608                                   {product} {ergonomic}
    uintx NonNMethodCodeHeapSize                   = 5839372                                {pd product} {ergonomic}
    uintx NonProfiledCodeHeapSize                  = 122909434                              {pd product} {ergonomic}
    uintx ProfiledCodeHeapSize                     = 122909434                              {pd product} {ergonomic}
    uintx ReservedCodeCacheSize                    = 251658240                              {pd product} {ergonomic}
     bool SegmentedCodeCache                       = true                                      {product} {ergonomic}
   size_t SoftMaxHeapSize                          = 2063597568                             {manageable} {ergonomic}
     bool UseCompressedClassPointers               = true                           {product lp64_product} {ergonomic}
     bool UseCompressedOops                        = true                           {product lp64_product} {ergonomic}
     bool UseG1GC                                  = true                                      {product} {ergonomic}
     bool UseLargePagesIndividualAllocation        = false                                  {pd product} {ergonomic}

Logging:
Log output configuration:
 #0: stdout all=warning uptime,level,tags foldmultilines=false
 #1: stderr all=off uptime,level,tags foldmultilines=false

Environment Variables:
JAVA_HOME=C:\Program Files\Java\jdk-18.0.1.1
PATH=C:\Python312\Scripts\;C:\Python312\;C:\Program Files\Common Files\Oracle\Java\javapath;C:\WINDOWS\system32;C:\WINDOWS;C:\WINDOWS\System32\Wbem;C:\WINDOWS\System32\WindowsPowerShell\v1.0\;C:\WINDOWS\System32\OpenSSH\;C:\Program Files\Microsoft SQL Server\Client SDK\ODBC\170\Tools\Binn\;C:\Program Files (x86)\Microsoft SQL Server\150\Tools\Binn\;C:\Program Files\Microsoft SQL Server\150\Tools\Binn\;C:\Program Files\Microsoft SQL Server\150\DTS\Binn\;C:\Program Files\MySQL\MySQL Server 8.0\bin;C:\Program Files\Java\jdk-18.0.1.1\bin;C:\MinGW\bin;C:\Program Files\MySQL\MySQL Server 8.0\bin;C:\ProgramData\chocolatey\bin;C:\Program Files\;C:\Program Files\Git\cmd;C:\Users\Pratiksha\AppData\Local\Programs\Python\Python39\Scripts\;C:\Users\Pratiksha\AppData\Local\Programs\Python\Python39\;C:\Program Files\MySQL\MySQL Shell 8.0\bin\;C:\Users\Pratiksha\AppData\Local\Microsoft\WindowsApps;C:\Users\Pratiksha\AppData\Local\Programs\Microsoft VS Code\bin;C:\xampp\mysql\bin;C:\Users\Pratiksha\AppData\Local\JetBrains\IntelliJ IDEA Community Edition 2023.2.4\bin;;C:\Users\Pratiksha\AppData\Roaming\npm;C:\Users\Pratiksha\PyCharm Community Edition 2023.3.3\bin;;C:\Users\Pratiksha\AppData\Local\Programs\Python\Python312\Scripts;C:\Users\Pratiksha\AppData\Local\GitHubDesktop\bin
USERNAME=Pratiksha
OS=Windows_NT
PROCESSOR_IDENTIFIER=Intel64 Family 6 Model 140 Stepping 1, GenuineIntel
TMP=C:\Users\PRATIK~1\AppData\Local\Temp
TEMP=C:\Users\PRATIK~1\AppData\Local\Temp




---------------  S Y S T E M  ---------------

OS:
 Windows 11 , 64 bit Build 22621 (10.0.22621.3958)
OS uptime: 7 days 7:32 hours

CPU: total 8 (initial active 8) (4 cores per cpu, 2 threads per core) family 6 model 140 stepping 1 microcode 0x86, cx8, cmov, fxsr, ht, mmx, 3dnowpref, sse, sse2, sse3, ssse3, sse4.1, sse4.2, popcnt, lzcnt, tsc, tscinvbit, avx, avx2, aes, erms, clmul, bmi1, bmi2, adx, avx512f, avx512dq, avx512cd, avx512bw, avx512vl, sha, fma, vzeroupper, avx512_vpopcntdq, avx512_vpclmulqdq, avx512_vaes, avx512_vnni, clflush, clflushopt, clwb, avx512_vbmi2, avx512_vbmi, rdtscp, rdpid, fsrm, gfni, avx512_bitalg, f16c, pku, cet_ibt, cet_ss, avx512_ifma

Memory: 4k page, system-wide physical 7871M (592M free)
TotalPageFile size 32447M (AvailPageFile size 3M)
current process WorkingSet (physical memory assigned to process): 50M, peak: 50M
current process commit charge ("private bytes"): 211M, peak: 211M

vm_info: Java HotSpot(TM) 64-Bit Server VM (20.0.1+9-29) for windows-amd64 JRE (20.0.1+9-29), built on 2023-03-07T13:56:11Z by "mach5one" with MS VC++ 17.1 (VS2022)

END.
